[0.058s] Invoking command in '/home/shashank/Workspaces/ros2_py_ws/build/udemy_ros2_pkg': CMAKE_PREFIX_PATH=/opt/ros/humble /usr/bin/cmake --build /home/shashank/Workspaces/ros2_py_ws/build/udemy_ros2_pkg -- -j2 -l2
[0.279s] [  9%] Built target udemy_ros2_pkg__rosidl_generator_c
[0.328s] [ 12%] Built target udemy_ros2_pkg__cpp
[0.375s] [ 12%] Built target ament_cmake_python_symlink_udemy_ros2_pkg
[0.439s] [ 22%] Built target udemy_ros2_pkg__rosidl_typesupport_cpp
[0.452s] [ 22%] Built target ament_cmake_python_symlink_scripts
[0.506s] [ 32%] Built target udemy_ros2_pkg__rosidl_typesupport_fastrtps_c
[0.529s] [ 41%] Built target udemy_ros2_pkg__rosidl_typesupport_introspection_c
[0.613s] [ 51%] Built target udemy_ros2_pkg__rosidl_typesupport_c
[0.666s] [ 61%] Built target udemy_ros2_pkg__rosidl_typesupport_fastrtps_cpp
[0.689s] [ 70%] Built target udemy_ros2_pkg__rosidl_typesupport_introspection_cpp
[1.707s] running egg_info
[1.709s] writing udemy_ros2_pkg.egg-info/PKG-INFO
[1.709s] writing dependency_links to udemy_ros2_pkg.egg-info/dependency_links.txt
[1.711s] writing top-level names to udemy_ros2_pkg.egg-info/top_level.txt
[1.717s] reading manifest file 'udemy_ros2_pkg.egg-info/SOURCES.txt'
[1.718s] writing manifest file 'udemy_ros2_pkg.egg-info/SOURCES.txt'
[1.745s] running egg_info
[1.751s] writing scripts.egg-info/PKG-INFO
[1.753s] writing dependency_links to scripts.egg-info/dependency_links.txt
[1.765s] writing top-level names to scripts.egg-info/top_level.txt
[1.775s] reading manifest file 'scripts.egg-info/SOURCES.txt'
[1.780s] writing manifest file 'scripts.egg-info/SOURCES.txt'
[1.882s] [ 70%] Built target ament_cmake_python_build_udemy_ros2_pkg_egg
[1.889s] [ 70%] Built target ament_cmake_python_build_scripts_egg
[1.936s] [ 70%] Built target udemy_ros2_pkg
[1.995s] [ 74%] Built target udemy_ros2_pkg__py
[2.082s] [ 80%] Built target udemy_ros2_pkg__rosidl_generator_py
[2.159s] [ 87%] Built target udemy_ros2_pkg__rosidl_typesupport_fastrtps_c__pyext
[2.178s] [ 93%] Built target udemy_ros2_pkg__rosidl_typesupport_introspection_c__pyext
[2.229s] [100%] Built target udemy_ros2_pkg__rosidl_typesupport_c__pyext
[2.269s] Invoked command in '/home/shashank/Workspaces/ros2_py_ws/build/udemy_ros2_pkg' returned '0': CMAKE_PREFIX_PATH=/opt/ros/humble /usr/bin/cmake --build /home/shashank/Workspaces/ros2_py_ws/build/udemy_ros2_pkg -- -j2 -l2
[2.506s] Invoking command in '/home/shashank/Workspaces/ros2_py_ws/build/udemy_ros2_pkg': CMAKE_PREFIX_PATH=/opt/ros/humble /usr/bin/cmake --install /home/shashank/Workspaces/ros2_py_ws/build/udemy_ros2_pkg
[2.532s] -- Install configuration: ""
[2.538s] -- Execute custom install script
[2.539s] -- Up-to-date symlink: /home/shashank/Workspaces/ros2_py_ws/install/udemy_ros2_pkg/share/ament_index/resource_index/rosidl_interfaces/udemy_ros2_pkg
[2.540s] -- Up-to-date symlink: /home/shashank/Workspaces/ros2_py_ws/install/udemy_ros2_pkg/include/udemy_ros2_pkg/udemy_ros2_pkg/msg/rosidl_generator_c__visibility_control.h
[2.540s] -- Up-to-date symlink: /home/shashank/Workspaces/ros2_py_ws/install/udemy_ros2_pkg/include/udemy_ros2_pkg/udemy_ros2_pkg/srv/detail/odd_even_check__functions.h
[2.540s] -- Up-to-date symlink: /home/shashank/Workspaces/ros2_py_ws/install/udemy_ros2_pkg/include/udemy_ros2_pkg/udemy_ros2_pkg/srv/detail/odd_even_check__struct.h
[2.541s] -- Up-to-date symlink: /home/shashank/Workspaces/ros2_py_ws/install/udemy_ros2_pkg/include/udemy_ros2_pkg/udemy_ros2_pkg/srv/detail/odd_even_check__type_support.h
[2.541s] -- Up-to-date symlink: /home/shashank/Workspaces/ros2_py_ws/install/udemy_ros2_pkg/include/udemy_ros2_pkg/udemy_ros2_pkg/srv/odd_even_check.h
[2.541s] -- Up-to-date symlink: /home/shashank/Workspaces/ros2_py_ws/install/udemy_ros2_pkg/share/udemy_ros2_pkg/environment/library_path.sh
[2.542s] -- Up-to-date symlink: /home/shashank/Workspaces/ros2_py_ws/install/udemy_ros2_pkg/share/udemy_ros2_pkg/environment/library_path.dsv
[2.543s] -- Up-to-date symlink: /home/shashank/Workspaces/ros2_py_ws/install/udemy_ros2_pkg/include/udemy_ros2_pkg/udemy_ros2_pkg/msg/rosidl_typesupport_fastrtps_c__visibility_control.h
[2.543s] -- Up-to-date symlink: /home/shashank/Workspaces/ros2_py_ws/install/udemy_ros2_pkg/include/udemy_ros2_pkg/udemy_ros2_pkg/srv/detail/odd_even_check__rosidl_typesupport_fastrtps_c.h
[2.544s] -- Up-to-date symlink: /home/shashank/Workspaces/ros2_py_ws/install/udemy_ros2_pkg/include/udemy_ros2_pkg/udemy_ros2_pkg/msg/rosidl_typesupport_introspection_c__visibility_control.h
[2.545s] -- Up-to-date symlink: /home/shashank/Workspaces/ros2_py_ws/install/udemy_ros2_pkg/include/udemy_ros2_pkg/udemy_ros2_pkg/srv/detail/odd_even_check__rosidl_typesupport_introspection_c.h
[2.551s] -- Up-to-date symlink: /home/shashank/Workspaces/ros2_py_ws/install/udemy_ros2_pkg/include/udemy_ros2_pkg/udemy_ros2_pkg/srv/detail/odd_even_check__builder.hpp
[2.551s] -- Up-to-date symlink: /home/shashank/Workspaces/ros2_py_ws/install/udemy_ros2_pkg/include/udemy_ros2_pkg/udemy_ros2_pkg/srv/detail/odd_even_check__struct.hpp
[2.552s] -- Up-to-date symlink: /home/shashank/Workspaces/ros2_py_ws/install/udemy_ros2_pkg/include/udemy_ros2_pkg/udemy_ros2_pkg/srv/detail/odd_even_check__traits.hpp
[2.552s] -- Up-to-date symlink: /home/shashank/Workspaces/ros2_py_ws/install/udemy_ros2_pkg/include/udemy_ros2_pkg/udemy_ros2_pkg/srv/odd_even_check.hpp
[2.554s] -- Up-to-date symlink: /home/shashank/Workspaces/ros2_py_ws/install/udemy_ros2_pkg/include/udemy_ros2_pkg/udemy_ros2_pkg/msg/rosidl_typesupport_fastrtps_cpp__visibility_control.h
[2.556s] -- Up-to-date symlink: /home/shashank/Workspaces/ros2_py_ws/install/udemy_ros2_pkg/include/udemy_ros2_pkg/udemy_ros2_pkg/srv/detail/odd_even_check__rosidl_typesupport_fastrtps_cpp.hpp
[2.556s] -- Up-to-date symlink: /home/shashank/Workspaces/ros2_py_ws/install/udemy_ros2_pkg/include/udemy_ros2_pkg/udemy_ros2_pkg/srv/detail/odd_even_check__rosidl_typesupport_introspection_cpp.hpp
[2.559s] -- Up-to-date symlink: /home/shashank/Workspaces/ros2_py_ws/install/udemy_ros2_pkg/share/udemy_ros2_pkg/environment/pythonpath.sh
[2.559s] -- Up-to-date symlink: /home/shashank/Workspaces/ros2_py_ws/install/udemy_ros2_pkg/share/udemy_ros2_pkg/environment/pythonpath.dsv
[2.560s] -- Up-to-date symlink: /home/shashank/Workspaces/ros2_py_ws/install/udemy_ros2_pkg/local/lib/python3.10/dist-packages/udemy_ros2_pkg-0.0.0-py3.10.egg-info/PKG-INFO
[2.560s] -- Up-to-date symlink: /home/shashank/Workspaces/ros2_py_ws/install/udemy_ros2_pkg/local/lib/python3.10/dist-packages/udemy_ros2_pkg-0.0.0-py3.10.egg-info/SOURCES.txt
[2.560s] -- Up-to-date symlink: /home/shashank/Workspaces/ros2_py_ws/install/udemy_ros2_pkg/local/lib/python3.10/dist-packages/udemy_ros2_pkg-0.0.0-py3.10.egg-info/dependency_links.txt
[2.560s] -- Up-to-date symlink: /home/shashank/Workspaces/ros2_py_ws/install/udemy_ros2_pkg/local/lib/python3.10/dist-packages/udemy_ros2_pkg-0.0.0-py3.10.egg-info/top_level.txt
[2.560s] -- Up-to-date symlink: /home/shashank/Workspaces/ros2_py_ws/install/udemy_ros2_pkg/local/lib/python3.10/dist-packages/udemy_ros2_pkg/__init__.py
[2.560s] -- Up-to-date symlink: /home/shashank/Workspaces/ros2_py_ws/install/udemy_ros2_pkg/local/lib/python3.10/dist-packages/udemy_ros2_pkg/_udemy_ros2_pkg_s.ep.rosidl_typesupport_c.c
[2.560s] -- Up-to-date symlink: /home/shashank/Workspaces/ros2_py_ws/install/udemy_ros2_pkg/local/lib/python3.10/dist-packages/udemy_ros2_pkg/_udemy_ros2_pkg_s.ep.rosidl_typesupport_fastrtps_c.c
[2.564s] -- Up-to-date symlink: /home/shashank/Workspaces/ros2_py_ws/install/udemy_ros2_pkg/local/lib/python3.10/dist-packages/udemy_ros2_pkg/_udemy_ros2_pkg_s.ep.rosidl_typesupport_introspection_c.c
[2.565s] -- Up-to-date symlink: /home/shashank/Workspaces/ros2_py_ws/install/udemy_ros2_pkg/local/lib/python3.10/dist-packages/udemy_ros2_pkg/libudemy_ros2_pkg__rosidl_generator_py.so
[2.565s] -- Up-to-date symlink: /home/shashank/Workspaces/ros2_py_ws/install/udemy_ros2_pkg/local/lib/python3.10/dist-packages/udemy_ros2_pkg/srv/__init__.py
[2.566s] -- Up-to-date symlink: /home/shashank/Workspaces/ros2_py_ws/install/udemy_ros2_pkg/local/lib/python3.10/dist-packages/udemy_ros2_pkg/srv/_odd_even_check.py
[2.566s] -- Up-to-date symlink: /home/shashank/Workspaces/ros2_py_ws/install/udemy_ros2_pkg/local/lib/python3.10/dist-packages/udemy_ros2_pkg/srv/_odd_even_check_s.c
[2.566s] -- Up-to-date symlink: /home/shashank/Workspaces/ros2_py_ws/install/udemy_ros2_pkg/local/lib/python3.10/dist-packages/udemy_ros2_pkg/udemy_ros2_pkg_s__rosidl_typesupport_c.cpython-310-x86_64-linux-gnu.so
[2.568s] -- Up-to-date symlink: /home/shashank/Workspaces/ros2_py_ws/install/udemy_ros2_pkg/local/lib/python3.10/dist-packages/udemy_ros2_pkg/udemy_ros2_pkg_s__rosidl_typesupport_fastrtps_c.cpython-310-x86_64-linux-gnu.so
[2.569s] -- Up-to-date symlink: /home/shashank/Workspaces/ros2_py_ws/install/udemy_ros2_pkg/local/lib/python3.10/dist-packages/udemy_ros2_pkg/udemy_ros2_pkg_s__rosidl_typesupport_introspection_c.cpython-310-x86_64-linux-gnu.so
[2.570s] -- Up-to-date symlink: /home/shashank/Workspaces/ros2_py_ws/install/udemy_ros2_pkg/local/lib/python3.10/dist-packages/udemy_ros2_pkg/udemy_ros2_pkg_s__rosidl_typesupport_fastrtps_c.cpython-310-x86_64-linux-gnu.so
[2.571s] -- Up-to-date symlink: /home/shashank/Workspaces/ros2_py_ws/install/udemy_ros2_pkg/local/lib/python3.10/dist-packages/udemy_ros2_pkg/udemy_ros2_pkg_s__rosidl_typesupport_introspection_c.cpython-310-x86_64-linux-gnu.so
[2.576s] -- Up-to-date symlink: /home/shashank/Workspaces/ros2_py_ws/install/udemy_ros2_pkg/local/lib/python3.10/dist-packages/udemy_ros2_pkg/udemy_ros2_pkg_s__rosidl_typesupport_c.cpython-310-x86_64-linux-gnu.so
[2.576s] -- Up-to-date symlink: /home/shashank/Workspaces/ros2_py_ws/install/udemy_ros2_pkg/share/udemy_ros2_pkg/srv/OddEvenCheck.idl
[2.576s] -- Up-to-date symlink: /home/shashank/Workspaces/ros2_py_ws/install/udemy_ros2_pkg/share/udemy_ros2_pkg/srv/OddEvenCheck.srv
[2.576s] -- Up-to-date symlink: /home/shashank/Workspaces/ros2_py_ws/install/udemy_ros2_pkg/share/udemy_ros2_pkg/srv/OddEvenCheck_Request.msg
[2.577s] -- Up-to-date symlink: /home/shashank/Workspaces/ros2_py_ws/install/udemy_ros2_pkg/share/udemy_ros2_pkg/srv/OddEvenCheck_Response.msg
[2.578s] -- Up-to-date symlink: /home/shashank/Workspaces/ros2_py_ws/install/udemy_ros2_pkg/local/lib/python3.10/dist-packages/scripts-0.0.0-py3.10.egg-info/PKG-INFO
[2.578s] -- Up-to-date symlink: /home/shashank/Workspaces/ros2_py_ws/install/udemy_ros2_pkg/local/lib/python3.10/dist-packages/scripts-0.0.0-py3.10.egg-info/SOURCES.txt
[2.579s] -- Up-to-date symlink: /home/shashank/Workspaces/ros2_py_ws/install/udemy_ros2_pkg/local/lib/python3.10/dist-packages/scripts-0.0.0-py3.10.egg-info/dependency_links.txt
[2.580s] -- Up-to-date symlink: /home/shashank/Workspaces/ros2_py_ws/install/udemy_ros2_pkg/local/lib/python3.10/dist-packages/scripts-0.0.0-py3.10.egg-info/top_level.txt
[2.585s] [33mCMake Warning (dev) at ament_cmake_symlink_install/ament_cmake_symlink_install.cmake:62 (file):
[2.586s]   Policy CMP0009 is not set: FILE GLOB_RECURSE calls should not follow
[2.586s]   symlinks by default.  Run "cmake --help-policy CMP0009" for policy details.
[2.588s]   Use the cmake_policy command to set the policy and suppress this warning.
[2.592s] Call Stack (most recent call first):
[2.592s]   ament_cmake_symlink_install/ament_cmake_symlink_install.cmake:377 (ament_cmake_symlink_install_directory)
[2.593s]   cmake_install.cmake:46 (include)
[2.593s] This warning is for project developers.  Use -Wno-dev to suppress it.
[2.593s] [0m
[2.593s] [33mCMake Warning (dev) at ament_cmake_symlink_install/ament_cmake_symlink_install.cmake:73 (file):
[2.593s]   Policy CMP0009 is not set: FILE GLOB_RECURSE calls should not follow
[2.593s]   symlinks by default.  Run "cmake --help-policy CMP0009" for policy details.
[2.593s]   Use the cmake_policy command to set the policy and suppress this warning.
[2.593s] Call Stack (most recent call first):
[2.594s]   ament_cmake_symlink_install/ament_cmake_symlink_install.cmake:377 (ament_cmake_symlink_install_directory)
[2.595s]   cmake_install.cmake:46 (include)
[2.595s] This warning is for project developers.  Use -Wno-dev to suppress it.
[2.596s] [0m
[2.597s] [33mCMake Warning (dev) at ament_cmake_symlink_install/ament_cmake_symlink_install.cmake:73 (file):
[2.598s]   Policy CMP0009 is not set: FILE GLOB_RECURSE calls should not follow
[2.598s]   symlinks by default.  Run "cmake --help-policy CMP0009" for policy details.
[2.598s]   Use the cmake_policy command to set the policy and suppress this warning.
[2.598s] Call Stack (most recent call first):
[2.598s]   ament_cmake_symlink_install/ament_cmake_symlink_install.cmake:377 (ament_cmake_symlink_install_directory)
[2.598s]   cmake_install.cmake:46 (include)
[2.598s] This warning is for project developers.  Use -Wno-dev to suppress it.
[2.599s] [0m
[2.599s] -- Up-to-date symlink: /home/shashank/Workspaces/ros2_py_ws/install/udemy_ros2_pkg/local/lib/python3.10/dist-packages/scripts/__init__.py
[2.599s] -- Up-to-date symlink: /home/shashank/Workspaces/ros2_py_ws/install/udemy_ros2_pkg/local/lib/python3.10/dist-packages/scripts/build/.built_by
[2.599s] -- Up-to-date symlink: /home/shashank/Workspaces/ros2_py_ws/install/udemy_ros2_pkg/local/lib/python3.10/dist-packages/scripts/build/COLCON_IGNORE
[2.603s] -- Up-to-date symlink: /home/shashank/Workspaces/ros2_py_ws/install/udemy_ros2_pkg/local/lib/python3.10/dist-packages/scripts/install/.colcon_install_layout
[2.603s] -- Up-to-date symlink: /home/shashank/Workspaces/ros2_py_ws/install/udemy_ros2_pkg/local/lib/python3.10/dist-packages/scripts/install/COLCON_IGNORE
[2.603s] -- Up-to-date symlink: /home/shashank/Workspaces/ros2_py_ws/install/udemy_ros2_pkg/local/lib/python3.10/dist-packages/scripts/install/_local_setup_util_ps1.py
[2.605s] -- Up-to-date symlink: /home/shashank/Workspaces/ros2_py_ws/install/udemy_ros2_pkg/local/lib/python3.10/dist-packages/scripts/install/_local_setup_util_sh.py
[2.606s] -- Up-to-date symlink: /home/shashank/Workspaces/ros2_py_ws/install/udemy_ros2_pkg/local/lib/python3.10/dist-packages/scripts/install/local_setup.bash
[2.607s] -- Up-to-date symlink: /home/shashank/Workspaces/ros2_py_ws/install/udemy_ros2_pkg/local/lib/python3.10/dist-packages/scripts/install/local_setup.ps1
[2.607s] -- Up-to-date symlink: /home/shashank/Workspaces/ros2_py_ws/install/udemy_ros2_pkg/local/lib/python3.10/dist-packages/scripts/install/local_setup.sh
[2.609s] -- Up-to-date symlink: /home/shashank/Workspaces/ros2_py_ws/install/udemy_ros2_pkg/local/lib/python3.10/dist-packages/scripts/install/local_setup.zsh
[2.609s] -- Up-to-date symlink: /home/shashank/Workspaces/ros2_py_ws/install/udemy_ros2_pkg/local/lib/python3.10/dist-packages/scripts/install/setup.bash
[2.609s] -- Up-to-date symlink: /home/shashank/Workspaces/ros2_py_ws/install/udemy_ros2_pkg/local/lib/python3.10/dist-packages/scripts/install/setup.ps1
[2.609s] -- Up-to-date symlink: /home/shashank/Workspaces/ros2_py_ws/install/udemy_ros2_pkg/local/lib/python3.10/dist-packages/scripts/install/setup.sh
[2.609s] -- Up-to-date symlink: /home/shashank/Workspaces/ros2_py_ws/install/udemy_ros2_pkg/local/lib/python3.10/dist-packages/scripts/install/setup.zsh
[2.609s] -- Up-to-date symlink: /home/shashank/Workspaces/ros2_py_ws/install/udemy_ros2_pkg/local/lib/python3.10/dist-packages/scripts/log/COLCON_IGNORE
[2.610s] -- Up-to-date symlink: /home/shashank/Workspaces/ros2_py_ws/install/udemy_ros2_pkg/local/lib/python3.10/dist-packages/scripts/log/build_2023-09-29_00-48-18/events.log
[2.610s] -- Up-to-date symlink: /home/shashank/Workspaces/ros2_py_ws/install/udemy_ros2_pkg/local/lib/python3.10/dist-packages/scripts/log/build_2023-09-29_00-48-18/logger_all.log
[2.610s] -- Up-to-date symlink: /home/shashank/Workspaces/ros2_py_ws/install/udemy_ros2_pkg/local/lib/python3.10/dist-packages/scripts/log/latest/events.log
[2.613s] -- Up-to-date symlink: /home/shashank/Workspaces/ros2_py_ws/install/udemy_ros2_pkg/local/lib/python3.10/dist-packages/scripts/log/latest/logger_all.log
[2.613s] -- Up-to-date symlink: /home/shashank/Workspaces/ros2_py_ws/install/udemy_ros2_pkg/local/lib/python3.10/dist-packages/scripts/log/latest_build/events.log
[2.614s] -- Up-to-date symlink: /home/shashank/Workspaces/ros2_py_ws/install/udemy_ros2_pkg/local/lib/python3.10/dist-packages/scripts/log/latest_build/logger_all.log
[2.620s] -- Up-to-date symlink: /home/shashank/Workspaces/ros2_py_ws/install/udemy_ros2_pkg/local/lib/python3.10/dist-packages/scripts/publisher.py
[2.621s] -- Up-to-date symlink: /home/shashank/Workspaces/ros2_py_ws/install/udemy_ros2_pkg/local/lib/python3.10/dist-packages/scripts/rpm_pub.py
[2.621s] -- Up-to-date symlink: /home/shashank/Workspaces/ros2_py_ws/install/udemy_ros2_pkg/local/lib/python3.10/dist-packages/scripts/service_server.py
[2.621s] -- Up-to-date symlink: /home/shashank/Workspaces/ros2_py_ws/install/udemy_ros2_pkg/local/lib/python3.10/dist-packages/scripts/speed_calc.py
[2.621s] -- Up-to-date symlink: /home/shashank/Workspaces/ros2_py_ws/install/udemy_ros2_pkg/local/lib/python3.10/dist-packages/scripts/subscriber.py
[2.621s] -- Up-to-date symlink: /home/shashank/Workspaces/ros2_py_ws/install/udemy_ros2_pkg/lib/udemy_ros2_pkg/publisher.py
[2.622s] -- Up-to-date symlink: /home/shashank/Workspaces/ros2_py_ws/install/udemy_ros2_pkg/lib/udemy_ros2_pkg/subscriber.py
[2.622s] -- Up-to-date symlink: /home/shashank/Workspaces/ros2_py_ws/install/udemy_ros2_pkg/lib/udemy_ros2_pkg/rpm_pub.py
[2.622s] -- Up-to-date symlink: /home/shashank/Workspaces/ros2_py_ws/install/udemy_ros2_pkg/lib/udemy_ros2_pkg/speed_calc.py
[2.622s] -- Up-to-date symlink: /home/shashank/Workspaces/ros2_py_ws/install/udemy_ros2_pkg/lib/udemy_ros2_pkg/service_server.py
[2.623s] -- Up-to-date symlink: /home/shashank/Workspaces/ros2_py_ws/install/udemy_ros2_pkg/share/udemy_ros2_pkg//launch/rpm_node_launch.py
[2.623s] -- Up-to-date symlink: /home/shashank/Workspaces/ros2_py_ws/install/udemy_ros2_pkg/share/udemy_ros2_pkg//launch/speed_project_launch.py
[2.623s] -- Up-to-date symlink: /home/shashank/Workspaces/ros2_py_ws/install/udemy_ros2_pkg/share/ament_index/resource_index/package_run_dependencies/udemy_ros2_pkg
[2.629s] -- Up-to-date symlink: /home/shashank/Workspaces/ros2_py_ws/install/udemy_ros2_pkg/share/ament_index/resource_index/parent_prefix_path/udemy_ros2_pkg
[2.630s] -- Up-to-date symlink: /home/shashank/Workspaces/ros2_py_ws/install/udemy_ros2_pkg/share/udemy_ros2_pkg/environment/ament_prefix_path.sh
[2.630s] -- Up-to-date symlink: /home/shashank/Workspaces/ros2_py_ws/install/udemy_ros2_pkg/share/udemy_ros2_pkg/environment/ament_prefix_path.dsv
[2.630s] -- Up-to-date symlink: /home/shashank/Workspaces/ros2_py_ws/install/udemy_ros2_pkg/share/udemy_ros2_pkg/environment/path.sh
[2.630s] -- Up-to-date symlink: /home/shashank/Workspaces/ros2_py_ws/install/udemy_ros2_pkg/share/udemy_ros2_pkg/environment/path.dsv
[2.630s] -- Up-to-date symlink: /home/shashank/Workspaces/ros2_py_ws/install/udemy_ros2_pkg/share/udemy_ros2_pkg/local_setup.bash
[2.632s] -- Up-to-date symlink: /home/shashank/Workspaces/ros2_py_ws/install/udemy_ros2_pkg/share/udemy_ros2_pkg/local_setup.sh
[2.632s] -- Up-to-date symlink: /home/shashank/Workspaces/ros2_py_ws/install/udemy_ros2_pkg/share/udemy_ros2_pkg/local_setup.zsh
[2.632s] -- Up-to-date symlink: /home/shashank/Workspaces/ros2_py_ws/install/udemy_ros2_pkg/share/udemy_ros2_pkg/local_setup.dsv
[2.633s] -- Symlinking: /home/shashank/Workspaces/ros2_py_ws/install/udemy_ros2_pkg/share/udemy_ros2_pkg/package.dsv
[2.674s] -- Up-to-date symlink: /home/shashank/Workspaces/ros2_py_ws/install/udemy_ros2_pkg/share/ament_index/resource_index/packages/udemy_ros2_pkg
[2.674s] -- Up-to-date symlink: /home/shashank/Workspaces/ros2_py_ws/install/udemy_ros2_pkg/share/udemy_ros2_pkg/cmake/rosidl_cmake-extras.cmake
[2.675s] -- Up-to-date symlink: /home/shashank/Workspaces/ros2_py_ws/install/udemy_ros2_pkg/share/udemy_ros2_pkg/cmake/ament_cmake_export_include_directories-extras.cmake
[2.675s] -- Up-to-date symlink: /home/shashank/Workspaces/ros2_py_ws/install/udemy_ros2_pkg/share/udemy_ros2_pkg/cmake/ament_cmake_export_libraries-extras.cmake
[2.675s] -- Up-to-date symlink: /home/shashank/Workspaces/ros2_py_ws/install/udemy_ros2_pkg/share/udemy_ros2_pkg/cmake/ament_cmake_export_targets-extras.cmake
[2.675s] -- Up-to-date symlink: /home/shashank/Workspaces/ros2_py_ws/install/udemy_ros2_pkg/share/udemy_ros2_pkg/cmake/rosidl_cmake_export_typesupport_targets-extras.cmake
[2.677s] -- Up-to-date symlink: /home/shashank/Workspaces/ros2_py_ws/install/udemy_ros2_pkg/share/udemy_ros2_pkg/cmake/ament_cmake_export_dependencies-extras.cmake
[2.679s] -- Up-to-date symlink: /home/shashank/Workspaces/ros2_py_ws/install/udemy_ros2_pkg/share/udemy_ros2_pkg/cmake/rosidl_cmake_export_typesupport_libraries-extras.cmake
[2.679s] -- Up-to-date symlink: /home/shashank/Workspaces/ros2_py_ws/install/udemy_ros2_pkg/share/udemy_ros2_pkg/cmake/udemy_ros2_pkgConfig.cmake
[2.680s] -- Up-to-date symlink: /home/shashank/Workspaces/ros2_py_ws/install/udemy_ros2_pkg/share/udemy_ros2_pkg/cmake/udemy_ros2_pkgConfig-version.cmake
[2.684s] -- Up-to-date symlink: /home/shashank/Workspaces/ros2_py_ws/install/udemy_ros2_pkg/share/udemy_ros2_pkg/package.xml
[2.684s] -- Up-to-date: /home/shashank/Workspaces/ros2_py_ws/install/udemy_ros2_pkg/lib/libudemy_ros2_pkg__rosidl_generator_c.so
[2.684s] -- Up-to-date: /home/shashank/Workspaces/ros2_py_ws/install/udemy_ros2_pkg/lib/libudemy_ros2_pkg__rosidl_typesupport_fastrtps_c.so
[2.686s] -- Up-to-date: /home/shashank/Workspaces/ros2_py_ws/install/udemy_ros2_pkg/lib/libudemy_ros2_pkg__rosidl_typesupport_introspection_c.so
[2.687s] -- Up-to-date: /home/shashank/Workspaces/ros2_py_ws/install/udemy_ros2_pkg/lib/libudemy_ros2_pkg__rosidl_typesupport_c.so
[2.687s] -- Up-to-date: /home/shashank/Workspaces/ros2_py_ws/install/udemy_ros2_pkg/lib/libudemy_ros2_pkg__rosidl_typesupport_fastrtps_cpp.so
[2.694s] -- Up-to-date: /home/shashank/Workspaces/ros2_py_ws/install/udemy_ros2_pkg/lib/libudemy_ros2_pkg__rosidl_typesupport_introspection_cpp.so
[2.694s] -- Up-to-date: /home/shashank/Workspaces/ros2_py_ws/install/udemy_ros2_pkg/lib/libudemy_ros2_pkg__rosidl_typesupport_cpp.so
[2.801s] Listing '/home/shashank/Workspaces/ros2_py_ws/install/udemy_ros2_pkg/local/lib/python3.10/dist-packages/udemy_ros2_pkg'...
[2.802s] Listing '/home/shashank/Workspaces/ros2_py_ws/install/udemy_ros2_pkg/local/lib/python3.10/dist-packages/udemy_ros2_pkg/srv'...
[2.819s] -- Up-to-date: /home/shashank/Workspaces/ros2_py_ws/install/udemy_ros2_pkg/lib/libudemy_ros2_pkg__rosidl_generator_py.so
[2.913s] Listing '/home/shashank/Workspaces/ros2_py_ws/install/udemy_ros2_pkg/local/lib/python3.10/dist-packages/scripts'...
[2.913s] Listing '/home/shashank/Workspaces/ros2_py_ws/install/udemy_ros2_pkg/local/lib/python3.10/dist-packages/scripts/build'...
[2.914s] Listing '/home/shashank/Workspaces/ros2_py_ws/install/udemy_ros2_pkg/local/lib/python3.10/dist-packages/scripts/install'...
[2.914s] Listing '/home/shashank/Workspaces/ros2_py_ws/install/udemy_ros2_pkg/local/lib/python3.10/dist-packages/scripts/log'...
[2.914s] Listing '/home/shashank/Workspaces/ros2_py_ws/install/udemy_ros2_pkg/local/lib/python3.10/dist-packages/scripts/log/build_2023-09-29_00-48-18'...
[2.914s] Listing '/home/shashank/Workspaces/ros2_py_ws/install/udemy_ros2_pkg/local/lib/python3.10/dist-packages/scripts/log/latest'...
[2.914s] Listing '/home/shashank/Workspaces/ros2_py_ws/install/udemy_ros2_pkg/local/lib/python3.10/dist-packages/scripts/log/latest_build'...
[2.915s] Compiling '/home/shashank/Workspaces/ros2_py_ws/install/udemy_ros2_pkg/local/lib/python3.10/dist-packages/scripts/service_server.py'...
[2.925s] -- Up-to-date: /home/shashank/Workspaces/ros2_py_ws/install/udemy_ros2_pkg/share/udemy_ros2_pkg/cmake/export_udemy_ros2_pkg__rosidl_generator_cExport.cmake
[2.925s] -- Up-to-date: /home/shashank/Workspaces/ros2_py_ws/install/udemy_ros2_pkg/share/udemy_ros2_pkg/cmake/export_udemy_ros2_pkg__rosidl_generator_cExport-noconfig.cmake
[2.925s] -- Up-to-date: /home/shashank/Workspaces/ros2_py_ws/install/udemy_ros2_pkg/share/udemy_ros2_pkg/cmake/export_udemy_ros2_pkg__rosidl_typesupport_fastrtps_cExport.cmake
[2.925s] -- Up-to-date: /home/shashank/Workspaces/ros2_py_ws/install/udemy_ros2_pkg/share/udemy_ros2_pkg/cmake/export_udemy_ros2_pkg__rosidl_typesupport_fastrtps_cExport-noconfig.cmake
[2.926s] -- Up-to-date: /home/shashank/Workspaces/ros2_py_ws/install/udemy_ros2_pkg/share/udemy_ros2_pkg/cmake/udemy_ros2_pkg__rosidl_typesupport_introspection_cExport.cmake
[2.926s] -- Up-to-date: /home/shashank/Workspaces/ros2_py_ws/install/udemy_ros2_pkg/share/udemy_ros2_pkg/cmake/udemy_ros2_pkg__rosidl_typesupport_introspection_cExport-noconfig.cmake
[2.926s] -- Up-to-date: /home/shashank/Workspaces/ros2_py_ws/install/udemy_ros2_pkg/share/udemy_ros2_pkg/cmake/udemy_ros2_pkg__rosidl_typesupport_cExport.cmake
[2.926s] -- Up-to-date: /home/shashank/Workspaces/ros2_py_ws/install/udemy_ros2_pkg/share/udemy_ros2_pkg/cmake/udemy_ros2_pkg__rosidl_typesupport_cExport-noconfig.cmake
[2.926s] -- Up-to-date: /home/shashank/Workspaces/ros2_py_ws/install/udemy_ros2_pkg/share/udemy_ros2_pkg/cmake/export_udemy_ros2_pkg__rosidl_generator_cppExport.cmake
[2.927s] -- Up-to-date: /home/shashank/Workspaces/ros2_py_ws/install/udemy_ros2_pkg/share/udemy_ros2_pkg/cmake/export_udemy_ros2_pkg__rosidl_typesupport_fastrtps_cppExport.cmake
[2.927s] -- Up-to-date: /home/shashank/Workspaces/ros2_py_ws/install/udemy_ros2_pkg/share/udemy_ros2_pkg/cmake/export_udemy_ros2_pkg__rosidl_typesupport_fastrtps_cppExport-noconfig.cmake
[2.927s] -- Up-to-date: /home/shashank/Workspaces/ros2_py_ws/install/udemy_ros2_pkg/share/udemy_ros2_pkg/cmake/udemy_ros2_pkg__rosidl_typesupport_introspection_cppExport.cmake
[2.927s] -- Up-to-date: /home/shashank/Workspaces/ros2_py_ws/install/udemy_ros2_pkg/share/udemy_ros2_pkg/cmake/udemy_ros2_pkg__rosidl_typesupport_introspection_cppExport-noconfig.cmake
[2.928s] -- Up-to-date: /home/shashank/Workspaces/ros2_py_ws/install/udemy_ros2_pkg/share/udemy_ros2_pkg/cmake/udemy_ros2_pkg__rosidl_typesupport_cppExport.cmake
[2.928s] -- Up-to-date: /home/shashank/Workspaces/ros2_py_ws/install/udemy_ros2_pkg/share/udemy_ros2_pkg/cmake/udemy_ros2_pkg__rosidl_typesupport_cppExport-noconfig.cmake
[2.928s] -- Up-to-date: /home/shashank/Workspaces/ros2_py_ws/install/udemy_ros2_pkg/share/udemy_ros2_pkg/cmake/export_udemy_ros2_pkg__rosidl_generator_pyExport.cmake
[2.928s] -- Up-to-date: /home/shashank/Workspaces/ros2_py_ws/install/udemy_ros2_pkg/share/udemy_ros2_pkg/cmake/export_udemy_ros2_pkg__rosidl_generator_pyExport-noconfig.cmake
[2.938s] Invoked command in '/home/shashank/Workspaces/ros2_py_ws/build/udemy_ros2_pkg' returned '0': CMAKE_PREFIX_PATH=/opt/ros/humble /usr/bin/cmake --install /home/shashank/Workspaces/ros2_py_ws/build/udemy_ros2_pkg
