[0.075s] Invoking command in '/home/shashank/Workspaces/ros2_py_ws/build/udemy_ros2_pkg': CMAKE_PREFIX_PATH=/opt/ros/humble /usr/bin/cmake --build /home/shashank/Workspaces/ros2_py_ws/build/udemy_ros2_pkg -- -j2 -l2
[0.273s] -- Found ament_cmake: 1.3.5 (/opt/ros/humble/share/ament_cmake/cmake)
[0.896s] -- Override CMake install command with custom implementation using symlinks instead of copying resources
[0.977s] -- Found rclpy: 3.3.9 (/opt/ros/humble/share/rclpy/cmake)
[0.984s] -- Found rosidl_default_generators: 1.2.0 (/opt/ros/humble/share/rosidl_default_generators/cmake)
[1.010s] -- Using all available rosidl_typesupport_c: rosidl_typesupport_fastrtps_c;rosidl_typesupport_introspection_c
[1.054s] -- Found rosidl_adapter: 3.1.5 (/opt/ros/humble/share/rosidl_adapter/cmake)
[1.299s] -- Using all available rosidl_typesupport_cpp: rosidl_typesupport_fastrtps_cpp;rosidl_typesupport_introspection_cpp
[2.297s] -- Found ament_cmake_ros: 0.10.0 (/opt/ros/humble/share/ament_cmake_ros/cmake)
[3.025s] -- Using all available rosidl_typesupport_c: rosidl_typesupport_fastrtps_c;rosidl_typesupport_introspection_c
[3.748s] -- Using all available rosidl_typesupport_cpp: rosidl_typesupport_fastrtps_cpp;rosidl_typesupport_introspection_cpp
[3.810s] -- Found PythonInterp: /usr/bin/python3 (found suitable version "3.10.12", minimum required is "3.6") 
[3.817s] -- Found python_cmake_module: 0.10.0 (/opt/ros/humble/share/python_cmake_module/cmake)
[3.891s] -- Found PythonLibs: /usr/lib/x86_64-linux-gnu/libpython3.10.so (found suitable version "3.10.12", minimum required is "3.5") 
[3.892s] -- Using PYTHON_EXECUTABLE: /usr/bin/python3
[3.892s] -- Using PYTHON_INCLUDE_DIRS: /usr/include/python3.10
[3.892s] -- Using PYTHON_LIBRARIES: /usr/lib/x86_64-linux-gnu/libpython3.10.so
[3.937s] -- Found PythonExtra: .so  
[3.996s] -- Found ament_lint_auto: 0.12.7 (/opt/ros/humble/share/ament_lint_auto/cmake)
[4.109s] -- Added test 'flake8' to check Python code syntax and style conventions
[4.113s] -- Added test 'lint_cmake' to check CMake code style
[4.117s] -- Added test 'pep257' to check Python code against some of the docstring style conventions in PEP 257
[4.127s] -- Added test 'xmllint' to check XML markup files
[4.147s] -- Configuring done
[4.314s] -- Generating done
[4.328s] -- Build files have been written to: /home/shashank/Workspaces/ros2_py_ws/build/udemy_ros2_pkg
[4.461s] [  3%] [34m[1mGenerating C code for ROS interfaces[0m
[4.536s] [  6%] [34m[1mGenerating C++ code for ROS interfaces[0m
[6.716s] [  6%] Built target udemy_ros2_pkg__cpp
[6.884s] [  6%] Built target ament_cmake_python_symlink_udemy_ros2_pkg
[6.959s] [  9%] [32mBuilding C object CMakeFiles/udemy_ros2_pkg__rosidl_generator_c.dir/rosidl_generator_c/udemy_ros2_pkg/srv/detail/odd_even_check__functions.c.o[0m
[7.118s] [  9%] Built target ament_cmake_python_symlink_scripts
[7.240s] [ 12%] [34m[1mGenerating C++ type support dispatch for ROS interfaces[0m
[7.596s] [ 16%] [32m[1mLinking C shared library libudemy_ros2_pkg__rosidl_generator_c.so[0m
[7.869s] [ 16%] Built target udemy_ros2_pkg__rosidl_generator_c
[7.911s] [ 19%] [34m[1mGenerating C++ type support for eProsima Fast-RTPS[0m
[8.688s] [ 22%] [32mBuilding CXX object CMakeFiles/udemy_ros2_pkg__rosidl_typesupport_cpp.dir/rosidl_typesupport_cpp/udemy_ros2_pkg/srv/odd_even_check__type_support.cpp.o[0m
[9.420s] [ 25%] [32mBuilding CXX object CMakeFiles/udemy_ros2_pkg__rosidl_typesupport_fastrtps_cpp.dir/rosidl_typesupport_fastrtps_cpp/udemy_ros2_pkg/srv/detail/dds_fastrtps/odd_even_check__type_support.cpp.o[0m
[10.759s] [ 29%] [32m[1mLinking CXX shared library libudemy_ros2_pkg__rosidl_typesupport_cpp.so[0m
[11.071s] [ 29%] Built target udemy_ros2_pkg__rosidl_typesupport_cpp
[11.146s] [ 32%] [34m[1mGenerating C++ introspection for ROS interfaces[0m
[12.090s] [ 35%] [32m[1mLinking CXX shared library libudemy_ros2_pkg__rosidl_typesupport_fastrtps_cpp.so[0m
[12.373s] [ 38%] [32mBuilding CXX object CMakeFiles/udemy_ros2_pkg__rosidl_typesupport_introspection_cpp.dir/rosidl_typesupport_introspection_cpp/udemy_ros2_pkg/srv/detail/odd_even_check__type_support.cpp.o[0m
[12.624s] [ 38%] Built target udemy_ros2_pkg__rosidl_typesupport_fastrtps_cpp
[14.259s] running egg_info
[14.264s] creating udemy_ros2_pkg.egg-info
[14.266s] writing udemy_ros2_pkg.egg-info/PKG-INFO
[14.266s] writing dependency_links to udemy_ros2_pkg.egg-info/dependency_links.txt
[14.267s] writing top-level names to udemy_ros2_pkg.egg-info/top_level.txt
[14.269s] writing manifest file 'udemy_ros2_pkg.egg-info/SOURCES.txt'
[14.282s] reading manifest file 'udemy_ros2_pkg.egg-info/SOURCES.txt'
[14.292s] writing manifest file 'udemy_ros2_pkg.egg-info/SOURCES.txt'
[14.456s] [ 38%] Built target ament_cmake_python_build_udemy_ros2_pkg_egg
[14.610s] [ 41%] [32m[1mLinking CXX shared library libudemy_ros2_pkg__rosidl_typesupport_introspection_cpp.so[0m
[14.829s] [ 41%] Built target udemy_ros2_pkg__rosidl_typesupport_introspection_cpp
[15.616s] running egg_info
[15.620s] writing scripts.egg-info/PKG-INFO
[15.622s] writing dependency_links to scripts.egg-info/dependency_links.txt
[15.624s] writing top-level names to scripts.egg-info/top_level.txt
[15.630s] reading manifest file 'scripts.egg-info/SOURCES.txt'
[15.638s] writing manifest file 'scripts.egg-info/SOURCES.txt'
[15.744s] [ 41%] Built target ament_cmake_python_build_scripts_egg
[15.790s] [ 45%] [34m[1mGenerating C type support for eProsima Fast-RTPS[0m
[16.687s] [ 48%] [32mBuilding CXX object CMakeFiles/udemy_ros2_pkg__rosidl_typesupport_fastrtps_c.dir/rosidl_typesupport_fastrtps_c/udemy_ros2_pkg/srv/detail/odd_even_check__type_support_c.cpp.o[0m
[17.865s] [ 51%] [32m[1mLinking CXX shared library libudemy_ros2_pkg__rosidl_typesupport_fastrtps_c.so[0m
[18.164s] [ 51%] Built target udemy_ros2_pkg__rosidl_typesupport_fastrtps_c
[18.206s] [ 54%] [34m[1mGenerating C introspection for ROS interfaces[0m
[19.048s] [ 58%] [32mBuilding C object CMakeFiles/udemy_ros2_pkg__rosidl_typesupport_introspection_c.dir/rosidl_typesupport_introspection_c/udemy_ros2_pkg/srv/detail/odd_even_check__type_support.c.o[0m
[19.186s] [ 61%] [32m[1mLinking C shared library libudemy_ros2_pkg__rosidl_typesupport_introspection_c.so[0m
[19.262s] [ 61%] Built target udemy_ros2_pkg__rosidl_typesupport_introspection_c
[19.293s] [ 64%] [34m[1mGenerating C type support dispatch for ROS interfaces[0m
[19.984s] [ 67%] [32mBuilding CXX object CMakeFiles/udemy_ros2_pkg__rosidl_typesupport_c.dir/rosidl_typesupport_c/udemy_ros2_pkg/srv/odd_even_check__type_support.cpp.o[0m
[20.076s] [ 70%] [32m[1mLinking CXX shared library libudemy_ros2_pkg__rosidl_typesupport_c.so[0m
[20.275s] [ 70%] Built target udemy_ros2_pkg__rosidl_typesupport_c
[20.354s] [ 70%] Built target udemy_ros2_pkg
[20.413s] [ 74%] [34m[1mGenerating Python code for ROS interfaces[0m
[21.631s] [ 74%] Built target udemy_ros2_pkg__py
[21.692s] [ 77%] [32mBuilding C object CMakeFiles/udemy_ros2_pkg__rosidl_generator_py.dir/rosidl_generator_py/udemy_ros2_pkg/srv/_odd_even_check_s.c.o[0m
[22.174s] [ 80%] [32m[1mLinking C shared library rosidl_generator_py/udemy_ros2_pkg/libudemy_ros2_pkg__rosidl_generator_py.so[0m
[22.338s] [ 80%] Built target udemy_ros2_pkg__rosidl_generator_py
[22.412s] [ 83%] [32mBuilding C object CMakeFiles/udemy_ros2_pkg__rosidl_typesupport_fastrtps_c__pyext.dir/rosidl_generator_py/udemy_ros2_pkg/_udemy_ros2_pkg_s.ep.rosidl_typesupport_fastrtps_c.c.o[0m
[22.728s] [ 87%] [32m[1mLinking C shared library rosidl_generator_py/udemy_ros2_pkg/udemy_ros2_pkg_s__rosidl_typesupport_fastrtps_c.cpython-310-x86_64-linux-gnu.so[0m
[22.831s] [ 87%] Built target udemy_ros2_pkg__rosidl_typesupport_fastrtps_c__pyext
[22.902s] [ 90%] [32mBuilding C object CMakeFiles/udemy_ros2_pkg__rosidl_typesupport_introspection_c__pyext.dir/rosidl_generator_py/udemy_ros2_pkg/_udemy_ros2_pkg_s.ep.rosidl_typesupport_introspection_c.c.o[0m
[23.213s] [ 93%] [32m[1mLinking C shared library rosidl_generator_py/udemy_ros2_pkg/udemy_ros2_pkg_s__rosidl_typesupport_introspection_c.cpython-310-x86_64-linux-gnu.so[0m
[23.362s] [ 93%] Built target udemy_ros2_pkg__rosidl_typesupport_introspection_c__pyext
[23.473s] [ 96%] [32mBuilding C object CMakeFiles/udemy_ros2_pkg__rosidl_typesupport_c__pyext.dir/rosidl_generator_py/udemy_ros2_pkg/_udemy_ros2_pkg_s.ep.rosidl_typesupport_c.c.o[0m
[23.778s] [100%] [32m[1mLinking C shared library rosidl_generator_py/udemy_ros2_pkg/udemy_ros2_pkg_s__rosidl_typesupport_c.cpython-310-x86_64-linux-gnu.so[0m
[23.909s] [100%] Built target udemy_ros2_pkg__rosidl_typesupport_c__pyext
[23.956s] Invoked command in '/home/shashank/Workspaces/ros2_py_ws/build/udemy_ros2_pkg' returned '0': CMAKE_PREFIX_PATH=/opt/ros/humble /usr/bin/cmake --build /home/shashank/Workspaces/ros2_py_ws/build/udemy_ros2_pkg -- -j2 -l2
[24.218s] Invoking command in '/home/shashank/Workspaces/ros2_py_ws/build/udemy_ros2_pkg': CMAKE_PREFIX_PATH=/opt/ros/humble /usr/bin/cmake --install /home/shashank/Workspaces/ros2_py_ws/build/udemy_ros2_pkg
[24.242s] -- Install configuration: ""
[24.245s] -- Execute custom install script
[24.246s] -- Symlinking: /home/shashank/Workspaces/ros2_py_ws/install/udemy_ros2_pkg/share/ament_index/resource_index/rosidl_interfaces/udemy_ros2_pkg
[24.293s] -- Symlinking: /home/shashank/Workspaces/ros2_py_ws/install/udemy_ros2_pkg/include/udemy_ros2_pkg/udemy_ros2_pkg/msg/rosidl_generator_c__visibility_control.h
[24.333s] -- Symlinking: /home/shashank/Workspaces/ros2_py_ws/install/udemy_ros2_pkg/include/udemy_ros2_pkg/udemy_ros2_pkg/srv/detail/odd_even_check__functions.h
[24.385s] -- Symlinking: /home/shashank/Workspaces/ros2_py_ws/install/udemy_ros2_pkg/include/udemy_ros2_pkg/udemy_ros2_pkg/srv/detail/odd_even_check__struct.h
[24.423s] -- Symlinking: /home/shashank/Workspaces/ros2_py_ws/install/udemy_ros2_pkg/include/udemy_ros2_pkg/udemy_ros2_pkg/srv/detail/odd_even_check__type_support.h
[24.459s] -- Symlinking: /home/shashank/Workspaces/ros2_py_ws/install/udemy_ros2_pkg/include/udemy_ros2_pkg/udemy_ros2_pkg/srv/odd_even_check.h
[24.492s] -- Symlinking: /home/shashank/Workspaces/ros2_py_ws/install/udemy_ros2_pkg/share/udemy_ros2_pkg/environment/library_path.sh
[24.524s] -- Symlinking: /home/shashank/Workspaces/ros2_py_ws/install/udemy_ros2_pkg/share/udemy_ros2_pkg/environment/library_path.dsv
[24.562s] -- Symlinking: /home/shashank/Workspaces/ros2_py_ws/install/udemy_ros2_pkg/include/udemy_ros2_pkg/udemy_ros2_pkg/msg/rosidl_typesupport_fastrtps_c__visibility_control.h
[24.596s] -- Symlinking: /home/shashank/Workspaces/ros2_py_ws/install/udemy_ros2_pkg/include/udemy_ros2_pkg/udemy_ros2_pkg/srv/detail/odd_even_check__rosidl_typesupport_fastrtps_c.h
[24.625s] -- Symlinking: /home/shashank/Workspaces/ros2_py_ws/install/udemy_ros2_pkg/include/udemy_ros2_pkg/udemy_ros2_pkg/msg/rosidl_typesupport_introspection_c__visibility_control.h
[24.662s] -- Symlinking: /home/shashank/Workspaces/ros2_py_ws/install/udemy_ros2_pkg/include/udemy_ros2_pkg/udemy_ros2_pkg/srv/detail/odd_even_check__rosidl_typesupport_introspection_c.h
[24.695s] -- Symlinking: /home/shashank/Workspaces/ros2_py_ws/install/udemy_ros2_pkg/include/udemy_ros2_pkg/udemy_ros2_pkg/srv/detail/odd_even_check__builder.hpp
[24.719s] -- Symlinking: /home/shashank/Workspaces/ros2_py_ws/install/udemy_ros2_pkg/include/udemy_ros2_pkg/udemy_ros2_pkg/srv/detail/odd_even_check__struct.hpp
[24.738s] -- Symlinking: /home/shashank/Workspaces/ros2_py_ws/install/udemy_ros2_pkg/include/udemy_ros2_pkg/udemy_ros2_pkg/srv/detail/odd_even_check__traits.hpp
[24.757s] -- Symlinking: /home/shashank/Workspaces/ros2_py_ws/install/udemy_ros2_pkg/include/udemy_ros2_pkg/udemy_ros2_pkg/srv/odd_even_check.hpp
[24.798s] -- Symlinking: /home/shashank/Workspaces/ros2_py_ws/install/udemy_ros2_pkg/include/udemy_ros2_pkg/udemy_ros2_pkg/msg/rosidl_typesupport_fastrtps_cpp__visibility_control.h
[24.825s] -- Symlinking: /home/shashank/Workspaces/ros2_py_ws/install/udemy_ros2_pkg/include/udemy_ros2_pkg/udemy_ros2_pkg/srv/detail/odd_even_check__rosidl_typesupport_fastrtps_cpp.hpp
[24.851s] -- Symlinking: /home/shashank/Workspaces/ros2_py_ws/install/udemy_ros2_pkg/include/udemy_ros2_pkg/udemy_ros2_pkg/srv/detail/odd_even_check__rosidl_typesupport_introspection_cpp.hpp
[24.881s] -- Up-to-date symlink: /home/shashank/Workspaces/ros2_py_ws/install/udemy_ros2_pkg/share/udemy_ros2_pkg/environment/pythonpath.sh
[24.881s] -- Up-to-date symlink: /home/shashank/Workspaces/ros2_py_ws/install/udemy_ros2_pkg/share/udemy_ros2_pkg/environment/pythonpath.dsv
[24.882s] -- Symlinking: /home/shashank/Workspaces/ros2_py_ws/install/udemy_ros2_pkg/local/lib/python3.10/dist-packages/udemy_ros2_pkg-0.0.0-py3.10.egg-info/PKG-INFO
[24.902s] -- Symlinking: /home/shashank/Workspaces/ros2_py_ws/install/udemy_ros2_pkg/local/lib/python3.10/dist-packages/udemy_ros2_pkg-0.0.0-py3.10.egg-info/SOURCES.txt
[24.930s] -- Symlinking: /home/shashank/Workspaces/ros2_py_ws/install/udemy_ros2_pkg/local/lib/python3.10/dist-packages/udemy_ros2_pkg-0.0.0-py3.10.egg-info/dependency_links.txt
[24.955s] -- Symlinking: /home/shashank/Workspaces/ros2_py_ws/install/udemy_ros2_pkg/local/lib/python3.10/dist-packages/udemy_ros2_pkg-0.0.0-py3.10.egg-info/top_level.txt
[24.986s] -- Symlinking: /home/shashank/Workspaces/ros2_py_ws/install/udemy_ros2_pkg/local/lib/python3.10/dist-packages/udemy_ros2_pkg/__init__.py
[25.024s] -- Symlinking: /home/shashank/Workspaces/ros2_py_ws/install/udemy_ros2_pkg/local/lib/python3.10/dist-packages/udemy_ros2_pkg/_udemy_ros2_pkg_s.ep.rosidl_typesupport_c.c
[25.046s] -- Symlinking: /home/shashank/Workspaces/ros2_py_ws/install/udemy_ros2_pkg/local/lib/python3.10/dist-packages/udemy_ros2_pkg/_udemy_ros2_pkg_s.ep.rosidl_typesupport_fastrtps_c.c
[25.072s] -- Symlinking: /home/shashank/Workspaces/ros2_py_ws/install/udemy_ros2_pkg/local/lib/python3.10/dist-packages/udemy_ros2_pkg/_udemy_ros2_pkg_s.ep.rosidl_typesupport_introspection_c.c
[25.094s] -- Symlinking: /home/shashank/Workspaces/ros2_py_ws/install/udemy_ros2_pkg/local/lib/python3.10/dist-packages/udemy_ros2_pkg/libudemy_ros2_pkg__rosidl_generator_py.so
[25.117s] -- Symlinking: /home/shashank/Workspaces/ros2_py_ws/install/udemy_ros2_pkg/local/lib/python3.10/dist-packages/udemy_ros2_pkg/srv/__init__.py
[25.133s] -- Symlinking: /home/shashank/Workspaces/ros2_py_ws/install/udemy_ros2_pkg/local/lib/python3.10/dist-packages/udemy_ros2_pkg/srv/_odd_even_check.py
[25.150s] -- Symlinking: /home/shashank/Workspaces/ros2_py_ws/install/udemy_ros2_pkg/local/lib/python3.10/dist-packages/udemy_ros2_pkg/srv/_odd_even_check_s.c
[25.171s] -- Symlinking: /home/shashank/Workspaces/ros2_py_ws/install/udemy_ros2_pkg/local/lib/python3.10/dist-packages/udemy_ros2_pkg/udemy_ros2_pkg_s__rosidl_typesupport_c.cpython-310-x86_64-linux-gnu.so
[25.209s] -- Symlinking: /home/shashank/Workspaces/ros2_py_ws/install/udemy_ros2_pkg/local/lib/python3.10/dist-packages/udemy_ros2_pkg/udemy_ros2_pkg_s__rosidl_typesupport_fastrtps_c.cpython-310-x86_64-linux-gnu.so
[25.232s] -- Symlinking: /home/shashank/Workspaces/ros2_py_ws/install/udemy_ros2_pkg/local/lib/python3.10/dist-packages/udemy_ros2_pkg/udemy_ros2_pkg_s__rosidl_typesupport_introspection_c.cpython-310-x86_64-linux-gnu.so
[25.265s] -- Up-to-date symlink: /home/shashank/Workspaces/ros2_py_ws/install/udemy_ros2_pkg/local/lib/python3.10/dist-packages/udemy_ros2_pkg/udemy_ros2_pkg_s__rosidl_typesupport_fastrtps_c.cpython-310-x86_64-linux-gnu.so
[25.265s] -- Up-to-date symlink: /home/shashank/Workspaces/ros2_py_ws/install/udemy_ros2_pkg/local/lib/python3.10/dist-packages/udemy_ros2_pkg/udemy_ros2_pkg_s__rosidl_typesupport_introspection_c.cpython-310-x86_64-linux-gnu.so
[25.266s] -- Up-to-date symlink: /home/shashank/Workspaces/ros2_py_ws/install/udemy_ros2_pkg/local/lib/python3.10/dist-packages/udemy_ros2_pkg/udemy_ros2_pkg_s__rosidl_typesupport_c.cpython-310-x86_64-linux-gnu.so
[25.267s] -- Symlinking: /home/shashank/Workspaces/ros2_py_ws/install/udemy_ros2_pkg/share/udemy_ros2_pkg/srv/OddEvenCheck.idl
[25.313s] -- Symlinking: /home/shashank/Workspaces/ros2_py_ws/install/udemy_ros2_pkg/share/udemy_ros2_pkg/srv/OddEvenCheck.srv
[25.343s] -- Symlinking: /home/shashank/Workspaces/ros2_py_ws/install/udemy_ros2_pkg/share/udemy_ros2_pkg/srv/OddEvenCheck_Request.msg
[25.376s] -- Symlinking: /home/shashank/Workspaces/ros2_py_ws/install/udemy_ros2_pkg/share/udemy_ros2_pkg/srv/OddEvenCheck_Response.msg
[25.416s] -- Up-to-date symlink: /home/shashank/Workspaces/ros2_py_ws/install/udemy_ros2_pkg/local/lib/python3.10/dist-packages/scripts-0.0.0-py3.10.egg-info/PKG-INFO
[25.417s] -- Up-to-date symlink: /home/shashank/Workspaces/ros2_py_ws/install/udemy_ros2_pkg/local/lib/python3.10/dist-packages/scripts-0.0.0-py3.10.egg-info/SOURCES.txt
[25.418s] -- Up-to-date symlink: /home/shashank/Workspaces/ros2_py_ws/install/udemy_ros2_pkg/local/lib/python3.10/dist-packages/scripts-0.0.0-py3.10.egg-info/dependency_links.txt
[25.418s] -- Up-to-date symlink: /home/shashank/Workspaces/ros2_py_ws/install/udemy_ros2_pkg/local/lib/python3.10/dist-packages/scripts-0.0.0-py3.10.egg-info/top_level.txt
[25.420s] [33mCMake Warning (dev) at ament_cmake_symlink_install/ament_cmake_symlink_install.cmake:62 (file):
[25.420s]   Policy CMP0009 is not set: FILE GLOB_RECURSE calls should not follow
[25.420s]   symlinks by default.  Run "cmake --help-policy CMP0009" for policy details.
[25.420s]   Use the cmake_policy command to set the policy and suppress this warning.
[25.420s] Call Stack (most recent call first):
[25.420s]   ament_cmake_symlink_install/ament_cmake_symlink_install.cmake:377 (ament_cmake_symlink_install_directory)
[25.421s]   cmake_install.cmake:46 (include)
[25.421s] This warning is for project developers.  Use -Wno-dev to suppress it.
[25.421s] [0m
[25.422s] [33mCMake Warning (dev) at ament_cmake_symlink_install/ament_cmake_symlink_install.cmake:73 (file):
[25.422s]   Policy CMP0009 is not set: FILE GLOB_RECURSE calls should not follow
[25.422s]   symlinks by default.  Run "cmake --help-policy CMP0009" for policy details.
[25.423s]   Use the cmake_policy command to set the policy and suppress this warning.
[25.423s] Call Stack (most recent call first):
[25.423s]   ament_cmake_symlink_install/ament_cmake_symlink_install.cmake:377 (ament_cmake_symlink_install_directory)
[25.423s]   cmake_install.cmake:46 (include)
[25.424s] This warning is for project developers.  Use -Wno-dev to suppress it.
[25.424s] [0m
[25.424s] [33mCMake Warning (dev) at ament_cmake_symlink_install/ament_cmake_symlink_install.cmake:73 (file):
[25.424s]   Policy CMP0009 is not set: FILE GLOB_RECURSE calls should not follow
[25.424s]   symlinks by default.  Run "cmake --help-policy CMP0009" for policy details.
[25.425s]   Use the cmake_policy command to set the policy and suppress this warning.
[25.425s] Call Stack (most recent call first):
[25.425s]   ament_cmake_symlink_install/ament_cmake_symlink_install.cmake:377 (ament_cmake_symlink_install_directory)
[25.425s]   cmake_install.cmake:46 (include)
[25.425s] This warning is for project developers.  Use -Wno-dev to suppress it.
[25.425s] [0m
[25.426s] -- Up-to-date symlink: /home/shashank/Workspaces/ros2_py_ws/install/udemy_ros2_pkg/local/lib/python3.10/dist-packages/scripts/__init__.py
[25.426s] -- Up-to-date symlink: /home/shashank/Workspaces/ros2_py_ws/install/udemy_ros2_pkg/local/lib/python3.10/dist-packages/scripts/build/.built_by
[25.426s] -- Up-to-date symlink: /home/shashank/Workspaces/ros2_py_ws/install/udemy_ros2_pkg/local/lib/python3.10/dist-packages/scripts/build/COLCON_IGNORE
[25.426s] -- Up-to-date symlink: /home/shashank/Workspaces/ros2_py_ws/install/udemy_ros2_pkg/local/lib/python3.10/dist-packages/scripts/install/.colcon_install_layout
[25.430s] -- Up-to-date symlink: /home/shashank/Workspaces/ros2_py_ws/install/udemy_ros2_pkg/local/lib/python3.10/dist-packages/scripts/install/COLCON_IGNORE
[25.431s] -- Up-to-date symlink: /home/shashank/Workspaces/ros2_py_ws/install/udemy_ros2_pkg/local/lib/python3.10/dist-packages/scripts/install/_local_setup_util_ps1.py
[25.432s] -- Up-to-date symlink: /home/shashank/Workspaces/ros2_py_ws/install/udemy_ros2_pkg/local/lib/python3.10/dist-packages/scripts/install/_local_setup_util_sh.py
[25.433s] -- Up-to-date symlink: /home/shashank/Workspaces/ros2_py_ws/install/udemy_ros2_pkg/local/lib/python3.10/dist-packages/scripts/install/local_setup.bash
[25.434s] -- Up-to-date symlink: /home/shashank/Workspaces/ros2_py_ws/install/udemy_ros2_pkg/local/lib/python3.10/dist-packages/scripts/install/local_setup.ps1
[25.435s] -- Up-to-date symlink: /home/shashank/Workspaces/ros2_py_ws/install/udemy_ros2_pkg/local/lib/python3.10/dist-packages/scripts/install/local_setup.sh
[25.435s] -- Up-to-date symlink: /home/shashank/Workspaces/ros2_py_ws/install/udemy_ros2_pkg/local/lib/python3.10/dist-packages/scripts/install/local_setup.zsh
[25.436s] -- Up-to-date symlink: /home/shashank/Workspaces/ros2_py_ws/install/udemy_ros2_pkg/local/lib/python3.10/dist-packages/scripts/install/setup.bash
[25.436s] -- Up-to-date symlink: /home/shashank/Workspaces/ros2_py_ws/install/udemy_ros2_pkg/local/lib/python3.10/dist-packages/scripts/install/setup.ps1
[25.436s] -- Up-to-date symlink: /home/shashank/Workspaces/ros2_py_ws/install/udemy_ros2_pkg/local/lib/python3.10/dist-packages/scripts/install/setup.sh
[25.436s] -- Up-to-date symlink: /home/shashank/Workspaces/ros2_py_ws/install/udemy_ros2_pkg/local/lib/python3.10/dist-packages/scripts/install/setup.zsh
[25.436s] -- Up-to-date symlink: /home/shashank/Workspaces/ros2_py_ws/install/udemy_ros2_pkg/local/lib/python3.10/dist-packages/scripts/log/COLCON_IGNORE
[25.437s] -- Up-to-date symlink: /home/shashank/Workspaces/ros2_py_ws/install/udemy_ros2_pkg/local/lib/python3.10/dist-packages/scripts/log/build_2023-09-29_00-48-18/events.log
[25.437s] -- Up-to-date symlink: /home/shashank/Workspaces/ros2_py_ws/install/udemy_ros2_pkg/local/lib/python3.10/dist-packages/scripts/log/build_2023-09-29_00-48-18/logger_all.log
[25.437s] -- Up-to-date symlink: /home/shashank/Workspaces/ros2_py_ws/install/udemy_ros2_pkg/local/lib/python3.10/dist-packages/scripts/log/latest/events.log
[25.437s] -- Up-to-date symlink: /home/shashank/Workspaces/ros2_py_ws/install/udemy_ros2_pkg/local/lib/python3.10/dist-packages/scripts/log/latest/logger_all.log
[25.437s] -- Up-to-date symlink: /home/shashank/Workspaces/ros2_py_ws/install/udemy_ros2_pkg/local/lib/python3.10/dist-packages/scripts/log/latest_build/events.log
[25.441s] -- Up-to-date symlink: /home/shashank/Workspaces/ros2_py_ws/install/udemy_ros2_pkg/local/lib/python3.10/dist-packages/scripts/log/latest_build/logger_all.log
[25.445s] -- Up-to-date symlink: /home/shashank/Workspaces/ros2_py_ws/install/udemy_ros2_pkg/local/lib/python3.10/dist-packages/scripts/publisher.py
[25.446s] -- Up-to-date symlink: /home/shashank/Workspaces/ros2_py_ws/install/udemy_ros2_pkg/local/lib/python3.10/dist-packages/scripts/rpm_pub.py
[25.447s] -- Up-to-date symlink: /home/shashank/Workspaces/ros2_py_ws/install/udemy_ros2_pkg/local/lib/python3.10/dist-packages/scripts/speed_calc.py
[25.449s] -- Up-to-date symlink: /home/shashank/Workspaces/ros2_py_ws/install/udemy_ros2_pkg/local/lib/python3.10/dist-packages/scripts/subscriber.py
[25.449s] -- Up-to-date symlink: /home/shashank/Workspaces/ros2_py_ws/install/udemy_ros2_pkg/lib/udemy_ros2_pkg/publisher.py
[25.449s] -- Up-to-date symlink: /home/shashank/Workspaces/ros2_py_ws/install/udemy_ros2_pkg/lib/udemy_ros2_pkg/subscriber.py
[25.449s] -- Up-to-date symlink: /home/shashank/Workspaces/ros2_py_ws/install/udemy_ros2_pkg/lib/udemy_ros2_pkg/rpm_pub.py
[25.450s] -- Up-to-date symlink: /home/shashank/Workspaces/ros2_py_ws/install/udemy_ros2_pkg/lib/udemy_ros2_pkg/speed_calc.py
[25.450s] -- Up-to-date symlink: /home/shashank/Workspaces/ros2_py_ws/install/udemy_ros2_pkg/share/udemy_ros2_pkg//launch/rpm_node_launch.py
[25.450s] -- Up-to-date symlink: /home/shashank/Workspaces/ros2_py_ws/install/udemy_ros2_pkg/share/udemy_ros2_pkg//launch/speed_project_launch.py
[25.450s] -- Up-to-date symlink: /home/shashank/Workspaces/ros2_py_ws/install/udemy_ros2_pkg/share/ament_index/resource_index/package_run_dependencies/udemy_ros2_pkg
[25.451s] -- Up-to-date symlink: /home/shashank/Workspaces/ros2_py_ws/install/udemy_ros2_pkg/share/ament_index/resource_index/parent_prefix_path/udemy_ros2_pkg
[25.456s] -- Up-to-date symlink: /home/shashank/Workspaces/ros2_py_ws/install/udemy_ros2_pkg/share/udemy_ros2_pkg/environment/ament_prefix_path.sh
[25.456s] -- Up-to-date symlink: /home/shashank/Workspaces/ros2_py_ws/install/udemy_ros2_pkg/share/udemy_ros2_pkg/environment/ament_prefix_path.dsv
[25.457s] -- Up-to-date symlink: /home/shashank/Workspaces/ros2_py_ws/install/udemy_ros2_pkg/share/udemy_ros2_pkg/environment/path.sh
[25.457s] -- Up-to-date symlink: /home/shashank/Workspaces/ros2_py_ws/install/udemy_ros2_pkg/share/udemy_ros2_pkg/environment/path.dsv
[25.457s] -- Up-to-date symlink: /home/shashank/Workspaces/ros2_py_ws/install/udemy_ros2_pkg/share/udemy_ros2_pkg/local_setup.bash
[25.458s] -- Up-to-date symlink: /home/shashank/Workspaces/ros2_py_ws/install/udemy_ros2_pkg/share/udemy_ros2_pkg/local_setup.sh
[25.458s] -- Up-to-date symlink: /home/shashank/Workspaces/ros2_py_ws/install/udemy_ros2_pkg/share/udemy_ros2_pkg/local_setup.zsh
[25.458s] -- Up-to-date symlink: /home/shashank/Workspaces/ros2_py_ws/install/udemy_ros2_pkg/share/udemy_ros2_pkg/local_setup.dsv
[25.459s] -- Symlinking: /home/shashank/Workspaces/ros2_py_ws/install/udemy_ros2_pkg/share/udemy_ros2_pkg/package.dsv
[25.489s] -- Up-to-date symlink: /home/shashank/Workspaces/ros2_py_ws/install/udemy_ros2_pkg/share/ament_index/resource_index/packages/udemy_ros2_pkg
[25.489s] -- Symlinking: /home/shashank/Workspaces/ros2_py_ws/install/udemy_ros2_pkg/share/udemy_ros2_pkg/cmake/rosidl_cmake-extras.cmake
[25.527s] -- Symlinking: /home/shashank/Workspaces/ros2_py_ws/install/udemy_ros2_pkg/share/udemy_ros2_pkg/cmake/ament_cmake_export_include_directories-extras.cmake
[25.560s] -- Symlinking: /home/shashank/Workspaces/ros2_py_ws/install/udemy_ros2_pkg/share/udemy_ros2_pkg/cmake/ament_cmake_export_libraries-extras.cmake
[25.592s] -- Symlinking: /home/shashank/Workspaces/ros2_py_ws/install/udemy_ros2_pkg/share/udemy_ros2_pkg/cmake/ament_cmake_export_targets-extras.cmake
[25.631s] -- Symlinking: /home/shashank/Workspaces/ros2_py_ws/install/udemy_ros2_pkg/share/udemy_ros2_pkg/cmake/rosidl_cmake_export_typesupport_targets-extras.cmake
[25.657s] -- Symlinking: /home/shashank/Workspaces/ros2_py_ws/install/udemy_ros2_pkg/share/udemy_ros2_pkg/cmake/ament_cmake_export_dependencies-extras.cmake
[25.690s] -- Symlinking: /home/shashank/Workspaces/ros2_py_ws/install/udemy_ros2_pkg/share/udemy_ros2_pkg/cmake/rosidl_cmake_export_typesupport_libraries-extras.cmake
[25.721s] -- Up-to-date symlink: /home/shashank/Workspaces/ros2_py_ws/install/udemy_ros2_pkg/share/udemy_ros2_pkg/cmake/udemy_ros2_pkgConfig.cmake
[25.722s] -- Up-to-date symlink: /home/shashank/Workspaces/ros2_py_ws/install/udemy_ros2_pkg/share/udemy_ros2_pkg/cmake/udemy_ros2_pkgConfig-version.cmake
[25.722s] -- Up-to-date symlink: /home/shashank/Workspaces/ros2_py_ws/install/udemy_ros2_pkg/share/udemy_ros2_pkg/package.xml
[25.723s] -- Installing: /home/shashank/Workspaces/ros2_py_ws/install/udemy_ros2_pkg/lib/libudemy_ros2_pkg__rosidl_generator_c.so
[25.723s] -- Set runtime path of "/home/shashank/Workspaces/ros2_py_ws/install/udemy_ros2_pkg/lib/libudemy_ros2_pkg__rosidl_generator_c.so" to ""
[25.724s] -- Installing: /home/shashank/Workspaces/ros2_py_ws/install/udemy_ros2_pkg/lib/libudemy_ros2_pkg__rosidl_typesupport_fastrtps_c.so
[25.725s] -- Set runtime path of "/home/shashank/Workspaces/ros2_py_ws/install/udemy_ros2_pkg/lib/libudemy_ros2_pkg__rosidl_typesupport_fastrtps_c.so" to ""
[25.725s] -- Installing: /home/shashank/Workspaces/ros2_py_ws/install/udemy_ros2_pkg/lib/libudemy_ros2_pkg__rosidl_typesupport_introspection_c.so
[25.726s] -- Set runtime path of "/home/shashank/Workspaces/ros2_py_ws/install/udemy_ros2_pkg/lib/libudemy_ros2_pkg__rosidl_typesupport_introspection_c.so" to ""
[25.726s] -- Installing: /home/shashank/Workspaces/ros2_py_ws/install/udemy_ros2_pkg/lib/libudemy_ros2_pkg__rosidl_typesupport_c.so
[25.727s] -- Set runtime path of "/home/shashank/Workspaces/ros2_py_ws/install/udemy_ros2_pkg/lib/libudemy_ros2_pkg__rosidl_typesupport_c.so" to ""
[25.729s] -- Installing: /home/shashank/Workspaces/ros2_py_ws/install/udemy_ros2_pkg/lib/libudemy_ros2_pkg__rosidl_typesupport_fastrtps_cpp.so
[25.729s] -- Set runtime path of "/home/shashank/Workspaces/ros2_py_ws/install/udemy_ros2_pkg/lib/libudemy_ros2_pkg__rosidl_typesupport_fastrtps_cpp.so" to ""
[25.729s] -- Installing: /home/shashank/Workspaces/ros2_py_ws/install/udemy_ros2_pkg/lib/libudemy_ros2_pkg__rosidl_typesupport_introspection_cpp.so
[25.729s] -- Set runtime path of "/home/shashank/Workspaces/ros2_py_ws/install/udemy_ros2_pkg/lib/libudemy_ros2_pkg__rosidl_typesupport_introspection_cpp.so" to ""
[25.730s] -- Installing: /home/shashank/Workspaces/ros2_py_ws/install/udemy_ros2_pkg/lib/libudemy_ros2_pkg__rosidl_typesupport_cpp.so
[25.730s] -- Set runtime path of "/home/shashank/Workspaces/ros2_py_ws/install/udemy_ros2_pkg/lib/libudemy_ros2_pkg__rosidl_typesupport_cpp.so" to ""
[25.826s] Listing '/home/shashank/Workspaces/ros2_py_ws/install/udemy_ros2_pkg/local/lib/python3.10/dist-packages/udemy_ros2_pkg'...
[25.826s] Compiling '/home/shashank/Workspaces/ros2_py_ws/install/udemy_ros2_pkg/local/lib/python3.10/dist-packages/udemy_ros2_pkg/__init__.py'...
[25.826s] Listing '/home/shashank/Workspaces/ros2_py_ws/install/udemy_ros2_pkg/local/lib/python3.10/dist-packages/udemy_ros2_pkg/srv'...
[25.826s] Compiling '/home/shashank/Workspaces/ros2_py_ws/install/udemy_ros2_pkg/local/lib/python3.10/dist-packages/udemy_ros2_pkg/srv/__init__.py'...
[25.826s] Compiling '/home/shashank/Workspaces/ros2_py_ws/install/udemy_ros2_pkg/local/lib/python3.10/dist-packages/udemy_ros2_pkg/srv/_odd_even_check.py'...
[25.843s] -- Installing: /home/shashank/Workspaces/ros2_py_ws/install/udemy_ros2_pkg/lib/libudemy_ros2_pkg__rosidl_generator_py.so
[25.843s] -- Set runtime path of "/home/shashank/Workspaces/ros2_py_ws/install/udemy_ros2_pkg/lib/libudemy_ros2_pkg__rosidl_generator_py.so" to ""
[25.943s] Listing '/home/shashank/Workspaces/ros2_py_ws/install/udemy_ros2_pkg/local/lib/python3.10/dist-packages/scripts'...
[25.943s] Listing '/home/shashank/Workspaces/ros2_py_ws/install/udemy_ros2_pkg/local/lib/python3.10/dist-packages/scripts/build'...
[25.943s] Listing '/home/shashank/Workspaces/ros2_py_ws/install/udemy_ros2_pkg/local/lib/python3.10/dist-packages/scripts/install'...
[25.943s] Listing '/home/shashank/Workspaces/ros2_py_ws/install/udemy_ros2_pkg/local/lib/python3.10/dist-packages/scripts/log'...
[25.944s] Listing '/home/shashank/Workspaces/ros2_py_ws/install/udemy_ros2_pkg/local/lib/python3.10/dist-packages/scripts/log/build_2023-09-29_00-48-18'...
[25.944s] Listing '/home/shashank/Workspaces/ros2_py_ws/install/udemy_ros2_pkg/local/lib/python3.10/dist-packages/scripts/log/latest'...
[25.944s] Listing '/home/shashank/Workspaces/ros2_py_ws/install/udemy_ros2_pkg/local/lib/python3.10/dist-packages/scripts/log/latest_build'...
[25.968s] -- Installing: /home/shashank/Workspaces/ros2_py_ws/install/udemy_ros2_pkg/share/udemy_ros2_pkg/cmake/export_udemy_ros2_pkg__rosidl_generator_cExport.cmake
[25.969s] -- Installing: /home/shashank/Workspaces/ros2_py_ws/install/udemy_ros2_pkg/share/udemy_ros2_pkg/cmake/export_udemy_ros2_pkg__rosidl_generator_cExport-noconfig.cmake
[25.969s] -- Installing: /home/shashank/Workspaces/ros2_py_ws/install/udemy_ros2_pkg/share/udemy_ros2_pkg/cmake/export_udemy_ros2_pkg__rosidl_typesupport_fastrtps_cExport.cmake
[25.969s] -- Installing: /home/shashank/Workspaces/ros2_py_ws/install/udemy_ros2_pkg/share/udemy_ros2_pkg/cmake/export_udemy_ros2_pkg__rosidl_typesupport_fastrtps_cExport-noconfig.cmake
[25.969s] -- Installing: /home/shashank/Workspaces/ros2_py_ws/install/udemy_ros2_pkg/share/udemy_ros2_pkg/cmake/udemy_ros2_pkg__rosidl_typesupport_introspection_cExport.cmake
[25.970s] -- Installing: /home/shashank/Workspaces/ros2_py_ws/install/udemy_ros2_pkg/share/udemy_ros2_pkg/cmake/udemy_ros2_pkg__rosidl_typesupport_introspection_cExport-noconfig.cmake
[25.970s] -- Installing: /home/shashank/Workspaces/ros2_py_ws/install/udemy_ros2_pkg/share/udemy_ros2_pkg/cmake/udemy_ros2_pkg__rosidl_typesupport_cExport.cmake
[25.970s] -- Installing: /home/shashank/Workspaces/ros2_py_ws/install/udemy_ros2_pkg/share/udemy_ros2_pkg/cmake/udemy_ros2_pkg__rosidl_typesupport_cExport-noconfig.cmake
[25.970s] -- Installing: /home/shashank/Workspaces/ros2_py_ws/install/udemy_ros2_pkg/share/udemy_ros2_pkg/cmake/export_udemy_ros2_pkg__rosidl_generator_cppExport.cmake
[25.971s] -- Installing: /home/shashank/Workspaces/ros2_py_ws/install/udemy_ros2_pkg/share/udemy_ros2_pkg/cmake/export_udemy_ros2_pkg__rosidl_typesupport_fastrtps_cppExport.cmake
[25.977s] -- Installing: /home/shashank/Workspaces/ros2_py_ws/install/udemy_ros2_pkg/share/udemy_ros2_pkg/cmake/export_udemy_ros2_pkg__rosidl_typesupport_fastrtps_cppExport-noconfig.cmake
[25.977s] -- Installing: /home/shashank/Workspaces/ros2_py_ws/install/udemy_ros2_pkg/share/udemy_ros2_pkg/cmake/udemy_ros2_pkg__rosidl_typesupport_introspection_cppExport.cmake
[25.977s] -- Installing: /home/shashank/Workspaces/ros2_py_ws/install/udemy_ros2_pkg/share/udemy_ros2_pkg/cmake/udemy_ros2_pkg__rosidl_typesupport_introspection_cppExport-noconfig.cmake
[25.977s] -- Installing: /home/shashank/Workspaces/ros2_py_ws/install/udemy_ros2_pkg/share/udemy_ros2_pkg/cmake/udemy_ros2_pkg__rosidl_typesupport_cppExport.cmake
[25.984s] -- Installing: /home/shashank/Workspaces/ros2_py_ws/install/udemy_ros2_pkg/share/udemy_ros2_pkg/cmake/udemy_ros2_pkg__rosidl_typesupport_cppExport-noconfig.cmake
[25.985s] -- Installing: /home/shashank/Workspaces/ros2_py_ws/install/udemy_ros2_pkg/share/udemy_ros2_pkg/cmake/export_udemy_ros2_pkg__rosidl_generator_pyExport.cmake
[25.991s] -- Installing: /home/shashank/Workspaces/ros2_py_ws/install/udemy_ros2_pkg/share/udemy_ros2_pkg/cmake/export_udemy_ros2_pkg__rosidl_generator_pyExport-noconfig.cmake
[26.005s] Invoked command in '/home/shashank/Workspaces/ros2_py_ws/build/udemy_ros2_pkg' returned '0': CMAKE_PREFIX_PATH=/opt/ros/humble /usr/bin/cmake --install /home/shashank/Workspaces/ros2_py_ws/build/udemy_ros2_pkg
