[0.000000] (-) TimerEvent: {}
[0.000370] (udemy_ros2_pkg) JobQueued: {'identifier': 'udemy_ros2_pkg', 'dependencies': OrderedDict()}
[0.000496] (udemy_ros2_pkg) JobStarted: {'identifier': 'udemy_ros2_pkg'}
[0.051938] (udemy_ros2_pkg) JobProgress: {'identifier': 'udemy_ros2_pkg', 'progress': 'cmake'}
[0.055943] (udemy_ros2_pkg) JobProgress: {'identifier': 'udemy_ros2_pkg', 'progress': 'build'}
[0.058788] (udemy_ros2_pkg) Command: {'cmd': ['/usr/bin/cmake', '--build', '/home/shashank/Workspaces/ros2_py_ws/build/udemy_ros2_pkg', '--', '-j2', '-l2'], 'cwd': '/home/shashank/Workspaces/ros2_py_ws/build/udemy_ros2_pkg', 'env': OrderedDict([('GJS_DEBUG_TOPICS', 'JS ERROR;JS LOG'), ('LESSOPEN', '| /usr/bin/lesspipe %s'), ('LANGUAGE', 'en_IN:en'), ('USER', 'shashank'), ('GIO_MODULE_DIR', '/home/shashank/snap/code/common/.cache/gio-modules'), ('XDG_SESSION_TYPE', 'wayland'), ('GIT_ASKPASS', '/snap/code/141/usr/share/code/resources/app/extensions/git/dist/askpass.sh'), ('GTK_EXE_PREFIX_VSCODE_SNAP_ORIG', ''), ('GDK_BACKEND_VSCODE_SNAP_ORIG', ''), ('SHLVL', '1'), ('LD_LIBRARY_PATH', '/opt/ros/humble/opt/rviz_ogre_vendor/lib:/opt/ros/humble/lib/x86_64-linux-gnu:/opt/ros/humble/lib'), ('HOME', '/home/shashank'), ('CHROME_DESKTOP', 'code-url-handler.desktop'), ('LOCPATH_VSCODE_SNAP_ORIG', ''), ('TERM_PROGRAM_VERSION', '1.82.3'), ('DESKTOP_SESSION', 'ubuntu'), ('GTK_PATH', '/snap/code/141/usr/lib/x86_64-linux-gnu/gtk-3.0'), ('GTK_IM_MODULE_FILE', '/home/shashank/snap/code/common/.cache/immodules/immodules.cache'), ('GIO_LAUNCHED_DESKTOP_FILE', '/var/lib/snapd/desktop/applications/code_code.desktop'), ('ROS_PYTHON_VERSION', '3'), ('GNOME_SHELL_SESSION_MODE', 'ubuntu'), ('GTK_MODULES', 'gail:atk-bridge'), ('GSETTINGS_SCHEMA_DIR_VSCODE_SNAP_ORIG', ''), ('VSCODE_GIT_ASKPASS_MAIN', '/snap/code/141/usr/share/code/resources/app/extensions/git/dist/askpass-main.js'), ('VSCODE_GIT_ASKPASS_NODE', '/snap/code/141/usr/share/code/code'), ('MANAGERPID', '1567'), ('SYSTEMD_EXEC_PID', '1751'), ('IM_CONFIG_CHECK_ENV', '1'), ('DBUS_SESSION_BUS_ADDRESS', 'unix:path=/run/user/1000/bus'), ('COLORTERM', 'truecolor'), ('GIO_LAUNCHED_DESKTOP_FILE_PID', '5432'), ('IM_CONFIG_PHASE', '1'), ('WAYLAND_DISPLAY', 'wayland-0'), ('ROS_DISTRO', 'humble'), ('LOGNAME', 'shashank'), ('JOURNAL_STREAM', '8:38333'), ('_', '/usr/bin/colcon'), ('ROS_VERSION', '2'), ('XDG_CONFIG_DIRS_VSCODE_SNAP_ORIG', '/etc/xdg/xdg-ubuntu:/etc/xdg'), ('XDG_SESSION_CLASS', 'user'), ('XDG_DATA_DIRS_VSCODE_SNAP_ORIG', '/usr/share/ubuntu:/usr/local/share/:/usr/share/:/var/lib/snapd/desktop'), ('USERNAME', 'shashank'), ('TERM', 'xterm-256color'), ('GNOME_DESKTOP_SESSION_ID', 'this-is-deprecated'), ('ROS_LOCALHOST_ONLY', '0'), ('PATH', '/opt/ros/humble/bin:/usr/local/sbin:/usr/local/bin:/usr/sbin:/usr/bin:/sbin:/bin:/usr/games:/usr/local/games:/snap/bin:/snap/bin'), ('SESSION_MANAGER', 'local/u22vm:@/tmp/.ICE-unix/1702,unix/u22vm:/tmp/.ICE-unix/1702'), ('GTK_EXE_PREFIX', '/snap/code/141/usr'), ('INVOCATION_ID', '70907e85ae194b6ca77eebe25584251a'), ('XDG_MENU_PREFIX', 'gnome-'), ('BAMF_DESKTOP_FILE_HINT', '/var/lib/snapd/desktop/applications/code_code.desktop'), ('GNOME_SETUP_DISPLAY', ':1'), ('XDG_RUNTIME_DIR', '/run/user/1000'), ('GDK_BACKEND', 'x11'), ('DISPLAY', ':0'), ('LOCPATH', '/snap/code/141/usr/lib/locale'), ('LANG', 'en_US.UTF-8'), ('XDG_CURRENT_DESKTOP', 'Unity'), ('GIO_MODULE_DIR_VSCODE_SNAP_ORIG', ''), ('XMODIFIERS', '@im=ibus'), ('XDG_SESSION_DESKTOP', 'ubuntu'), ('XAUTHORITY', '/run/user/1000/.mutter-Xwaylandauth.EHOZB2'), ('LS_COLORS', ''), ('VSCODE_GIT_IPC_HANDLE', '/run/user/1000/vscode-git-d5da9aee6b.sock'), ('TERM_PROGRAM', 'vscode'), ('SSH_AGENT_LAUNCHER', 'gnome-keyring'), ('SSH_AUTH_SOCK', '/run/user/1000/keyring/ssh'), ('GSETTINGS_SCHEMA_DIR', '/home/shashank/snap/code/141/.local/share/glib-2.0/schemas'), ('AMENT_PREFIX_PATH', '/opt/ros/humble'), ('ORIGINAL_XDG_CURRENT_DESKTOP', 'ubuntu:GNOME'), ('SHELL', '/bin/bash'), ('QT_ACCESSIBILITY', '1'), ('GDMSESSION', 'ubuntu'), ('LESSCLOSE', '/usr/bin/lesspipe %s %s'), ('GTK_PATH_VSCODE_SNAP_ORIG', ''), ('GTK_IM_MODULE_FILE_VSCODE_SNAP_ORIG', ''), ('GJS_DEBUG_OUTPUT', 'stderr'), ('VSCODE_GIT_ASKPASS_EXTRA_ARGS', '--ms-enable-electron-run-as-node'), ('QT_IM_MODULE', 'ibus'), ('PWD', '/home/shashank/Workspaces/ros2_py_ws/build/udemy_ros2_pkg'), ('LC_ALL', 'en_US.UTF-8'), ('XDG_CONFIG_DIRS', '/etc/xdg/xdg-ubuntu:/etc/xdg'), ('XDG_DATA_DIRS', '/home/shashank/snap/code/141/.local/share:/home/shashank/snap/code/141:/snap/code/141/usr/share:/usr/share/ubuntu:/usr/local/share/:/usr/share/:/var/lib/snapd/desktop'), ('PYTHONPATH', '/opt/ros/humble/lib/python3.10/site-packages:/opt/ros/humble/local/lib/python3.10/dist-packages'), ('COLCON', '1'), ('CMAKE_PREFIX_PATH', '/opt/ros/humble')]), 'shell': False}
[0.104651] (-) TimerEvent: {}
[0.168970] (udemy_ros2_pkg) StdoutLine: {'line': b'-- Found ament_cmake: 1.3.5 (/opt/ros/humble/share/ament_cmake/cmake)\n'}
[0.207567] (-) TimerEvent: {}
[0.308258] (-) TimerEvent: {}
[0.409380] (-) TimerEvent: {}
[0.510379] (-) TimerEvent: {}
[0.611298] (-) TimerEvent: {}
[0.650395] (udemy_ros2_pkg) StdoutLine: {'line': b'-- Override CMake install command with custom implementation using symlinks instead of copying resources\n'}
[0.679242] (udemy_ros2_pkg) StdoutLine: {'line': b'-- Found rclpy: 3.3.9 (/opt/ros/humble/share/rclpy/cmake)\n'}
[0.679849] (udemy_ros2_pkg) StdoutLine: {'line': b'-- Found rosidl_default_generators: 1.2.0 (/opt/ros/humble/share/rosidl_default_generators/cmake)\n'}
[0.683641] (udemy_ros2_pkg) StdoutLine: {'line': b'-- Using all available rosidl_typesupport_c: rosidl_typesupport_fastrtps_c;rosidl_typesupport_introspection_c\n'}
[0.696205] (udemy_ros2_pkg) StdoutLine: {'line': b'-- Found rosidl_adapter: 3.1.5 (/opt/ros/humble/share/rosidl_adapter/cmake)\n'}
[0.711776] (-) TimerEvent: {}
[0.812803] (-) TimerEvent: {}
[0.817054] (udemy_ros2_pkg) StdoutLine: {'line': b'-- Using all available rosidl_typesupport_cpp: rosidl_typesupport_fastrtps_cpp;rosidl_typesupport_introspection_cpp\n'}
[0.913285] (-) TimerEvent: {}
[1.014276] (-) TimerEvent: {}
[1.115680] (-) TimerEvent: {}
[1.216430] (-) TimerEvent: {}
[1.317206] (-) TimerEvent: {}
[1.417721] (-) TimerEvent: {}
[1.518478] (-) TimerEvent: {}
[1.619510] (-) TimerEvent: {}
[1.711822] (udemy_ros2_pkg) StdoutLine: {'line': b'-- Found ament_cmake_ros: 0.10.0 (/opt/ros/humble/share/ament_cmake_ros/cmake)\n'}
[1.719807] (-) TimerEvent: {}
[1.821989] (-) TimerEvent: {}
[1.923167] (-) TimerEvent: {}
[2.024062] (-) TimerEvent: {}
[2.124829] (-) TimerEvent: {}
[2.225803] (-) TimerEvent: {}
[2.234417] (udemy_ros2_pkg) StdoutLine: {'line': b'-- Using all available rosidl_typesupport_c: rosidl_typesupport_fastrtps_c;rosidl_typesupport_introspection_c\n'}
[2.326059] (-) TimerEvent: {}
[2.427285] (-) TimerEvent: {}
[2.528058] (-) TimerEvent: {}
[2.631077] (-) TimerEvent: {}
[2.732157] (-) TimerEvent: {}
[2.832819] (-) TimerEvent: {}
[2.933547] (-) TimerEvent: {}
[2.993154] (udemy_ros2_pkg) StdoutLine: {'line': b'-- Using all available rosidl_typesupport_cpp: rosidl_typesupport_fastrtps_cpp;rosidl_typesupport_introspection_cpp\n'}
[3.033808] (-) TimerEvent: {}
[3.056297] (udemy_ros2_pkg) StdoutLine: {'line': b'-- Found python_cmake_module: 0.10.0 (/opt/ros/humble/share/python_cmake_module/cmake)\n'}
[3.113800] (udemy_ros2_pkg) StdoutLine: {'line': b'-- Using PYTHON_EXECUTABLE: /usr/bin/python3\n'}
[3.114225] (udemy_ros2_pkg) StdoutLine: {'line': b'-- Using PYTHON_INCLUDE_DIRS: /usr/include/python3.10\n'}
[3.114417] (udemy_ros2_pkg) StdoutLine: {'line': b'-- Using PYTHON_LIBRARIES: /usr/lib/x86_64-linux-gnu/libpython3.10.so\n'}
[3.134680] (-) TimerEvent: {}
[3.151991] (udemy_ros2_pkg) StdoutLine: {'line': b'-- Found ament_lint_auto: 0.12.7 (/opt/ros/humble/share/ament_lint_auto/cmake)\n'}
[3.200393] (udemy_ros2_pkg) StdoutLine: {'line': b"-- Added test 'flake8' to check Python code syntax and style conventions\n"}
[3.202645] (udemy_ros2_pkg) StdoutLine: {'line': b"-- Added test 'lint_cmake' to check CMake code style\n"}
[3.204772] (udemy_ros2_pkg) StdoutLine: {'line': b"-- Added test 'pep257' to check Python code against some of the docstring style conventions in PEP 257\n"}
[3.212656] (udemy_ros2_pkg) StdoutLine: {'line': b"-- Added test 'xmllint' to check XML markup files\n"}
[3.222385] (udemy_ros2_pkg) StdoutLine: {'line': b'-- Configuring done\n'}
[3.235083] (-) TimerEvent: {}
[3.335844] (-) TimerEvent: {}
[3.342861] (udemy_ros2_pkg) StdoutLine: {'line': b'-- Generating done\n'}
[3.364405] (udemy_ros2_pkg) StdoutLine: {'line': b'-- Build files have been written to: /home/shashank/Workspaces/ros2_py_ws/build/udemy_ros2_pkg\n'}
[3.436465] (-) TimerEvent: {}
[3.472068] (udemy_ros2_pkg) StdoutLine: {'line': b'[  3%] Built target udemy_ros2_pkg__cpp\n'}
[3.501653] (udemy_ros2_pkg) StdoutLine: {'line': b'\x1b[35m\x1b[1mConsolidate compiler generated dependencies of target udemy_ros2_pkg__rosidl_generator_c\x1b[0m\n'}
[3.529068] (udemy_ros2_pkg) StdoutLine: {'line': b'[ 12%] Built target udemy_ros2_pkg__rosidl_generator_c\n'}
[3.536679] (-) TimerEvent: {}
[3.630569] (udemy_ros2_pkg) StdoutLine: {'line': b'[ 12%] Built target ament_cmake_python_symlink_udemy_ros2_pkg\n'}
[3.637855] (-) TimerEvent: {}
[3.694055] (udemy_ros2_pkg) StdoutLine: {'line': b'[ 12%] Built target ament_cmake_python_symlink_scripts\n'}
[3.716915] (udemy_ros2_pkg) StdoutLine: {'line': b'\x1b[35m\x1b[1mConsolidate compiler generated dependencies of target udemy_ros2_pkg__rosidl_typesupport_cpp\x1b[0m\n'}
[3.738119] (-) TimerEvent: {}
[3.746143] (udemy_ros2_pkg) StdoutLine: {'line': b'[ 22%] Built target udemy_ros2_pkg__rosidl_typesupport_cpp\n'}
[3.773714] (udemy_ros2_pkg) StdoutLine: {'line': b'\x1b[35m\x1b[1mConsolidate compiler generated dependencies of target udemy_ros2_pkg__rosidl_typesupport_fastrtps_c\x1b[0m\n'}
[3.838424] (-) TimerEvent: {}
[3.839246] (udemy_ros2_pkg) StdoutLine: {'line': b'[ 32%] Built target udemy_ros2_pkg__rosidl_typesupport_fastrtps_c\n'}
[3.868848] (udemy_ros2_pkg) StdoutLine: {'line': b'\x1b[35m\x1b[1mConsolidate compiler generated dependencies of target udemy_ros2_pkg__rosidl_typesupport_introspection_c\x1b[0m\n'}
[3.891562] (udemy_ros2_pkg) StdoutLine: {'line': b'[ 41%] Built target udemy_ros2_pkg__rosidl_typesupport_introspection_c\n'}
[3.925639] (udemy_ros2_pkg) StdoutLine: {'line': b'\x1b[35m\x1b[1mConsolidate compiler generated dependencies of target udemy_ros2_pkg__rosidl_typesupport_c\x1b[0m\n'}
[3.938673] (-) TimerEvent: {}
[3.988519] (udemy_ros2_pkg) StdoutLine: {'line': b'[ 51%] Built target udemy_ros2_pkg__rosidl_typesupport_c\n'}
[4.025371] (udemy_ros2_pkg) StdoutLine: {'line': b'\x1b[35m\x1b[1mConsolidate compiler generated dependencies of target udemy_ros2_pkg__rosidl_typesupport_fastrtps_cpp\x1b[0m\n'}
[4.040677] (-) TimerEvent: {}
[4.066892] (udemy_ros2_pkg) StdoutLine: {'line': b'[ 61%] Built target udemy_ros2_pkg__rosidl_typesupport_fastrtps_cpp\n'}
[4.094955] (udemy_ros2_pkg) StdoutLine: {'line': b'\x1b[35m\x1b[1mConsolidate compiler generated dependencies of target udemy_ros2_pkg__rosidl_typesupport_introspection_cpp\x1b[0m\n'}
[4.132639] (udemy_ros2_pkg) StdoutLine: {'line': b'[ 70%] Built target udemy_ros2_pkg__rosidl_typesupport_introspection_cpp\n'}
[4.141347] (-) TimerEvent: {}
[4.242802] (-) TimerEvent: {}
[4.343970] (-) TimerEvent: {}
[4.444488] (-) TimerEvent: {}
[4.545734] (-) TimerEvent: {}
[4.647251] (-) TimerEvent: {}
[4.748703] (-) TimerEvent: {}
[4.849379] (-) TimerEvent: {}
[4.949044] (udemy_ros2_pkg) StdoutLine: {'line': b'running egg_info\n'}
[4.949489] (-) TimerEvent: {}
[4.952511] (udemy_ros2_pkg) StdoutLine: {'line': b'writing udemy_ros2_pkg.egg-info/PKG-INFO\n'}
[4.953625] (udemy_ros2_pkg) StdoutLine: {'line': b'writing dependency_links to udemy_ros2_pkg.egg-info/dependency_links.txt\n'}
[4.954505] (udemy_ros2_pkg) StdoutLine: {'line': b'writing top-level names to udemy_ros2_pkg.egg-info/top_level.txt\n'}
[4.963478] (udemy_ros2_pkg) StdoutLine: {'line': b"reading manifest file 'udemy_ros2_pkg.egg-info/SOURCES.txt'\n"}
[4.968105] (udemy_ros2_pkg) StdoutLine: {'line': b"writing manifest file 'udemy_ros2_pkg.egg-info/SOURCES.txt'\n"}
[5.049940] (-) TimerEvent: {}
[5.064408] (udemy_ros2_pkg) StdoutLine: {'line': b'[ 70%] Built target ament_cmake_python_build_udemy_ros2_pkg_egg\n'}
[5.150871] (-) TimerEvent: {}
[5.251900] (-) TimerEvent: {}
[5.352562] (-) TimerEvent: {}
[5.453841] (-) TimerEvent: {}
[5.554609] (-) TimerEvent: {}
[5.656070] (-) TimerEvent: {}
[5.757373] (-) TimerEvent: {}
[5.784610] (udemy_ros2_pkg) StdoutLine: {'line': b'running egg_info\n'}
[5.787499] (udemy_ros2_pkg) StdoutLine: {'line': b'writing scripts.egg-info/PKG-INFO\n'}
[5.788939] (udemy_ros2_pkg) StdoutLine: {'line': b'writing dependency_links to scripts.egg-info/dependency_links.txt\n'}
[5.789969] (udemy_ros2_pkg) StdoutLine: {'line': b'writing top-level names to scripts.egg-info/top_level.txt\n'}
[5.797297] (udemy_ros2_pkg) StdoutLine: {'line': b"reading manifest file 'scripts.egg-info/SOURCES.txt'\n"}
[5.798745] (udemy_ros2_pkg) StdoutLine: {'line': b"writing manifest file 'scripts.egg-info/SOURCES.txt'\n"}
[5.857623] (-) TimerEvent: {}
[5.900031] (udemy_ros2_pkg) StdoutLine: {'line': b'[ 70%] Built target ament_cmake_python_build_scripts_egg\n'}
[5.958536] (-) TimerEvent: {}
[5.977927] (udemy_ros2_pkg) StdoutLine: {'line': b'[ 70%] Built target udemy_ros2_pkg\n'}
[6.061260] (-) TimerEvent: {}
[6.096608] (udemy_ros2_pkg) StdoutLine: {'line': b'[ 74%] Built target udemy_ros2_pkg__py\n'}
[6.159406] (udemy_ros2_pkg) StdoutLine: {'line': b'\x1b[35m\x1b[1mConsolidate compiler generated dependencies of target udemy_ros2_pkg__rosidl_generator_py\x1b[0m\n'}
[6.161656] (-) TimerEvent: {}
[6.210274] (udemy_ros2_pkg) StdoutLine: {'line': b'[ 80%] Built target udemy_ros2_pkg__rosidl_generator_py\n'}
[6.244444] (udemy_ros2_pkg) StdoutLine: {'line': b'\x1b[35m\x1b[1mConsolidate compiler generated dependencies of target udemy_ros2_pkg__rosidl_typesupport_fastrtps_c__pyext\x1b[0m\n'}
[6.262045] (-) TimerEvent: {}
[6.283006] (udemy_ros2_pkg) StdoutLine: {'line': b'[ 87%] Built target udemy_ros2_pkg__rosidl_typesupport_fastrtps_c__pyext\n'}
[6.309119] (udemy_ros2_pkg) StdoutLine: {'line': b'\x1b[35m\x1b[1mConsolidate compiler generated dependencies of target udemy_ros2_pkg__rosidl_typesupport_introspection_c__pyext\x1b[0m\n'}
[6.364433] (-) TimerEvent: {}
[6.376681] (udemy_ros2_pkg) StdoutLine: {'line': b'[ 93%] Built target udemy_ros2_pkg__rosidl_typesupport_introspection_c__pyext\n'}
[6.417007] (udemy_ros2_pkg) StdoutLine: {'line': b'\x1b[35m\x1b[1mConsolidate compiler generated dependencies of target udemy_ros2_pkg__rosidl_typesupport_c__pyext\x1b[0m\n'}
[6.453516] (udemy_ros2_pkg) StdoutLine: {'line': b'[100%] Built target udemy_ros2_pkg__rosidl_typesupport_c__pyext\n'}
[6.464896] (-) TimerEvent: {}
[6.501594] (udemy_ros2_pkg) CommandEnded: {'returncode': 0}
[6.567011] (-) TimerEvent: {}
[6.668010] (-) TimerEvent: {}
[6.751394] (udemy_ros2_pkg) JobProgress: {'identifier': 'udemy_ros2_pkg', 'progress': 'install'}
[6.768555] (-) TimerEvent: {}
[6.796405] (udemy_ros2_pkg) Command: {'cmd': ['/usr/bin/cmake', '--install', '/home/shashank/Workspaces/ros2_py_ws/build/udemy_ros2_pkg'], 'cwd': '/home/shashank/Workspaces/ros2_py_ws/build/udemy_ros2_pkg', 'env': OrderedDict([('GJS_DEBUG_TOPICS', 'JS ERROR;JS LOG'), ('LESSOPEN', '| /usr/bin/lesspipe %s'), ('LANGUAGE', 'en_IN:en'), ('USER', 'shashank'), ('GIO_MODULE_DIR', '/home/shashank/snap/code/common/.cache/gio-modules'), ('XDG_SESSION_TYPE', 'wayland'), ('GIT_ASKPASS', '/snap/code/141/usr/share/code/resources/app/extensions/git/dist/askpass.sh'), ('GTK_EXE_PREFIX_VSCODE_SNAP_ORIG', ''), ('GDK_BACKEND_VSCODE_SNAP_ORIG', ''), ('SHLVL', '1'), ('LD_LIBRARY_PATH', '/opt/ros/humble/opt/rviz_ogre_vendor/lib:/opt/ros/humble/lib/x86_64-linux-gnu:/opt/ros/humble/lib'), ('HOME', '/home/shashank'), ('CHROME_DESKTOP', 'code-url-handler.desktop'), ('LOCPATH_VSCODE_SNAP_ORIG', ''), ('TERM_PROGRAM_VERSION', '1.82.3'), ('DESKTOP_SESSION', 'ubuntu'), ('GTK_PATH', '/snap/code/141/usr/lib/x86_64-linux-gnu/gtk-3.0'), ('GTK_IM_MODULE_FILE', '/home/shashank/snap/code/common/.cache/immodules/immodules.cache'), ('GIO_LAUNCHED_DESKTOP_FILE', '/var/lib/snapd/desktop/applications/code_code.desktop'), ('ROS_PYTHON_VERSION', '3'), ('GNOME_SHELL_SESSION_MODE', 'ubuntu'), ('GTK_MODULES', 'gail:atk-bridge'), ('GSETTINGS_SCHEMA_DIR_VSCODE_SNAP_ORIG', ''), ('VSCODE_GIT_ASKPASS_MAIN', '/snap/code/141/usr/share/code/resources/app/extensions/git/dist/askpass-main.js'), ('VSCODE_GIT_ASKPASS_NODE', '/snap/code/141/usr/share/code/code'), ('MANAGERPID', '1567'), ('SYSTEMD_EXEC_PID', '1751'), ('IM_CONFIG_CHECK_ENV', '1'), ('DBUS_SESSION_BUS_ADDRESS', 'unix:path=/run/user/1000/bus'), ('COLORTERM', 'truecolor'), ('GIO_LAUNCHED_DESKTOP_FILE_PID', '5432'), ('IM_CONFIG_PHASE', '1'), ('WAYLAND_DISPLAY', 'wayland-0'), ('ROS_DISTRO', 'humble'), ('LOGNAME', 'shashank'), ('JOURNAL_STREAM', '8:38333'), ('_', '/usr/bin/colcon'), ('ROS_VERSION', '2'), ('XDG_CONFIG_DIRS_VSCODE_SNAP_ORIG', '/etc/xdg/xdg-ubuntu:/etc/xdg'), ('XDG_SESSION_CLASS', 'user'), ('XDG_DATA_DIRS_VSCODE_SNAP_ORIG', '/usr/share/ubuntu:/usr/local/share/:/usr/share/:/var/lib/snapd/desktop'), ('USERNAME', 'shashank'), ('TERM', 'xterm-256color'), ('GNOME_DESKTOP_SESSION_ID', 'this-is-deprecated'), ('ROS_LOCALHOST_ONLY', '0'), ('PATH', '/opt/ros/humble/bin:/usr/local/sbin:/usr/local/bin:/usr/sbin:/usr/bin:/sbin:/bin:/usr/games:/usr/local/games:/snap/bin:/snap/bin'), ('SESSION_MANAGER', 'local/u22vm:@/tmp/.ICE-unix/1702,unix/u22vm:/tmp/.ICE-unix/1702'), ('GTK_EXE_PREFIX', '/snap/code/141/usr'), ('INVOCATION_ID', '70907e85ae194b6ca77eebe25584251a'), ('XDG_MENU_PREFIX', 'gnome-'), ('BAMF_DESKTOP_FILE_HINT', '/var/lib/snapd/desktop/applications/code_code.desktop'), ('GNOME_SETUP_DISPLAY', ':1'), ('XDG_RUNTIME_DIR', '/run/user/1000'), ('GDK_BACKEND', 'x11'), ('DISPLAY', ':0'), ('LOCPATH', '/snap/code/141/usr/lib/locale'), ('LANG', 'en_US.UTF-8'), ('XDG_CURRENT_DESKTOP', 'Unity'), ('GIO_MODULE_DIR_VSCODE_SNAP_ORIG', ''), ('XMODIFIERS', '@im=ibus'), ('XDG_SESSION_DESKTOP', 'ubuntu'), ('XAUTHORITY', '/run/user/1000/.mutter-Xwaylandauth.EHOZB2'), ('LS_COLORS', ''), ('VSCODE_GIT_IPC_HANDLE', '/run/user/1000/vscode-git-d5da9aee6b.sock'), ('TERM_PROGRAM', 'vscode'), ('SSH_AGENT_LAUNCHER', 'gnome-keyring'), ('SSH_AUTH_SOCK', '/run/user/1000/keyring/ssh'), ('GSETTINGS_SCHEMA_DIR', '/home/shashank/snap/code/141/.local/share/glib-2.0/schemas'), ('AMENT_PREFIX_PATH', '/opt/ros/humble'), ('ORIGINAL_XDG_CURRENT_DESKTOP', 'ubuntu:GNOME'), ('SHELL', '/bin/bash'), ('QT_ACCESSIBILITY', '1'), ('GDMSESSION', 'ubuntu'), ('LESSCLOSE', '/usr/bin/lesspipe %s %s'), ('GTK_PATH_VSCODE_SNAP_ORIG', ''), ('GTK_IM_MODULE_FILE_VSCODE_SNAP_ORIG', ''), ('GJS_DEBUG_OUTPUT', 'stderr'), ('VSCODE_GIT_ASKPASS_EXTRA_ARGS', '--ms-enable-electron-run-as-node'), ('QT_IM_MODULE', 'ibus'), ('PWD', '/home/shashank/Workspaces/ros2_py_ws/build/udemy_ros2_pkg'), ('LC_ALL', 'en_US.UTF-8'), ('XDG_CONFIG_DIRS', '/etc/xdg/xdg-ubuntu:/etc/xdg'), ('XDG_DATA_DIRS', '/home/shashank/snap/code/141/.local/share:/home/shashank/snap/code/141:/snap/code/141/usr/share:/usr/share/ubuntu:/usr/local/share/:/usr/share/:/var/lib/snapd/desktop'), ('PYTHONPATH', '/opt/ros/humble/lib/python3.10/site-packages:/opt/ros/humble/local/lib/python3.10/dist-packages'), ('COLCON', '1'), ('CMAKE_PREFIX_PATH', '/opt/ros/humble')]), 'shell': False}
[6.863223] (udemy_ros2_pkg) StdoutLine: {'line': b'-- Install configuration: ""\n'}
[6.865646] (udemy_ros2_pkg) StdoutLine: {'line': b'-- Execute custom install script\n'}
[6.872150] (-) TimerEvent: {}
[6.873205] (udemy_ros2_pkg) StdoutLine: {'line': b'-- Up-to-date symlink: /home/shashank/Workspaces/ros2_py_ws/install/udemy_ros2_pkg/share/ament_index/resource_index/rosidl_interfaces/udemy_ros2_pkg\n'}
[6.875083] (udemy_ros2_pkg) StdoutLine: {'line': b'-- Up-to-date symlink: /home/shashank/Workspaces/ros2_py_ws/install/udemy_ros2_pkg/include/udemy_ros2_pkg/udemy_ros2_pkg/msg/rosidl_generator_c__visibility_control.h\n'}
[6.876042] (udemy_ros2_pkg) StdoutLine: {'line': b'-- Up-to-date symlink: /home/shashank/Workspaces/ros2_py_ws/install/udemy_ros2_pkg/include/udemy_ros2_pkg/udemy_ros2_pkg/srv/detail/odd_even_check__functions.h\n'}
[6.879939] (udemy_ros2_pkg) StdoutLine: {'line': b'-- Up-to-date symlink: /home/shashank/Workspaces/ros2_py_ws/install/udemy_ros2_pkg/include/udemy_ros2_pkg/udemy_ros2_pkg/srv/detail/odd_even_check__struct.h\n'}
[6.881264] (udemy_ros2_pkg) StdoutLine: {'line': b'-- Up-to-date symlink: /home/shashank/Workspaces/ros2_py_ws/install/udemy_ros2_pkg/include/udemy_ros2_pkg/udemy_ros2_pkg/srv/detail/odd_even_check__type_support.h\n'}
[6.881946] (udemy_ros2_pkg) StdoutLine: {'line': b'-- Up-to-date symlink: /home/shashank/Workspaces/ros2_py_ws/install/udemy_ros2_pkg/include/udemy_ros2_pkg/udemy_ros2_pkg/srv/odd_even_check.h\n'}
[6.882844] (udemy_ros2_pkg) StdoutLine: {'line': b'-- Up-to-date symlink: /home/shashank/Workspaces/ros2_py_ws/install/udemy_ros2_pkg/share/udemy_ros2_pkg/environment/library_path.sh\n'}
[6.883628] (udemy_ros2_pkg) StdoutLine: {'line': b'-- Up-to-date symlink: /home/shashank/Workspaces/ros2_py_ws/install/udemy_ros2_pkg/share/udemy_ros2_pkg/environment/library_path.dsv\n'}
[6.885581] (udemy_ros2_pkg) StdoutLine: {'line': b'-- Up-to-date symlink: /home/shashank/Workspaces/ros2_py_ws/install/udemy_ros2_pkg/include/udemy_ros2_pkg/udemy_ros2_pkg/msg/rosidl_typesupport_fastrtps_c__visibility_control.h\n'}
[6.886861] (udemy_ros2_pkg) StdoutLine: {'line': b'-- Up-to-date symlink: /home/shashank/Workspaces/ros2_py_ws/install/udemy_ros2_pkg/include/udemy_ros2_pkg/udemy_ros2_pkg/srv/detail/odd_even_check__rosidl_typesupport_fastrtps_c.h\n'}
[6.889420] (udemy_ros2_pkg) StdoutLine: {'line': b'-- Up-to-date symlink: /home/shashank/Workspaces/ros2_py_ws/install/udemy_ros2_pkg/include/udemy_ros2_pkg/udemy_ros2_pkg/msg/rosidl_typesupport_introspection_c__visibility_control.h\n'}
[6.890460] (udemy_ros2_pkg) StdoutLine: {'line': b'-- Up-to-date symlink: /home/shashank/Workspaces/ros2_py_ws/install/udemy_ros2_pkg/include/udemy_ros2_pkg/udemy_ros2_pkg/srv/detail/odd_even_check__rosidl_typesupport_introspection_c.h\n'}
[6.891781] (udemy_ros2_pkg) StdoutLine: {'line': b'-- Up-to-date symlink: /home/shashank/Workspaces/ros2_py_ws/install/udemy_ros2_pkg/include/udemy_ros2_pkg/udemy_ros2_pkg/srv/detail/odd_even_check__builder.hpp\n'}
[6.892641] (udemy_ros2_pkg) StdoutLine: {'line': b'-- Up-to-date symlink: /home/shashank/Workspaces/ros2_py_ws/install/udemy_ros2_pkg/include/udemy_ros2_pkg/udemy_ros2_pkg/srv/detail/odd_even_check__struct.hpp\n'}
[6.893460] (udemy_ros2_pkg) StdoutLine: {'line': b'-- Up-to-date symlink: /home/shashank/Workspaces/ros2_py_ws/install/udemy_ros2_pkg/include/udemy_ros2_pkg/udemy_ros2_pkg/srv/detail/odd_even_check__traits.hpp\n'}
[6.894266] (udemy_ros2_pkg) StdoutLine: {'line': b'-- Up-to-date symlink: /home/shashank/Workspaces/ros2_py_ws/install/udemy_ros2_pkg/include/udemy_ros2_pkg/udemy_ros2_pkg/srv/odd_even_check.hpp\n'}
[6.899843] (udemy_ros2_pkg) StdoutLine: {'line': b'-- Up-to-date symlink: /home/shashank/Workspaces/ros2_py_ws/install/udemy_ros2_pkg/include/udemy_ros2_pkg/udemy_ros2_pkg/msg/rosidl_typesupport_fastrtps_cpp__visibility_control.h\n'}
[6.901613] (udemy_ros2_pkg) StdoutLine: {'line': b'-- Up-to-date symlink: /home/shashank/Workspaces/ros2_py_ws/install/udemy_ros2_pkg/include/udemy_ros2_pkg/udemy_ros2_pkg/srv/detail/odd_even_check__rosidl_typesupport_fastrtps_cpp.hpp\n'}
[6.902935] (udemy_ros2_pkg) StdoutLine: {'line': b'-- Up-to-date symlink: /home/shashank/Workspaces/ros2_py_ws/install/udemy_ros2_pkg/include/udemy_ros2_pkg/udemy_ros2_pkg/srv/detail/odd_even_check__rosidl_typesupport_introspection_cpp.hpp\n'}
[6.904130] (udemy_ros2_pkg) StdoutLine: {'line': b'-- Up-to-date symlink: /home/shashank/Workspaces/ros2_py_ws/install/udemy_ros2_pkg/share/udemy_ros2_pkg/environment/pythonpath.sh\n'}
[6.905576] (udemy_ros2_pkg) StdoutLine: {'line': b'-- Up-to-date symlink: /home/shashank/Workspaces/ros2_py_ws/install/udemy_ros2_pkg/share/udemy_ros2_pkg/environment/pythonpath.dsv\n'}
[6.906842] (udemy_ros2_pkg) StdoutLine: {'line': b'-- Up-to-date symlink: /home/shashank/Workspaces/ros2_py_ws/install/udemy_ros2_pkg/local/lib/python3.10/dist-packages/udemy_ros2_pkg-0.0.0-py3.10.egg-info/PKG-INFO\n'}
[6.908219] (udemy_ros2_pkg) StdoutLine: {'line': b'-- Up-to-date symlink: /home/shashank/Workspaces/ros2_py_ws/install/udemy_ros2_pkg/local/lib/python3.10/dist-packages/udemy_ros2_pkg-0.0.0-py3.10.egg-info/SOURCES.txt\n'}
[6.908580] (udemy_ros2_pkg) StdoutLine: {'line': b'-- Up-to-date symlink: /home/shashank/Workspaces/ros2_py_ws/install/udemy_ros2_pkg/local/lib/python3.10/dist-packages/udemy_ros2_pkg-0.0.0-py3.10.egg-info/dependency_links.txt\n'}
[6.909173] (udemy_ros2_pkg) StdoutLine: {'line': b'-- Up-to-date symlink: /home/shashank/Workspaces/ros2_py_ws/install/udemy_ros2_pkg/local/lib/python3.10/dist-packages/udemy_ros2_pkg-0.0.0-py3.10.egg-info/top_level.txt\n'}
[6.912513] (udemy_ros2_pkg) StdoutLine: {'line': b'-- Up-to-date symlink: /home/shashank/Workspaces/ros2_py_ws/install/udemy_ros2_pkg/local/lib/python3.10/dist-packages/udemy_ros2_pkg/__init__.py\n'}
[6.913963] (udemy_ros2_pkg) StdoutLine: {'line': b'-- Up-to-date symlink: /home/shashank/Workspaces/ros2_py_ws/install/udemy_ros2_pkg/local/lib/python3.10/dist-packages/udemy_ros2_pkg/_udemy_ros2_pkg_s.ep.rosidl_typesupport_c.c\n'}
[6.915145] (udemy_ros2_pkg) StdoutLine: {'line': b'-- Up-to-date symlink: /home/shashank/Workspaces/ros2_py_ws/install/udemy_ros2_pkg/local/lib/python3.10/dist-packages/udemy_ros2_pkg/_udemy_ros2_pkg_s.ep.rosidl_typesupport_fastrtps_c.c\n'}
[6.915921] (udemy_ros2_pkg) StdoutLine: {'line': b'-- Up-to-date symlink: /home/shashank/Workspaces/ros2_py_ws/install/udemy_ros2_pkg/local/lib/python3.10/dist-packages/udemy_ros2_pkg/_udemy_ros2_pkg_s.ep.rosidl_typesupport_introspection_c.c\n'}
[6.918343] (udemy_ros2_pkg) StdoutLine: {'line': b'-- Up-to-date symlink: /home/shashank/Workspaces/ros2_py_ws/install/udemy_ros2_pkg/local/lib/python3.10/dist-packages/udemy_ros2_pkg/libudemy_ros2_pkg__rosidl_generator_py.so\n'}
[6.919297] (udemy_ros2_pkg) StdoutLine: {'line': b'-- Up-to-date symlink: /home/shashank/Workspaces/ros2_py_ws/install/udemy_ros2_pkg/local/lib/python3.10/dist-packages/udemy_ros2_pkg/srv/__init__.py\n'}
[6.921268] (udemy_ros2_pkg) StdoutLine: {'line': b'-- Up-to-date symlink: /home/shashank/Workspaces/ros2_py_ws/install/udemy_ros2_pkg/local/lib/python3.10/dist-packages/udemy_ros2_pkg/srv/_odd_even_check.py\n'}
[6.922480] (udemy_ros2_pkg) StdoutLine: {'line': b'-- Up-to-date symlink: /home/shashank/Workspaces/ros2_py_ws/install/udemy_ros2_pkg/local/lib/python3.10/dist-packages/udemy_ros2_pkg/srv/_odd_even_check_s.c\n'}
[6.923683] (udemy_ros2_pkg) StdoutLine: {'line': b'-- Up-to-date symlink: /home/shashank/Workspaces/ros2_py_ws/install/udemy_ros2_pkg/local/lib/python3.10/dist-packages/udemy_ros2_pkg/udemy_ros2_pkg_s__rosidl_typesupport_c.cpython-310-x86_64-linux-gnu.so\n'}
[6.924782] (udemy_ros2_pkg) StdoutLine: {'line': b'-- Up-to-date symlink: /home/shashank/Workspaces/ros2_py_ws/install/udemy_ros2_pkg/local/lib/python3.10/dist-packages/udemy_ros2_pkg/udemy_ros2_pkg_s__rosidl_typesupport_fastrtps_c.cpython-310-x86_64-linux-gnu.so\n'}
[6.925978] (udemy_ros2_pkg) StdoutLine: {'line': b'-- Up-to-date symlink: /home/shashank/Workspaces/ros2_py_ws/install/udemy_ros2_pkg/local/lib/python3.10/dist-packages/udemy_ros2_pkg/udemy_ros2_pkg_s__rosidl_typesupport_introspection_c.cpython-310-x86_64-linux-gnu.so\n'}
[6.927235] (udemy_ros2_pkg) StdoutLine: {'line': b'-- Up-to-date symlink: /home/shashank/Workspaces/ros2_py_ws/install/udemy_ros2_pkg/local/lib/python3.10/dist-packages/udemy_ros2_pkg/udemy_ros2_pkg_s__rosidl_typesupport_fastrtps_c.cpython-310-x86_64-linux-gnu.so\n'}
[6.935140] (udemy_ros2_pkg) StdoutLine: {'line': b'-- Up-to-date symlink: /home/shashank/Workspaces/ros2_py_ws/install/udemy_ros2_pkg/local/lib/python3.10/dist-packages/udemy_ros2_pkg/udemy_ros2_pkg_s__rosidl_typesupport_introspection_c.cpython-310-x86_64-linux-gnu.so\n'}
[6.935526] (udemy_ros2_pkg) StdoutLine: {'line': b'-- Up-to-date symlink: /home/shashank/Workspaces/ros2_py_ws/install/udemy_ros2_pkg/local/lib/python3.10/dist-packages/udemy_ros2_pkg/udemy_ros2_pkg_s__rosidl_typesupport_c.cpython-310-x86_64-linux-gnu.so\n'}
[6.935695] (udemy_ros2_pkg) StdoutLine: {'line': b'-- Up-to-date symlink: /home/shashank/Workspaces/ros2_py_ws/install/udemy_ros2_pkg/share/udemy_ros2_pkg/srv/OddEvenCheck.idl\n'}
[6.937975] (udemy_ros2_pkg) StdoutLine: {'line': b'-- Up-to-date symlink: /home/shashank/Workspaces/ros2_py_ws/install/udemy_ros2_pkg/share/udemy_ros2_pkg/srv/OddEvenCheck.srv\n'}
[6.938468] (udemy_ros2_pkg) StdoutLine: {'line': b'-- Up-to-date symlink: /home/shashank/Workspaces/ros2_py_ws/install/udemy_ros2_pkg/share/udemy_ros2_pkg/srv/OddEvenCheck_Request.msg\n'}
[6.939580] (udemy_ros2_pkg) StdoutLine: {'line': b'-- Up-to-date symlink: /home/shashank/Workspaces/ros2_py_ws/install/udemy_ros2_pkg/share/udemy_ros2_pkg/srv/OddEvenCheck_Response.msg\n'}
[6.941576] (udemy_ros2_pkg) StdoutLine: {'line': b'-- Up-to-date symlink: /home/shashank/Workspaces/ros2_py_ws/install/udemy_ros2_pkg/local/lib/python3.10/dist-packages/scripts-0.0.0-py3.10.egg-info/PKG-INFO\n'}
[6.942476] (udemy_ros2_pkg) StdoutLine: {'line': b'-- Up-to-date symlink: /home/shashank/Workspaces/ros2_py_ws/install/udemy_ros2_pkg/local/lib/python3.10/dist-packages/scripts-0.0.0-py3.10.egg-info/SOURCES.txt\n'}
[6.943368] (udemy_ros2_pkg) StdoutLine: {'line': b'-- Up-to-date symlink: /home/shashank/Workspaces/ros2_py_ws/install/udemy_ros2_pkg/local/lib/python3.10/dist-packages/scripts-0.0.0-py3.10.egg-info/dependency_links.txt\n'}
[6.944247] (udemy_ros2_pkg) StdoutLine: {'line': b'-- Up-to-date symlink: /home/shashank/Workspaces/ros2_py_ws/install/udemy_ros2_pkg/local/lib/python3.10/dist-packages/scripts-0.0.0-py3.10.egg-info/top_level.txt\n'}
[6.946108] (udemy_ros2_pkg) StderrLine: {'line': b'\x1b[33mCMake Warning (dev) at ament_cmake_symlink_install/ament_cmake_symlink_install.cmake:62 (file):\n'}
[6.946452] (udemy_ros2_pkg) StderrLine: {'line': b'  Policy CMP0009 is not set: FILE GLOB_RECURSE calls should not follow\n'}
[6.946607] (udemy_ros2_pkg) StderrLine: {'line': b'  symlinks by default.  Run "cmake --help-policy CMP0009" for policy details.\n'}
[6.946848] (udemy_ros2_pkg) StderrLine: {'line': b'  Use the cmake_policy command to set the policy and suppress this warning.\n'}
[6.946999] (udemy_ros2_pkg) StderrLine: {'line': b'Call Stack (most recent call first):\n'}
[6.947142] (udemy_ros2_pkg) StderrLine: {'line': b'  ament_cmake_symlink_install/ament_cmake_symlink_install.cmake:377 (ament_cmake_symlink_install_directory)\n'}
[6.947295] (udemy_ros2_pkg) StderrLine: {'line': b'  cmake_install.cmake:46 (include)\n'}
[6.947437] (udemy_ros2_pkg) StderrLine: {'line': b'This warning is for project developers.  Use -Wno-dev to suppress it.\n'}
[6.947578] (udemy_ros2_pkg) StderrLine: {'line': b'\x1b[0m\n'}
[6.948965] (udemy_ros2_pkg) StderrLine: {'line': b'\x1b[33mCMake Warning (dev) at ament_cmake_symlink_install/ament_cmake_symlink_install.cmake:73 (file):\n'}
[6.949566] (udemy_ros2_pkg) StderrLine: {'line': b'  Policy CMP0009 is not set: FILE GLOB_RECURSE calls should not follow\n'}
[6.949988] (udemy_ros2_pkg) StderrLine: {'line': b'  symlinks by default.  Run "cmake --help-policy CMP0009" for policy details.\n'}
[6.950158] (udemy_ros2_pkg) StderrLine: {'line': b'  Use the cmake_policy command to set the policy and suppress this warning.\n'}
[6.950300] (udemy_ros2_pkg) StderrLine: {'line': b'Call Stack (most recent call first):\n'}
[6.950451] (udemy_ros2_pkg) StderrLine: {'line': b'  ament_cmake_symlink_install/ament_cmake_symlink_install.cmake:377 (ament_cmake_symlink_install_directory)\n'}
[6.950595] (udemy_ros2_pkg) StderrLine: {'line': b'  cmake_install.cmake:46 (include)\n'}
[6.950797] (udemy_ros2_pkg) StderrLine: {'line': b'This warning is for project developers.  Use -Wno-dev to suppress it.\n'}
[6.951038] (udemy_ros2_pkg) StderrLine: {'line': b'\x1b[0m\n'}
[6.953333] (udemy_ros2_pkg) StderrLine: {'line': b'\x1b[33mCMake Warning (dev) at ament_cmake_symlink_install/ament_cmake_symlink_install.cmake:73 (file):\n'}
[6.953676] (udemy_ros2_pkg) StderrLine: {'line': b'  Policy CMP0009 is not set: FILE GLOB_RECURSE calls should not follow\n'}
[6.953921] (udemy_ros2_pkg) StderrLine: {'line': b'  symlinks by default.  Run "cmake --help-policy CMP0009" for policy details.\n'}
[6.954078] (udemy_ros2_pkg) StderrLine: {'line': b'  Use the cmake_policy command to set the policy and suppress this warning.\n'}
[6.954223] (udemy_ros2_pkg) StderrLine: {'line': b'Call Stack (most recent call first):\n'}
[6.954387] (udemy_ros2_pkg) StderrLine: {'line': b'  ament_cmake_symlink_install/ament_cmake_symlink_install.cmake:377 (ament_cmake_symlink_install_directory)\n'}
[6.954536] (udemy_ros2_pkg) StderrLine: {'line': b'  cmake_install.cmake:46 (include)\n'}
[6.954826] (udemy_ros2_pkg) StderrLine: {'line': b'This warning is for project developers.  Use -Wno-dev to suppress it.\n'}
[6.955004] (udemy_ros2_pkg) StderrLine: {'line': b'\x1b[0m\n'}
[6.956406] (udemy_ros2_pkg) StdoutLine: {'line': b'-- Up-to-date symlink: /home/shashank/Workspaces/ros2_py_ws/install/udemy_ros2_pkg/local/lib/python3.10/dist-packages/scripts/__init__.py\n'}
[6.957846] (udemy_ros2_pkg) StdoutLine: {'line': b'-- Up-to-date symlink: /home/shashank/Workspaces/ros2_py_ws/install/udemy_ros2_pkg/local/lib/python3.10/dist-packages/scripts/build/.built_by\n'}
[6.959521] (udemy_ros2_pkg) StdoutLine: {'line': b'-- Up-to-date symlink: /home/shashank/Workspaces/ros2_py_ws/install/udemy_ros2_pkg/local/lib/python3.10/dist-packages/scripts/build/COLCON_IGNORE\n'}
[6.965692] (udemy_ros2_pkg) StdoutLine: {'line': b'-- Up-to-date symlink: /home/shashank/Workspaces/ros2_py_ws/install/udemy_ros2_pkg/local/lib/python3.10/dist-packages/scripts/install/.colcon_install_layout\n'}
[6.966879] (udemy_ros2_pkg) StdoutLine: {'line': b'-- Up-to-date symlink: /home/shashank/Workspaces/ros2_py_ws/install/udemy_ros2_pkg/local/lib/python3.10/dist-packages/scripts/install/COLCON_IGNORE\n'}
[6.967978] (udemy_ros2_pkg) StdoutLine: {'line': b'-- Up-to-date symlink: /home/shashank/Workspaces/ros2_py_ws/install/udemy_ros2_pkg/local/lib/python3.10/dist-packages/scripts/install/_local_setup_util_ps1.py\n'}
[6.969199] (udemy_ros2_pkg) StdoutLine: {'line': b'-- Up-to-date symlink: /home/shashank/Workspaces/ros2_py_ws/install/udemy_ros2_pkg/local/lib/python3.10/dist-packages/scripts/install/_local_setup_util_sh.py\n'}
[6.970374] (udemy_ros2_pkg) StdoutLine: {'line': b'-- Up-to-date symlink: /home/shashank/Workspaces/ros2_py_ws/install/udemy_ros2_pkg/local/lib/python3.10/dist-packages/scripts/install/local_setup.bash\n'}
[6.971797] (udemy_ros2_pkg) StdoutLine: {'line': b'-- Up-to-date symlink: /home/shashank/Workspaces/ros2_py_ws/install/udemy_ros2_pkg/local/lib/python3.10/dist-packages/scripts/install/local_setup.ps1\n'}
[6.972606] (-) TimerEvent: {}
[6.973221] (udemy_ros2_pkg) StdoutLine: {'line': b'-- Up-to-date symlink: /home/shashank/Workspaces/ros2_py_ws/install/udemy_ros2_pkg/local/lib/python3.10/dist-packages/scripts/install/local_setup.sh\n'}
[6.974196] (udemy_ros2_pkg) StdoutLine: {'line': b'-- Up-to-date symlink: /home/shashank/Workspaces/ros2_py_ws/install/udemy_ros2_pkg/local/lib/python3.10/dist-packages/scripts/install/local_setup.zsh\n'}
[6.975045] (udemy_ros2_pkg) StdoutLine: {'line': b'-- Up-to-date symlink: /home/shashank/Workspaces/ros2_py_ws/install/udemy_ros2_pkg/local/lib/python3.10/dist-packages/scripts/install/setup.bash\n'}
[6.975851] (udemy_ros2_pkg) StdoutLine: {'line': b'-- Up-to-date symlink: /home/shashank/Workspaces/ros2_py_ws/install/udemy_ros2_pkg/local/lib/python3.10/dist-packages/scripts/install/setup.ps1\n'}
[6.978533] (udemy_ros2_pkg) StdoutLine: {'line': b'-- Up-to-date symlink: /home/shashank/Workspaces/ros2_py_ws/install/udemy_ros2_pkg/local/lib/python3.10/dist-packages/scripts/install/setup.sh\n'}
[6.979600] (udemy_ros2_pkg) StdoutLine: {'line': b'-- Up-to-date symlink: /home/shashank/Workspaces/ros2_py_ws/install/udemy_ros2_pkg/local/lib/python3.10/dist-packages/scripts/install/setup.zsh\n'}
[6.980729] (udemy_ros2_pkg) StdoutLine: {'line': b'-- Up-to-date symlink: /home/shashank/Workspaces/ros2_py_ws/install/udemy_ros2_pkg/local/lib/python3.10/dist-packages/scripts/log/COLCON_IGNORE\n'}
[6.981504] (udemy_ros2_pkg) StdoutLine: {'line': b'-- Up-to-date symlink: /home/shashank/Workspaces/ros2_py_ws/install/udemy_ros2_pkg/local/lib/python3.10/dist-packages/scripts/log/build_2023-09-29_00-48-18/events.log\n'}
[6.982216] (udemy_ros2_pkg) StdoutLine: {'line': b'-- Up-to-date symlink: /home/shashank/Workspaces/ros2_py_ws/install/udemy_ros2_pkg/local/lib/python3.10/dist-packages/scripts/log/build_2023-09-29_00-48-18/logger_all.log\n'}
[6.982934] (udemy_ros2_pkg) StdoutLine: {'line': b'-- Up-to-date symlink: /home/shashank/Workspaces/ros2_py_ws/install/udemy_ros2_pkg/local/lib/python3.10/dist-packages/scripts/log/latest/events.log\n'}
[6.983617] (udemy_ros2_pkg) StdoutLine: {'line': b'-- Up-to-date symlink: /home/shashank/Workspaces/ros2_py_ws/install/udemy_ros2_pkg/local/lib/python3.10/dist-packages/scripts/log/latest/logger_all.log\n'}
[6.984328] (udemy_ros2_pkg) StdoutLine: {'line': b'-- Up-to-date symlink: /home/shashank/Workspaces/ros2_py_ws/install/udemy_ros2_pkg/local/lib/python3.10/dist-packages/scripts/log/latest_build/events.log\n'}
[6.985061] (udemy_ros2_pkg) StdoutLine: {'line': b'-- Up-to-date symlink: /home/shashank/Workspaces/ros2_py_ws/install/udemy_ros2_pkg/local/lib/python3.10/dist-packages/scripts/log/latest_build/logger_all.log\n'}
[6.985792] (udemy_ros2_pkg) StdoutLine: {'line': b'-- Up-to-date symlink: /home/shashank/Workspaces/ros2_py_ws/install/udemy_ros2_pkg/local/lib/python3.10/dist-packages/scripts/publisher.py\n'}
[6.986460] (udemy_ros2_pkg) StdoutLine: {'line': b'-- Up-to-date symlink: /home/shashank/Workspaces/ros2_py_ws/install/udemy_ros2_pkg/local/lib/python3.10/dist-packages/scripts/rpm_pub.py\n'}
[6.987649] (udemy_ros2_pkg) StdoutLine: {'line': b'-- Symlinking: /home/shashank/Workspaces/ros2_py_ws/install/udemy_ros2_pkg/local/lib/python3.10/dist-packages/scripts/service_server.py\n'}
[7.020467] (udemy_ros2_pkg) StdoutLine: {'line': b'-- Up-to-date symlink: /home/shashank/Workspaces/ros2_py_ws/install/udemy_ros2_pkg/local/lib/python3.10/dist-packages/scripts/speed_calc.py\n'}
[7.020808] (udemy_ros2_pkg) StdoutLine: {'line': b'-- Up-to-date symlink: /home/shashank/Workspaces/ros2_py_ws/install/udemy_ros2_pkg/local/lib/python3.10/dist-packages/scripts/subscriber.py\n'}
[7.021017] (udemy_ros2_pkg) StdoutLine: {'line': b'-- Up-to-date symlink: /home/shashank/Workspaces/ros2_py_ws/install/udemy_ros2_pkg/lib/udemy_ros2_pkg/publisher.py\n'}
[7.021261] (udemy_ros2_pkg) StdoutLine: {'line': b'-- Up-to-date symlink: /home/shashank/Workspaces/ros2_py_ws/install/udemy_ros2_pkg/lib/udemy_ros2_pkg/subscriber.py\n'}
[7.021481] (udemy_ros2_pkg) StdoutLine: {'line': b'-- Up-to-date symlink: /home/shashank/Workspaces/ros2_py_ws/install/udemy_ros2_pkg/lib/udemy_ros2_pkg/rpm_pub.py\n'}
[7.021666] (udemy_ros2_pkg) StdoutLine: {'line': b'-- Up-to-date symlink: /home/shashank/Workspaces/ros2_py_ws/install/udemy_ros2_pkg/lib/udemy_ros2_pkg/speed_calc.py\n'}
[7.022137] (udemy_ros2_pkg) StdoutLine: {'line': b'-- Symlinking: /home/shashank/Workspaces/ros2_py_ws/install/udemy_ros2_pkg/lib/udemy_ros2_pkg/service_server.py\n'}
[7.049019] (udemy_ros2_pkg) StdoutLine: {'line': b'-- Up-to-date symlink: /home/shashank/Workspaces/ros2_py_ws/install/udemy_ros2_pkg/share/udemy_ros2_pkg//launch/rpm_node_launch.py\n'}
[7.049546] (udemy_ros2_pkg) StdoutLine: {'line': b'-- Up-to-date symlink: /home/shashank/Workspaces/ros2_py_ws/install/udemy_ros2_pkg/share/udemy_ros2_pkg//launch/speed_project_launch.py\n'}
[7.049760] (udemy_ros2_pkg) StdoutLine: {'line': b'-- Up-to-date symlink: /home/shashank/Workspaces/ros2_py_ws/install/udemy_ros2_pkg/share/ament_index/resource_index/package_run_dependencies/udemy_ros2_pkg\n'}
[7.050075] (udemy_ros2_pkg) StdoutLine: {'line': b'-- Up-to-date symlink: /home/shashank/Workspaces/ros2_py_ws/install/udemy_ros2_pkg/share/ament_index/resource_index/parent_prefix_path/udemy_ros2_pkg\n'}
[7.050247] (udemy_ros2_pkg) StdoutLine: {'line': b'-- Up-to-date symlink: /home/shashank/Workspaces/ros2_py_ws/install/udemy_ros2_pkg/share/udemy_ros2_pkg/environment/ament_prefix_path.sh\n'}
[7.050769] (udemy_ros2_pkg) StdoutLine: {'line': b'-- Up-to-date symlink: /home/shashank/Workspaces/ros2_py_ws/install/udemy_ros2_pkg/share/udemy_ros2_pkg/environment/ament_prefix_path.dsv\n'}
[7.051019] (udemy_ros2_pkg) StdoutLine: {'line': b'-- Up-to-date symlink: /home/shashank/Workspaces/ros2_py_ws/install/udemy_ros2_pkg/share/udemy_ros2_pkg/environment/path.sh\n'}
[7.052288] (udemy_ros2_pkg) StdoutLine: {'line': b'-- Up-to-date symlink: /home/shashank/Workspaces/ros2_py_ws/install/udemy_ros2_pkg/share/udemy_ros2_pkg/environment/path.dsv\n'}
[7.054358] (udemy_ros2_pkg) StdoutLine: {'line': b'-- Up-to-date symlink: /home/shashank/Workspaces/ros2_py_ws/install/udemy_ros2_pkg/share/udemy_ros2_pkg/local_setup.bash\n'}
[7.055375] (udemy_ros2_pkg) StdoutLine: {'line': b'-- Up-to-date symlink: /home/shashank/Workspaces/ros2_py_ws/install/udemy_ros2_pkg/share/udemy_ros2_pkg/local_setup.sh\n'}
[7.060058] (udemy_ros2_pkg) StdoutLine: {'line': b'-- Up-to-date symlink: /home/shashank/Workspaces/ros2_py_ws/install/udemy_ros2_pkg/share/udemy_ros2_pkg/local_setup.zsh\n'}
[7.061265] (udemy_ros2_pkg) StdoutLine: {'line': b'-- Up-to-date symlink: /home/shashank/Workspaces/ros2_py_ws/install/udemy_ros2_pkg/share/udemy_ros2_pkg/local_setup.dsv\n'}
[7.062450] (udemy_ros2_pkg) StdoutLine: {'line': b'-- Symlinking: /home/shashank/Workspaces/ros2_py_ws/install/udemy_ros2_pkg/share/udemy_ros2_pkg/package.dsv\n'}
[7.076582] (-) TimerEvent: {}
[7.112466] (udemy_ros2_pkg) StdoutLine: {'line': b'-- Up-to-date symlink: /home/shashank/Workspaces/ros2_py_ws/install/udemy_ros2_pkg/share/ament_index/resource_index/packages/udemy_ros2_pkg\n'}
[7.112755] (udemy_ros2_pkg) StdoutLine: {'line': b'-- Up-to-date symlink: /home/shashank/Workspaces/ros2_py_ws/install/udemy_ros2_pkg/share/udemy_ros2_pkg/cmake/rosidl_cmake-extras.cmake\n'}
[7.112980] (udemy_ros2_pkg) StdoutLine: {'line': b'-- Up-to-date symlink: /home/shashank/Workspaces/ros2_py_ws/install/udemy_ros2_pkg/share/udemy_ros2_pkg/cmake/ament_cmake_export_include_directories-extras.cmake\n'}
[7.113108] (udemy_ros2_pkg) StdoutLine: {'line': b'-- Up-to-date symlink: /home/shashank/Workspaces/ros2_py_ws/install/udemy_ros2_pkg/share/udemy_ros2_pkg/cmake/ament_cmake_export_libraries-extras.cmake\n'}
[7.113317] (udemy_ros2_pkg) StdoutLine: {'line': b'-- Up-to-date symlink: /home/shashank/Workspaces/ros2_py_ws/install/udemy_ros2_pkg/share/udemy_ros2_pkg/cmake/ament_cmake_export_targets-extras.cmake\n'}
[7.113594] (udemy_ros2_pkg) StdoutLine: {'line': b'-- Up-to-date symlink: /home/shashank/Workspaces/ros2_py_ws/install/udemy_ros2_pkg/share/udemy_ros2_pkg/cmake/rosidl_cmake_export_typesupport_targets-extras.cmake\n'}
[7.113825] (udemy_ros2_pkg) StdoutLine: {'line': b'-- Up-to-date symlink: /home/shashank/Workspaces/ros2_py_ws/install/udemy_ros2_pkg/share/udemy_ros2_pkg/cmake/ament_cmake_export_dependencies-extras.cmake\n'}
[7.114025] (udemy_ros2_pkg) StdoutLine: {'line': b'-- Up-to-date symlink: /home/shashank/Workspaces/ros2_py_ws/install/udemy_ros2_pkg/share/udemy_ros2_pkg/cmake/rosidl_cmake_export_typesupport_libraries-extras.cmake\n'}
[7.114298] (udemy_ros2_pkg) StdoutLine: {'line': b'-- Up-to-date symlink: /home/shashank/Workspaces/ros2_py_ws/install/udemy_ros2_pkg/share/udemy_ros2_pkg/cmake/udemy_ros2_pkgConfig.cmake\n'}
[7.114522] (udemy_ros2_pkg) StdoutLine: {'line': b'-- Up-to-date symlink: /home/shashank/Workspaces/ros2_py_ws/install/udemy_ros2_pkg/share/udemy_ros2_pkg/cmake/udemy_ros2_pkgConfig-version.cmake\n'}
[7.115256] (udemy_ros2_pkg) StdoutLine: {'line': b'-- Up-to-date symlink: /home/shashank/Workspaces/ros2_py_ws/install/udemy_ros2_pkg/share/udemy_ros2_pkg/package.xml\n'}
[7.116473] (udemy_ros2_pkg) StdoutLine: {'line': b'-- Up-to-date: /home/shashank/Workspaces/ros2_py_ws/install/udemy_ros2_pkg/lib/libudemy_ros2_pkg__rosidl_generator_c.so\n'}
[7.118044] (udemy_ros2_pkg) StdoutLine: {'line': b'-- Up-to-date: /home/shashank/Workspaces/ros2_py_ws/install/udemy_ros2_pkg/lib/libudemy_ros2_pkg__rosidl_typesupport_fastrtps_c.so\n'}
[7.122794] (udemy_ros2_pkg) StdoutLine: {'line': b'-- Up-to-date: /home/shashank/Workspaces/ros2_py_ws/install/udemy_ros2_pkg/lib/libudemy_ros2_pkg__rosidl_typesupport_introspection_c.so\n'}
[7.124507] (udemy_ros2_pkg) StdoutLine: {'line': b'-- Up-to-date: /home/shashank/Workspaces/ros2_py_ws/install/udemy_ros2_pkg/lib/libudemy_ros2_pkg__rosidl_typesupport_c.so\n'}
[7.126394] (udemy_ros2_pkg) StdoutLine: {'line': b'-- Up-to-date: /home/shashank/Workspaces/ros2_py_ws/install/udemy_ros2_pkg/lib/libudemy_ros2_pkg__rosidl_typesupport_fastrtps_cpp.so\n'}
[7.129431] (udemy_ros2_pkg) StdoutLine: {'line': b'-- Up-to-date: /home/shashank/Workspaces/ros2_py_ws/install/udemy_ros2_pkg/lib/libudemy_ros2_pkg__rosidl_typesupport_introspection_cpp.so\n'}
[7.131534] (udemy_ros2_pkg) StdoutLine: {'line': b'-- Up-to-date: /home/shashank/Workspaces/ros2_py_ws/install/udemy_ros2_pkg/lib/libudemy_ros2_pkg__rosidl_typesupport_cpp.so\n'}
[7.180366] (-) TimerEvent: {}
[7.233332] (udemy_ros2_pkg) StdoutLine: {'line': b"Listing '/home/shashank/Workspaces/ros2_py_ws/install/udemy_ros2_pkg/local/lib/python3.10/dist-packages/udemy_ros2_pkg'...\n"}
[7.233729] (udemy_ros2_pkg) StdoutLine: {'line': b"Compiling '/home/shashank/Workspaces/ros2_py_ws/install/udemy_ros2_pkg/local/lib/python3.10/dist-packages/udemy_ros2_pkg/__init__.py'...\n"}
[7.234029] (udemy_ros2_pkg) StdoutLine: {'line': b"Listing '/home/shashank/Workspaces/ros2_py_ws/install/udemy_ros2_pkg/local/lib/python3.10/dist-packages/udemy_ros2_pkg/srv'...\n"}
[7.248361] (udemy_ros2_pkg) StdoutLine: {'line': b'-- Up-to-date: /home/shashank/Workspaces/ros2_py_ws/install/udemy_ros2_pkg/lib/libudemy_ros2_pkg__rosidl_generator_py.so\n'}
[7.281172] (-) TimerEvent: {}
[7.345449] (udemy_ros2_pkg) StdoutLine: {'line': b"Listing '/home/shashank/Workspaces/ros2_py_ws/install/udemy_ros2_pkg/local/lib/python3.10/dist-packages/scripts'...\n"}
[7.345721] (udemy_ros2_pkg) StdoutLine: {'line': b"Listing '/home/shashank/Workspaces/ros2_py_ws/install/udemy_ros2_pkg/local/lib/python3.10/dist-packages/scripts/build'...\n"}
[7.345853] (udemy_ros2_pkg) StdoutLine: {'line': b"Listing '/home/shashank/Workspaces/ros2_py_ws/install/udemy_ros2_pkg/local/lib/python3.10/dist-packages/scripts/install'...\n"}
[7.345974] (udemy_ros2_pkg) StdoutLine: {'line': b"Listing '/home/shashank/Workspaces/ros2_py_ws/install/udemy_ros2_pkg/local/lib/python3.10/dist-packages/scripts/log'...\n"}
[7.346094] (udemy_ros2_pkg) StdoutLine: {'line': b"Listing '/home/shashank/Workspaces/ros2_py_ws/install/udemy_ros2_pkg/local/lib/python3.10/dist-packages/scripts/log/build_2023-09-29_00-48-18'...\n"}
[7.346216] (udemy_ros2_pkg) StdoutLine: {'line': b"Listing '/home/shashank/Workspaces/ros2_py_ws/install/udemy_ros2_pkg/local/lib/python3.10/dist-packages/scripts/log/latest'...\n"}
[7.346396] (udemy_ros2_pkg) StdoutLine: {'line': b"Listing '/home/shashank/Workspaces/ros2_py_ws/install/udemy_ros2_pkg/local/lib/python3.10/dist-packages/scripts/log/latest_build'...\n"}
[7.346523] (udemy_ros2_pkg) StdoutLine: {'line': b"Compiling '/home/shashank/Workspaces/ros2_py_ws/install/udemy_ros2_pkg/local/lib/python3.10/dist-packages/scripts/service_server.py'...\n"}
[7.365298] (udemy_ros2_pkg) StdoutLine: {'line': b'-- Up-to-date: /home/shashank/Workspaces/ros2_py_ws/install/udemy_ros2_pkg/share/udemy_ros2_pkg/cmake/export_udemy_ros2_pkg__rosidl_generator_cExport.cmake\n'}
[7.365875] (udemy_ros2_pkg) StdoutLine: {'line': b'-- Up-to-date: /home/shashank/Workspaces/ros2_py_ws/install/udemy_ros2_pkg/share/udemy_ros2_pkg/cmake/export_udemy_ros2_pkg__rosidl_generator_cExport-noconfig.cmake\n'}
[7.366194] (udemy_ros2_pkg) StdoutLine: {'line': b'-- Up-to-date: /home/shashank/Workspaces/ros2_py_ws/install/udemy_ros2_pkg/share/udemy_ros2_pkg/cmake/export_udemy_ros2_pkg__rosidl_typesupport_fastrtps_cExport.cmake\n'}
[7.366572] (udemy_ros2_pkg) StdoutLine: {'line': b'-- Up-to-date: /home/shashank/Workspaces/ros2_py_ws/install/udemy_ros2_pkg/share/udemy_ros2_pkg/cmake/export_udemy_ros2_pkg__rosidl_typesupport_fastrtps_cExport-noconfig.cmake\n'}
[7.366948] (udemy_ros2_pkg) StdoutLine: {'line': b'-- Up-to-date: /home/shashank/Workspaces/ros2_py_ws/install/udemy_ros2_pkg/share/udemy_ros2_pkg/cmake/udemy_ros2_pkg__rosidl_typesupport_introspection_cExport.cmake\n'}
[7.367202] (udemy_ros2_pkg) StdoutLine: {'line': b'-- Up-to-date: /home/shashank/Workspaces/ros2_py_ws/install/udemy_ros2_pkg/share/udemy_ros2_pkg/cmake/udemy_ros2_pkg__rosidl_typesupport_introspection_cExport-noconfig.cmake\n'}
[7.367708] (udemy_ros2_pkg) StdoutLine: {'line': b'-- Up-to-date: /home/shashank/Workspaces/ros2_py_ws/install/udemy_ros2_pkg/share/udemy_ros2_pkg/cmake/udemy_ros2_pkg__rosidl_typesupport_cExport.cmake\n'}
[7.368071] (udemy_ros2_pkg) StdoutLine: {'line': b'-- Up-to-date: /home/shashank/Workspaces/ros2_py_ws/install/udemy_ros2_pkg/share/udemy_ros2_pkg/cmake/udemy_ros2_pkg__rosidl_typesupport_cExport-noconfig.cmake\n'}
[7.368230] (udemy_ros2_pkg) StdoutLine: {'line': b'-- Up-to-date: /home/shashank/Workspaces/ros2_py_ws/install/udemy_ros2_pkg/share/udemy_ros2_pkg/cmake/export_udemy_ros2_pkg__rosidl_generator_cppExport.cmake\n'}
[7.368553] (udemy_ros2_pkg) StdoutLine: {'line': b'-- Up-to-date: /home/shashank/Workspaces/ros2_py_ws/install/udemy_ros2_pkg/share/udemy_ros2_pkg/cmake/export_udemy_ros2_pkg__rosidl_typesupport_fastrtps_cppExport.cmake\n'}
[7.368749] (udemy_ros2_pkg) StdoutLine: {'line': b'-- Up-to-date: /home/shashank/Workspaces/ros2_py_ws/install/udemy_ros2_pkg/share/udemy_ros2_pkg/cmake/export_udemy_ros2_pkg__rosidl_typesupport_fastrtps_cppExport-noconfig.cmake\n'}
[7.368956] (udemy_ros2_pkg) StdoutLine: {'line': b'-- Up-to-date: /home/shashank/Workspaces/ros2_py_ws/install/udemy_ros2_pkg/share/udemy_ros2_pkg/cmake/udemy_ros2_pkg__rosidl_typesupport_introspection_cppExport.cmake\n'}
[7.369078] (udemy_ros2_pkg) StdoutLine: {'line': b'-- Up-to-date: /home/shashank/Workspaces/ros2_py_ws/install/udemy_ros2_pkg/share/udemy_ros2_pkg/cmake/udemy_ros2_pkg__rosidl_typesupport_introspection_cppExport-noconfig.cmake\n'}
[7.369197] (udemy_ros2_pkg) StdoutLine: {'line': b'-- Up-to-date: /home/shashank/Workspaces/ros2_py_ws/install/udemy_ros2_pkg/share/udemy_ros2_pkg/cmake/udemy_ros2_pkg__rosidl_typesupport_cppExport.cmake\n'}
[7.369397] (udemy_ros2_pkg) StdoutLine: {'line': b'-- Up-to-date: /home/shashank/Workspaces/ros2_py_ws/install/udemy_ros2_pkg/share/udemy_ros2_pkg/cmake/udemy_ros2_pkg__rosidl_typesupport_cppExport-noconfig.cmake\n'}
[7.369563] (udemy_ros2_pkg) StdoutLine: {'line': b'-- Up-to-date: /home/shashank/Workspaces/ros2_py_ws/install/udemy_ros2_pkg/share/udemy_ros2_pkg/cmake/export_udemy_ros2_pkg__rosidl_generator_pyExport.cmake\n'}
[7.369707] (udemy_ros2_pkg) StdoutLine: {'line': b'-- Up-to-date: /home/shashank/Workspaces/ros2_py_ws/install/udemy_ros2_pkg/share/udemy_ros2_pkg/cmake/export_udemy_ros2_pkg__rosidl_generator_pyExport-noconfig.cmake\n'}
[7.382321] (udemy_ros2_pkg) CommandEnded: {'returncode': 0}
[7.383113] (-) TimerEvent: {}
[7.483710] (-) TimerEvent: {}
[7.584465] (-) TimerEvent: {}
[7.685038] (-) TimerEvent: {}
[7.791235] (-) TimerEvent: {}
[7.808834] (udemy_ros2_pkg) JobEnded: {'identifier': 'udemy_ros2_pkg', 'rc': 0}
[7.811308] (-) EventReactorShutdown: {}
