[0.000000] (-) TimerEvent: {}
[0.008048] (udemy_ros2_pkg) JobQueued: {'identifier': 'udemy_ros2_pkg', 'dependencies': OrderedDict()}
[0.008341] (udemy_ros2_pkg) JobStarted: {'identifier': 'udemy_ros2_pkg'}
[0.071675] (udemy_ros2_pkg) JobProgress: {'identifier': 'udemy_ros2_pkg', 'progress': 'cmake'}
[0.078687] (udemy_ros2_pkg) JobProgress: {'identifier': 'udemy_ros2_pkg', 'progress': 'build'}
[0.081959] (udemy_ros2_pkg) Command: {'cmd': ['/usr/bin/cmake', '--build', '/home/shashank/Workspaces/ros2_py_ws/build/udemy_ros2_pkg', '--', '-j2', '-l2'], 'cwd': '/home/shashank/Workspaces/ros2_py_ws/build/udemy_ros2_pkg', 'env': OrderedDict([('GJS_DEBUG_TOPICS', 'JS ERROR;JS LOG'), ('LESSOPEN', '| /usr/bin/lesspipe %s'), ('LANGUAGE', 'en_IN:en'), ('USER', 'shashank'), ('GIO_MODULE_DIR', '/home/shashank/snap/code/common/.cache/gio-modules'), ('XDG_SESSION_TYPE', 'wayland'), ('GIT_ASKPASS', '/snap/code/141/usr/share/code/resources/app/extensions/git/dist/askpass.sh'), ('GTK_EXE_PREFIX_VSCODE_SNAP_ORIG', ''), ('GDK_BACKEND_VSCODE_SNAP_ORIG', ''), ('SHLVL', '1'), ('LD_LIBRARY_PATH', '/opt/ros/humble/opt/rviz_ogre_vendor/lib:/opt/ros/humble/lib/x86_64-linux-gnu:/opt/ros/humble/lib'), ('HOME', '/home/shashank'), ('CHROME_DESKTOP', 'code-url-handler.desktop'), ('LOCPATH_VSCODE_SNAP_ORIG', ''), ('TERM_PROGRAM_VERSION', '1.82.3'), ('DESKTOP_SESSION', 'ubuntu'), ('GTK_PATH', '/snap/code/141/usr/lib/x86_64-linux-gnu/gtk-3.0'), ('GTK_IM_MODULE_FILE', '/home/shashank/snap/code/common/.cache/immodules/immodules.cache'), ('GIO_LAUNCHED_DESKTOP_FILE', '/var/lib/snapd/desktop/applications/code_code.desktop'), ('ROS_PYTHON_VERSION', '3'), ('GNOME_SHELL_SESSION_MODE', 'ubuntu'), ('GTK_MODULES', 'gail:atk-bridge'), ('GSETTINGS_SCHEMA_DIR_VSCODE_SNAP_ORIG', ''), ('VSCODE_GIT_ASKPASS_MAIN', '/snap/code/141/usr/share/code/resources/app/extensions/git/dist/askpass-main.js'), ('VSCODE_GIT_ASKPASS_NODE', '/snap/code/141/usr/share/code/code'), ('MANAGERPID', '1567'), ('SYSTEMD_EXEC_PID', '1751'), ('IM_CONFIG_CHECK_ENV', '1'), ('DBUS_SESSION_BUS_ADDRESS', 'unix:path=/run/user/1000/bus'), ('COLORTERM', 'truecolor'), ('GIO_LAUNCHED_DESKTOP_FILE_PID', '5432'), ('IM_CONFIG_PHASE', '1'), ('WAYLAND_DISPLAY', 'wayland-0'), ('ROS_DISTRO', 'humble'), ('LOGNAME', 'shashank'), ('JOURNAL_STREAM', '8:38333'), ('_', '/usr/bin/colcon'), ('ROS_VERSION', '2'), ('XDG_CONFIG_DIRS_VSCODE_SNAP_ORIG', '/etc/xdg/xdg-ubuntu:/etc/xdg'), ('XDG_SESSION_CLASS', 'user'), ('XDG_DATA_DIRS_VSCODE_SNAP_ORIG', '/usr/share/ubuntu:/usr/local/share/:/usr/share/:/var/lib/snapd/desktop'), ('USERNAME', 'shashank'), ('TERM', 'xterm-256color'), ('GNOME_DESKTOP_SESSION_ID', 'this-is-deprecated'), ('ROS_LOCALHOST_ONLY', '0'), ('PATH', '/opt/ros/humble/bin:/usr/local/sbin:/usr/local/bin:/usr/sbin:/usr/bin:/sbin:/bin:/usr/games:/usr/local/games:/snap/bin:/snap/bin'), ('SESSION_MANAGER', 'local/u22vm:@/tmp/.ICE-unix/1702,unix/u22vm:/tmp/.ICE-unix/1702'), ('GTK_EXE_PREFIX', '/snap/code/141/usr'), ('INVOCATION_ID', '70907e85ae194b6ca77eebe25584251a'), ('XDG_MENU_PREFIX', 'gnome-'), ('BAMF_DESKTOP_FILE_HINT', '/var/lib/snapd/desktop/applications/code_code.desktop'), ('GNOME_SETUP_DISPLAY', ':1'), ('XDG_RUNTIME_DIR', '/run/user/1000'), ('GDK_BACKEND', 'x11'), ('DISPLAY', ':0'), ('LOCPATH', '/snap/code/141/usr/lib/locale'), ('LANG', 'en_US.UTF-8'), ('XDG_CURRENT_DESKTOP', 'Unity'), ('GIO_MODULE_DIR_VSCODE_SNAP_ORIG', ''), ('XMODIFIERS', '@im=ibus'), ('XDG_SESSION_DESKTOP', 'ubuntu'), ('XAUTHORITY', '/run/user/1000/.mutter-Xwaylandauth.EHOZB2'), ('LS_COLORS', ''), ('VSCODE_GIT_IPC_HANDLE', '/run/user/1000/vscode-git-d5da9aee6b.sock'), ('TERM_PROGRAM', 'vscode'), ('SSH_AGENT_LAUNCHER', 'gnome-keyring'), ('SSH_AUTH_SOCK', '/run/user/1000/keyring/ssh'), ('GSETTINGS_SCHEMA_DIR', '/home/shashank/snap/code/141/.local/share/glib-2.0/schemas'), ('AMENT_PREFIX_PATH', '/opt/ros/humble'), ('ORIGINAL_XDG_CURRENT_DESKTOP', 'ubuntu:GNOME'), ('SHELL', '/bin/bash'), ('QT_ACCESSIBILITY', '1'), ('GDMSESSION', 'ubuntu'), ('LESSCLOSE', '/usr/bin/lesspipe %s %s'), ('GTK_PATH_VSCODE_SNAP_ORIG', ''), ('GTK_IM_MODULE_FILE_VSCODE_SNAP_ORIG', ''), ('GJS_DEBUG_OUTPUT', 'stderr'), ('VSCODE_GIT_ASKPASS_EXTRA_ARGS', '--ms-enable-electron-run-as-node'), ('QT_IM_MODULE', 'ibus'), ('PWD', '/home/shashank/Workspaces/ros2_py_ws/build/udemy_ros2_pkg'), ('LC_ALL', 'en_US.UTF-8'), ('XDG_CONFIG_DIRS', '/etc/xdg/xdg-ubuntu:/etc/xdg'), ('XDG_DATA_DIRS', '/home/shashank/snap/code/141/.local/share:/home/shashank/snap/code/141:/snap/code/141/usr/share:/usr/share/ubuntu:/usr/local/share/:/usr/share/:/var/lib/snapd/desktop'), ('PYTHONPATH', '/opt/ros/humble/lib/python3.10/site-packages:/opt/ros/humble/local/lib/python3.10/dist-packages'), ('COLCON', '1'), ('CMAKE_PREFIX_PATH', '/opt/ros/humble')]), 'shell': False}
[0.100059] (-) TimerEvent: {}
[0.200608] (-) TimerEvent: {}
[0.281730] (udemy_ros2_pkg) StdoutLine: {'line': b'-- Found ament_cmake: 1.3.5 (/opt/ros/humble/share/ament_cmake/cmake)\n'}
[0.300793] (-) TimerEvent: {}
[0.401413] (-) TimerEvent: {}
[0.502593] (-) TimerEvent: {}
[0.604618] (-) TimerEvent: {}
[0.705784] (-) TimerEvent: {}
[0.806938] (-) TimerEvent: {}
[0.904803] (udemy_ros2_pkg) StdoutLine: {'line': b'-- Override CMake install command with custom implementation using symlinks instead of copying resources\n'}
[0.907125] (-) TimerEvent: {}
[0.986356] (udemy_ros2_pkg) StdoutLine: {'line': b'-- Found rclpy: 3.3.9 (/opt/ros/humble/share/rclpy/cmake)\n'}
[0.992990] (udemy_ros2_pkg) StdoutLine: {'line': b'-- Found rosidl_default_generators: 1.2.0 (/opt/ros/humble/share/rosidl_default_generators/cmake)\n'}
[1.007514] (-) TimerEvent: {}
[1.018696] (udemy_ros2_pkg) StdoutLine: {'line': b'-- Using all available rosidl_typesupport_c: rosidl_typesupport_fastrtps_c;rosidl_typesupport_introspection_c\n'}
[1.063390] (udemy_ros2_pkg) StdoutLine: {'line': b'-- Found rosidl_adapter: 3.1.5 (/opt/ros/humble/share/rosidl_adapter/cmake)\n'}
[1.107874] (-) TimerEvent: {}
[1.208698] (-) TimerEvent: {}
[1.308087] (udemy_ros2_pkg) StdoutLine: {'line': b'-- Using all available rosidl_typesupport_cpp: rosidl_typesupport_fastrtps_cpp;rosidl_typesupport_introspection_cpp\n'}
[1.308818] (-) TimerEvent: {}
[1.409398] (-) TimerEvent: {}
[1.511112] (-) TimerEvent: {}
[1.612154] (-) TimerEvent: {}
[1.713597] (-) TimerEvent: {}
[1.814212] (-) TimerEvent: {}
[1.915783] (-) TimerEvent: {}
[2.017027] (-) TimerEvent: {}
[2.117608] (-) TimerEvent: {}
[2.218428] (-) TimerEvent: {}
[2.306021] (udemy_ros2_pkg) StdoutLine: {'line': b'-- Found ament_cmake_ros: 0.10.0 (/opt/ros/humble/share/ament_cmake_ros/cmake)\n'}
[2.318798] (-) TimerEvent: {}
[2.419560] (-) TimerEvent: {}
[2.520446] (-) TimerEvent: {}
[2.621241] (-) TimerEvent: {}
[2.724526] (-) TimerEvent: {}
[2.825408] (-) TimerEvent: {}
[2.926875] (-) TimerEvent: {}
[3.027839] (-) TimerEvent: {}
[3.034585] (udemy_ros2_pkg) StdoutLine: {'line': b'-- Using all available rosidl_typesupport_c: rosidl_typesupport_fastrtps_c;rosidl_typesupport_introspection_c\n'}
[3.128696] (-) TimerEvent: {}
[3.230033] (-) TimerEvent: {}
[3.330621] (-) TimerEvent: {}
[3.431834] (-) TimerEvent: {}
[3.532620] (-) TimerEvent: {}
[3.634194] (-) TimerEvent: {}
[3.735353] (-) TimerEvent: {}
[3.756811] (udemy_ros2_pkg) StdoutLine: {'line': b'-- Using all available rosidl_typesupport_cpp: rosidl_typesupport_fastrtps_cpp;rosidl_typesupport_introspection_cpp\n'}
[3.819463] (udemy_ros2_pkg) StdoutLine: {'line': b'-- Found PythonInterp: /usr/bin/python3 (found suitable version "3.10.12", minimum required is "3.6") \n'}
[3.826426] (udemy_ros2_pkg) StdoutLine: {'line': b'-- Found python_cmake_module: 0.10.0 (/opt/ros/humble/share/python_cmake_module/cmake)\n'}
[3.835716] (-) TimerEvent: {}
[3.899873] (udemy_ros2_pkg) StdoutLine: {'line': b'-- Found PythonLibs: /usr/lib/x86_64-linux-gnu/libpython3.10.so (found suitable version "3.10.12", minimum required is "3.5") \n'}
[3.901212] (udemy_ros2_pkg) StdoutLine: {'line': b'-- Using PYTHON_EXECUTABLE: /usr/bin/python3\n'}
[3.901541] (udemy_ros2_pkg) StdoutLine: {'line': b'-- Using PYTHON_INCLUDE_DIRS: /usr/include/python3.10\n'}
[3.901679] (udemy_ros2_pkg) StdoutLine: {'line': b'-- Using PYTHON_LIBRARIES: /usr/lib/x86_64-linux-gnu/libpython3.10.so\n'}
[3.936093] (-) TimerEvent: {}
[3.945939] (udemy_ros2_pkg) StdoutLine: {'line': b'-- Found PythonExtra: .so  \n'}
[4.004334] (udemy_ros2_pkg) StdoutLine: {'line': b'-- Found ament_lint_auto: 0.12.7 (/opt/ros/humble/share/ament_lint_auto/cmake)\n'}
[4.036350] (-) TimerEvent: {}
[4.118253] (udemy_ros2_pkg) StdoutLine: {'line': b"-- Added test 'flake8' to check Python code syntax and style conventions\n"}
[4.122623] (udemy_ros2_pkg) StdoutLine: {'line': b"-- Added test 'lint_cmake' to check CMake code style\n"}
[4.125981] (udemy_ros2_pkg) StdoutLine: {'line': b"-- Added test 'pep257' to check Python code against some of the docstring style conventions in PEP 257\n"}
[4.135844] (udemy_ros2_pkg) StdoutLine: {'line': b"-- Added test 'xmllint' to check XML markup files\n"}
[4.137314] (-) TimerEvent: {}
[4.156658] (udemy_ros2_pkg) StdoutLine: {'line': b'-- Configuring done\n'}
[4.238083] (-) TimerEvent: {}
[4.322102] (udemy_ros2_pkg) StdoutLine: {'line': b'-- Generating done\n'}
[4.337653] (udemy_ros2_pkg) StdoutLine: {'line': b'-- Build files have been written to: /home/shashank/Workspaces/ros2_py_ws/build/udemy_ros2_pkg\n'}
[4.338031] (-) TimerEvent: {}
[4.439679] (-) TimerEvent: {}
[4.469753] (udemy_ros2_pkg) StdoutLine: {'line': b'[  3%] \x1b[34m\x1b[1mGenerating C code for ROS interfaces\x1b[0m\n'}
[4.544736] (-) TimerEvent: {}
[4.545365] (udemy_ros2_pkg) StdoutLine: {'line': b'[  6%] \x1b[34m\x1b[1mGenerating C++ code for ROS interfaces\x1b[0m\n'}
[4.647099] (-) TimerEvent: {}
[4.756827] (-) TimerEvent: {}
[4.859706] (-) TimerEvent: {}
[4.962962] (-) TimerEvent: {}
[5.064796] (-) TimerEvent: {}
[5.172101] (-) TimerEvent: {}
[5.285155] (-) TimerEvent: {}
[5.389838] (-) TimerEvent: {}
[5.491971] (-) TimerEvent: {}
[5.592660] (-) TimerEvent: {}
[5.696804] (-) TimerEvent: {}
[5.798083] (-) TimerEvent: {}
[5.899969] (-) TimerEvent: {}
[6.003284] (-) TimerEvent: {}
[6.104365] (-) TimerEvent: {}
[6.205198] (-) TimerEvent: {}
[6.306060] (-) TimerEvent: {}
[6.406949] (-) TimerEvent: {}
[6.509234] (-) TimerEvent: {}
[6.613374] (-) TimerEvent: {}
[6.714696] (-) TimerEvent: {}
[6.725500] (udemy_ros2_pkg) StdoutLine: {'line': b'[  6%] Built target udemy_ros2_pkg__cpp\n'}
[6.817062] (-) TimerEvent: {}
[6.892828] (udemy_ros2_pkg) StdoutLine: {'line': b'[  6%] Built target ament_cmake_python_symlink_udemy_ros2_pkg\n'}
[6.917710] (-) TimerEvent: {}
[6.968681] (udemy_ros2_pkg) StdoutLine: {'line': b'[  9%] \x1b[32mBuilding C object CMakeFiles/udemy_ros2_pkg__rosidl_generator_c.dir/rosidl_generator_c/udemy_ros2_pkg/srv/detail/odd_even_check__functions.c.o\x1b[0m\n'}
[7.017985] (-) TimerEvent: {}
[7.124684] (-) TimerEvent: {}
[7.127622] (udemy_ros2_pkg) StdoutLine: {'line': b'[  9%] Built target ament_cmake_python_symlink_scripts\n'}
[7.224887] (-) TimerEvent: {}
[7.249483] (udemy_ros2_pkg) StdoutLine: {'line': b'[ 12%] \x1b[34m\x1b[1mGenerating C++ type support dispatch for ROS interfaces\x1b[0m\n'}
[7.325216] (-) TimerEvent: {}
[7.429906] (-) TimerEvent: {}
[7.530875] (-) TimerEvent: {}
[7.605231] (udemy_ros2_pkg) StdoutLine: {'line': b'[ 16%] \x1b[32m\x1b[1mLinking C shared library libudemy_ros2_pkg__rosidl_generator_c.so\x1b[0m\n'}
[7.631628] (-) TimerEvent: {}
[7.732639] (-) TimerEvent: {}
[7.833474] (-) TimerEvent: {}
[7.877961] (udemy_ros2_pkg) StdoutLine: {'line': b'[ 16%] Built target udemy_ros2_pkg__rosidl_generator_c\n'}
[7.919807] (udemy_ros2_pkg) StdoutLine: {'line': b'[ 19%] \x1b[34m\x1b[1mGenerating C++ type support for eProsima Fast-RTPS\x1b[0m\n'}
[7.933733] (-) TimerEvent: {}
[8.036475] (-) TimerEvent: {}
[8.137688] (-) TimerEvent: {}
[8.238583] (-) TimerEvent: {}
[8.344594] (-) TimerEvent: {}
[8.446182] (-) TimerEvent: {}
[8.552728] (-) TimerEvent: {}
[8.657196] (-) TimerEvent: {}
[8.696771] (udemy_ros2_pkg) StdoutLine: {'line': b'[ 22%] \x1b[32mBuilding CXX object CMakeFiles/udemy_ros2_pkg__rosidl_typesupport_cpp.dir/rosidl_typesupport_cpp/udemy_ros2_pkg/srv/odd_even_check__type_support.cpp.o\x1b[0m\n'}
[8.757682] (-) TimerEvent: {}
[8.862500] (-) TimerEvent: {}
[8.964600] (-) TimerEvent: {}
[9.065903] (-) TimerEvent: {}
[9.167194] (-) TimerEvent: {}
[9.267765] (-) TimerEvent: {}
[9.369150] (-) TimerEvent: {}
[9.429473] (udemy_ros2_pkg) StdoutLine: {'line': b'[ 25%] \x1b[32mBuilding CXX object CMakeFiles/udemy_ros2_pkg__rosidl_typesupport_fastrtps_cpp.dir/rosidl_typesupport_fastrtps_cpp/udemy_ros2_pkg/srv/detail/dds_fastrtps/odd_even_check__type_support.cpp.o\x1b[0m\n'}
[9.470190] (-) TimerEvent: {}
[9.584875] (-) TimerEvent: {}
[9.685631] (-) TimerEvent: {}
[9.792816] (-) TimerEvent: {}
[9.893702] (-) TimerEvent: {}
[9.999515] (-) TimerEvent: {}
[10.105832] (-) TimerEvent: {}
[10.209584] (-) TimerEvent: {}
[10.310827] (-) TimerEvent: {}
[10.420489] (-) TimerEvent: {}
[10.523368] (-) TimerEvent: {}
[10.628407] (-) TimerEvent: {}
[10.739521] (-) TimerEvent: {}
[10.765322] (udemy_ros2_pkg) StdoutLine: {'line': b'[ 29%] \x1b[32m\x1b[1mLinking CXX shared library libudemy_ros2_pkg__rosidl_typesupport_cpp.so\x1b[0m\n'}
[10.840247] (-) TimerEvent: {}
[10.941006] (-) TimerEvent: {}
[11.041913] (-) TimerEvent: {}
[11.079784] (udemy_ros2_pkg) StdoutLine: {'line': b'[ 29%] Built target udemy_ros2_pkg__rosidl_typesupport_cpp\n'}
[11.142552] (-) TimerEvent: {}
[11.154933] (udemy_ros2_pkg) StdoutLine: {'line': b'[ 32%] \x1b[34m\x1b[1mGenerating C++ introspection for ROS interfaces\x1b[0m\n'}
[11.242896] (-) TimerEvent: {}
[11.343983] (-) TimerEvent: {}
[11.444568] (-) TimerEvent: {}
[11.549563] (-) TimerEvent: {}
[11.655087] (-) TimerEvent: {}
[11.757185] (-) TimerEvent: {}
[11.858639] (-) TimerEvent: {}
[11.960955] (-) TimerEvent: {}
[12.064598] (-) TimerEvent: {}
[12.098836] (udemy_ros2_pkg) StdoutLine: {'line': b'[ 35%] \x1b[32m\x1b[1mLinking CXX shared library libudemy_ros2_pkg__rosidl_typesupport_fastrtps_cpp.so\x1b[0m\n'}
[12.166076] (-) TimerEvent: {}
[12.266749] (-) TimerEvent: {}
[12.373814] (-) TimerEvent: {}
[12.381912] (udemy_ros2_pkg) StdoutLine: {'line': b'[ 38%] \x1b[32mBuilding CXX object CMakeFiles/udemy_ros2_pkg__rosidl_typesupport_introspection_cpp.dir/rosidl_typesupport_introspection_cpp/udemy_ros2_pkg/srv/detail/odd_even_check__type_support.cpp.o\x1b[0m\n'}
[12.480697] (-) TimerEvent: {}
[12.581812] (-) TimerEvent: {}
[12.632780] (udemy_ros2_pkg) StdoutLine: {'line': b'[ 38%] Built target udemy_ros2_pkg__rosidl_typesupport_fastrtps_cpp\n'}
[12.682943] (-) TimerEvent: {}
[12.787367] (-) TimerEvent: {}
[12.888106] (-) TimerEvent: {}
[12.993246] (-) TimerEvent: {}
[13.094103] (-) TimerEvent: {}
[13.195230] (-) TimerEvent: {}
[13.296724] (-) TimerEvent: {}
[13.397719] (-) TimerEvent: {}
[13.501769] (-) TimerEvent: {}
[13.602775] (-) TimerEvent: {}
[13.703632] (-) TimerEvent: {}
[13.804245] (-) TimerEvent: {}
[13.905684] (-) TimerEvent: {}
[14.006637] (-) TimerEvent: {}
[14.108079] (-) TimerEvent: {}
[14.210671] (-) TimerEvent: {}
[14.267788] (udemy_ros2_pkg) StdoutLine: {'line': b'running egg_info\n'}
[14.272921] (udemy_ros2_pkg) StdoutLine: {'line': b'creating udemy_ros2_pkg.egg-info\n'}
[14.274840] (udemy_ros2_pkg) StdoutLine: {'line': b'writing udemy_ros2_pkg.egg-info/PKG-INFO\n'}
[14.275796] (udemy_ros2_pkg) StdoutLine: {'line': b'writing dependency_links to udemy_ros2_pkg.egg-info/dependency_links.txt\n'}
[14.276498] (udemy_ros2_pkg) StdoutLine: {'line': b'writing top-level names to udemy_ros2_pkg.egg-info/top_level.txt\n'}
[14.278220] (udemy_ros2_pkg) StdoutLine: {'line': b"writing manifest file 'udemy_ros2_pkg.egg-info/SOURCES.txt'\n"}
[14.291069] (udemy_ros2_pkg) StdoutLine: {'line': b"reading manifest file 'udemy_ros2_pkg.egg-info/SOURCES.txt'\n"}
[14.301493] (udemy_ros2_pkg) StdoutLine: {'line': b"writing manifest file 'udemy_ros2_pkg.egg-info/SOURCES.txt'\n"}
[14.310913] (-) TimerEvent: {}
[14.411985] (-) TimerEvent: {}
[14.465241] (udemy_ros2_pkg) StdoutLine: {'line': b'[ 38%] Built target ament_cmake_python_build_udemy_ros2_pkg_egg\n'}
[14.512604] (-) TimerEvent: {}
[14.613479] (-) TimerEvent: {}
[14.618575] (udemy_ros2_pkg) StdoutLine: {'line': b'[ 41%] \x1b[32m\x1b[1mLinking CXX shared library libudemy_ros2_pkg__rosidl_typesupport_introspection_cpp.so\x1b[0m\n'}
[14.714042] (-) TimerEvent: {}
[14.815666] (-) TimerEvent: {}
[14.838351] (udemy_ros2_pkg) StdoutLine: {'line': b'[ 41%] Built target udemy_ros2_pkg__rosidl_typesupport_introspection_cpp\n'}
[14.916903] (-) TimerEvent: {}
[15.018120] (-) TimerEvent: {}
[15.119150] (-) TimerEvent: {}
[15.220100] (-) TimerEvent: {}
[15.320777] (-) TimerEvent: {}
[15.421522] (-) TimerEvent: {}
[15.524858] (-) TimerEvent: {}
[15.625350] (udemy_ros2_pkg) StdoutLine: {'line': b'running egg_info\n'}
[15.625703] (-) TimerEvent: {}
[15.629025] (udemy_ros2_pkg) StdoutLine: {'line': b'writing scripts.egg-info/PKG-INFO\n'}
[15.631220] (udemy_ros2_pkg) StdoutLine: {'line': b'writing dependency_links to scripts.egg-info/dependency_links.txt\n'}
[15.633364] (udemy_ros2_pkg) StdoutLine: {'line': b'writing top-level names to scripts.egg-info/top_level.txt\n'}
[15.639383] (udemy_ros2_pkg) StdoutLine: {'line': b"reading manifest file 'scripts.egg-info/SOURCES.txt'\n"}
[15.647241] (udemy_ros2_pkg) StdoutLine: {'line': b"writing manifest file 'scripts.egg-info/SOURCES.txt'\n"}
[15.725913] (-) TimerEvent: {}
[15.753650] (udemy_ros2_pkg) StdoutLine: {'line': b'[ 41%] Built target ament_cmake_python_build_scripts_egg\n'}
[15.799178] (udemy_ros2_pkg) StdoutLine: {'line': b'[ 45%] \x1b[34m\x1b[1mGenerating C type support for eProsima Fast-RTPS\x1b[0m\n'}
[15.826460] (-) TimerEvent: {}
[15.930580] (-) TimerEvent: {}
[16.031307] (-) TimerEvent: {}
[16.132045] (-) TimerEvent: {}
[16.233306] (-) TimerEvent: {}
[16.335042] (-) TimerEvent: {}
[16.436111] (-) TimerEvent: {}
[16.539148] (-) TimerEvent: {}
[16.645964] (-) TimerEvent: {}
[16.695755] (udemy_ros2_pkg) StdoutLine: {'line': b'[ 48%] \x1b[32mBuilding CXX object CMakeFiles/udemy_ros2_pkg__rosidl_typesupport_fastrtps_c.dir/rosidl_typesupport_fastrtps_c/udemy_ros2_pkg/srv/detail/odd_even_check__type_support_c.cpp.o\x1b[0m\n'}
[16.746232] (-) TimerEvent: {}
[16.846801] (-) TimerEvent: {}
[16.947981] (-) TimerEvent: {}
[17.048773] (-) TimerEvent: {}
[17.149381] (-) TimerEvent: {}
[17.250877] (-) TimerEvent: {}
[17.352249] (-) TimerEvent: {}
[17.453693] (-) TimerEvent: {}
[17.554854] (-) TimerEvent: {}
[17.655397] (-) TimerEvent: {}
[17.756025] (-) TimerEvent: {}
[17.857125] (-) TimerEvent: {}
[17.874193] (udemy_ros2_pkg) StdoutLine: {'line': b'[ 51%] \x1b[32m\x1b[1mLinking CXX shared library libudemy_ros2_pkg__rosidl_typesupport_fastrtps_c.so\x1b[0m\n'}
[17.958228] (-) TimerEvent: {}
[18.058842] (-) TimerEvent: {}
[18.164493] (-) TimerEvent: {}
[18.172629] (udemy_ros2_pkg) StdoutLine: {'line': b'[ 51%] Built target udemy_ros2_pkg__rosidl_typesupport_fastrtps_c\n'}
[18.215002] (udemy_ros2_pkg) StdoutLine: {'line': b'[ 54%] \x1b[34m\x1b[1mGenerating C introspection for ROS interfaces\x1b[0m\n'}
[18.264833] (-) TimerEvent: {}
[18.366335] (-) TimerEvent: {}
[18.467314] (-) TimerEvent: {}
[18.568707] (-) TimerEvent: {}
[18.669855] (-) TimerEvent: {}
[18.770516] (-) TimerEvent: {}
[18.871480] (-) TimerEvent: {}
[18.975091] (-) TimerEvent: {}
[19.057211] (udemy_ros2_pkg) StdoutLine: {'line': b'[ 58%] \x1b[32mBuilding C object CMakeFiles/udemy_ros2_pkg__rosidl_typesupport_introspection_c.dir/rosidl_typesupport_introspection_c/udemy_ros2_pkg/srv/detail/odd_even_check__type_support.c.o\x1b[0m\n'}
[19.075376] (-) TimerEvent: {}
[19.176875] (-) TimerEvent: {}
[19.194925] (udemy_ros2_pkg) StdoutLine: {'line': b'[ 61%] \x1b[32m\x1b[1mLinking C shared library libudemy_ros2_pkg__rosidl_typesupport_introspection_c.so\x1b[0m\n'}
[19.267932] (udemy_ros2_pkg) StdoutLine: {'line': b'[ 61%] Built target udemy_ros2_pkg__rosidl_typesupport_introspection_c\n'}
[19.277488] (-) TimerEvent: {}
[19.302236] (udemy_ros2_pkg) StdoutLine: {'line': b'[ 64%] \x1b[34m\x1b[1mGenerating C type support dispatch for ROS interfaces\x1b[0m\n'}
[19.377880] (-) TimerEvent: {}
[19.478834] (-) TimerEvent: {}
[19.579880] (-) TimerEvent: {}
[19.681549] (-) TimerEvent: {}
[19.782610] (-) TimerEvent: {}
[19.885351] (-) TimerEvent: {}
[19.989032] (-) TimerEvent: {}
[19.993451] (udemy_ros2_pkg) StdoutLine: {'line': b'[ 67%] \x1b[32mBuilding CXX object CMakeFiles/udemy_ros2_pkg__rosidl_typesupport_c.dir/rosidl_typesupport_c/udemy_ros2_pkg/srv/odd_even_check__type_support.cpp.o\x1b[0m\n'}
[20.085148] (udemy_ros2_pkg) StdoutLine: {'line': b'[ 70%] \x1b[32m\x1b[1mLinking CXX shared library libudemy_ros2_pkg__rosidl_typesupport_c.so\x1b[0m\n'}
[20.089704] (-) TimerEvent: {}
[20.195718] (-) TimerEvent: {}
[20.284374] (udemy_ros2_pkg) StdoutLine: {'line': b'[ 70%] Built target udemy_ros2_pkg__rosidl_typesupport_c\n'}
[20.295950] (-) TimerEvent: {}
[20.363277] (udemy_ros2_pkg) StdoutLine: {'line': b'[ 70%] Built target udemy_ros2_pkg\n'}
[20.397007] (-) TimerEvent: {}
[20.421932] (udemy_ros2_pkg) StdoutLine: {'line': b'[ 74%] \x1b[34m\x1b[1mGenerating Python code for ROS interfaces\x1b[0m\n'}
[20.497356] (-) TimerEvent: {}
[20.597988] (-) TimerEvent: {}
[20.699245] (-) TimerEvent: {}
[20.799941] (-) TimerEvent: {}
[20.901330] (-) TimerEvent: {}
[21.002337] (-) TimerEvent: {}
[21.103329] (-) TimerEvent: {}
[21.204146] (-) TimerEvent: {}
[21.305115] (-) TimerEvent: {}
[21.405910] (-) TimerEvent: {}
[21.506918] (-) TimerEvent: {}
[21.607717] (-) TimerEvent: {}
[21.639794] (udemy_ros2_pkg) StdoutLine: {'line': b'[ 74%] Built target udemy_ros2_pkg__py\n'}
[21.700820] (udemy_ros2_pkg) StdoutLine: {'line': b'[ 77%] \x1b[32mBuilding C object CMakeFiles/udemy_ros2_pkg__rosidl_generator_py.dir/rosidl_generator_py/udemy_ros2_pkg/srv/_odd_even_check_s.c.o\x1b[0m\n'}
[21.708125] (-) TimerEvent: {}
[21.812842] (-) TimerEvent: {}
[21.913451] (-) TimerEvent: {}
[22.014321] (-) TimerEvent: {}
[22.115814] (-) TimerEvent: {}
[22.182794] (udemy_ros2_pkg) StdoutLine: {'line': b'[ 80%] \x1b[32m\x1b[1mLinking C shared library rosidl_generator_py/udemy_ros2_pkg/libudemy_ros2_pkg__rosidl_generator_py.so\x1b[0m\n'}
[22.216187] (-) TimerEvent: {}
[22.317663] (-) TimerEvent: {}
[22.346960] (udemy_ros2_pkg) StdoutLine: {'line': b'[ 80%] Built target udemy_ros2_pkg__rosidl_generator_py\n'}
[22.418005] (-) TimerEvent: {}
[22.421198] (udemy_ros2_pkg) StdoutLine: {'line': b'[ 83%] \x1b[32mBuilding C object CMakeFiles/udemy_ros2_pkg__rosidl_typesupport_fastrtps_c__pyext.dir/rosidl_generator_py/udemy_ros2_pkg/_udemy_ros2_pkg_s.ep.rosidl_typesupport_fastrtps_c.c.o\x1b[0m\n'}
[22.518569] (-) TimerEvent: {}
[22.621128] (-) TimerEvent: {}
[22.723482] (-) TimerEvent: {}
[22.737691] (udemy_ros2_pkg) StdoutLine: {'line': b'[ 87%] \x1b[32m\x1b[1mLinking C shared library rosidl_generator_py/udemy_ros2_pkg/udemy_ros2_pkg_s__rosidl_typesupport_fastrtps_c.cpython-310-x86_64-linux-gnu.so\x1b[0m\n'}
[22.823664] (-) TimerEvent: {}
[22.840524] (udemy_ros2_pkg) StdoutLine: {'line': b'[ 87%] Built target udemy_ros2_pkg__rosidl_typesupport_fastrtps_c__pyext\n'}
[22.911505] (udemy_ros2_pkg) StdoutLine: {'line': b'[ 90%] \x1b[32mBuilding C object CMakeFiles/udemy_ros2_pkg__rosidl_typesupport_introspection_c__pyext.dir/rosidl_generator_py/udemy_ros2_pkg/_udemy_ros2_pkg_s.ep.rosidl_typesupport_introspection_c.c.o\x1b[0m\n'}
[22.924189] (-) TimerEvent: {}
[23.028330] (-) TimerEvent: {}
[23.130851] (-) TimerEvent: {}
[23.222521] (udemy_ros2_pkg) StdoutLine: {'line': b'[ 93%] \x1b[32m\x1b[1mLinking C shared library rosidl_generator_py/udemy_ros2_pkg/udemy_ros2_pkg_s__rosidl_typesupport_introspection_c.cpython-310-x86_64-linux-gnu.so\x1b[0m\n'}
[23.231308] (-) TimerEvent: {}
[23.332315] (-) TimerEvent: {}
[23.371054] (udemy_ros2_pkg) StdoutLine: {'line': b'[ 93%] Built target udemy_ros2_pkg__rosidl_typesupport_introspection_c__pyext\n'}
[23.433723] (-) TimerEvent: {}
[23.482170] (udemy_ros2_pkg) StdoutLine: {'line': b'[ 96%] \x1b[32mBuilding C object CMakeFiles/udemy_ros2_pkg__rosidl_typesupport_c__pyext.dir/rosidl_generator_py/udemy_ros2_pkg/_udemy_ros2_pkg_s.ep.rosidl_typesupport_c.c.o\x1b[0m\n'}
[23.534668] (-) TimerEvent: {}
[23.637367] (-) TimerEvent: {}
[23.738306] (-) TimerEvent: {}
[23.787119] (udemy_ros2_pkg) StdoutLine: {'line': b'[100%] \x1b[32m\x1b[1mLinking C shared library rosidl_generator_py/udemy_ros2_pkg/udemy_ros2_pkg_s__rosidl_typesupport_c.cpython-310-x86_64-linux-gnu.so\x1b[0m\n'}
[23.839638] (-) TimerEvent: {}
[23.917791] (udemy_ros2_pkg) StdoutLine: {'line': b'[100%] Built target udemy_ros2_pkg__rosidl_typesupport_c__pyext\n'}
[23.940311] (-) TimerEvent: {}
[23.964761] (udemy_ros2_pkg) CommandEnded: {'returncode': 0}
[24.040937] (-) TimerEvent: {}
[24.141623] (-) TimerEvent: {}
[24.192335] (udemy_ros2_pkg) JobProgress: {'identifier': 'udemy_ros2_pkg', 'progress': 'install'}
[24.226473] (udemy_ros2_pkg) Command: {'cmd': ['/usr/bin/cmake', '--install', '/home/shashank/Workspaces/ros2_py_ws/build/udemy_ros2_pkg'], 'cwd': '/home/shashank/Workspaces/ros2_py_ws/build/udemy_ros2_pkg', 'env': OrderedDict([('GJS_DEBUG_TOPICS', 'JS ERROR;JS LOG'), ('LESSOPEN', '| /usr/bin/lesspipe %s'), ('LANGUAGE', 'en_IN:en'), ('USER', 'shashank'), ('GIO_MODULE_DIR', '/home/shashank/snap/code/common/.cache/gio-modules'), ('XDG_SESSION_TYPE', 'wayland'), ('GIT_ASKPASS', '/snap/code/141/usr/share/code/resources/app/extensions/git/dist/askpass.sh'), ('GTK_EXE_PREFIX_VSCODE_SNAP_ORIG', ''), ('GDK_BACKEND_VSCODE_SNAP_ORIG', ''), ('SHLVL', '1'), ('LD_LIBRARY_PATH', '/opt/ros/humble/opt/rviz_ogre_vendor/lib:/opt/ros/humble/lib/x86_64-linux-gnu:/opt/ros/humble/lib'), ('HOME', '/home/shashank'), ('CHROME_DESKTOP', 'code-url-handler.desktop'), ('LOCPATH_VSCODE_SNAP_ORIG', ''), ('TERM_PROGRAM_VERSION', '1.82.3'), ('DESKTOP_SESSION', 'ubuntu'), ('GTK_PATH', '/snap/code/141/usr/lib/x86_64-linux-gnu/gtk-3.0'), ('GTK_IM_MODULE_FILE', '/home/shashank/snap/code/common/.cache/immodules/immodules.cache'), ('GIO_LAUNCHED_DESKTOP_FILE', '/var/lib/snapd/desktop/applications/code_code.desktop'), ('ROS_PYTHON_VERSION', '3'), ('GNOME_SHELL_SESSION_MODE', 'ubuntu'), ('GTK_MODULES', 'gail:atk-bridge'), ('GSETTINGS_SCHEMA_DIR_VSCODE_SNAP_ORIG', ''), ('VSCODE_GIT_ASKPASS_MAIN', '/snap/code/141/usr/share/code/resources/app/extensions/git/dist/askpass-main.js'), ('VSCODE_GIT_ASKPASS_NODE', '/snap/code/141/usr/share/code/code'), ('MANAGERPID', '1567'), ('SYSTEMD_EXEC_PID', '1751'), ('IM_CONFIG_CHECK_ENV', '1'), ('DBUS_SESSION_BUS_ADDRESS', 'unix:path=/run/user/1000/bus'), ('COLORTERM', 'truecolor'), ('GIO_LAUNCHED_DESKTOP_FILE_PID', '5432'), ('IM_CONFIG_PHASE', '1'), ('WAYLAND_DISPLAY', 'wayland-0'), ('ROS_DISTRO', 'humble'), ('LOGNAME', 'shashank'), ('JOURNAL_STREAM', '8:38333'), ('_', '/usr/bin/colcon'), ('ROS_VERSION', '2'), ('XDG_CONFIG_DIRS_VSCODE_SNAP_ORIG', '/etc/xdg/xdg-ubuntu:/etc/xdg'), ('XDG_SESSION_CLASS', 'user'), ('XDG_DATA_DIRS_VSCODE_SNAP_ORIG', '/usr/share/ubuntu:/usr/local/share/:/usr/share/:/var/lib/snapd/desktop'), ('USERNAME', 'shashank'), ('TERM', 'xterm-256color'), ('GNOME_DESKTOP_SESSION_ID', 'this-is-deprecated'), ('ROS_LOCALHOST_ONLY', '0'), ('PATH', '/opt/ros/humble/bin:/usr/local/sbin:/usr/local/bin:/usr/sbin:/usr/bin:/sbin:/bin:/usr/games:/usr/local/games:/snap/bin:/snap/bin'), ('SESSION_MANAGER', 'local/u22vm:@/tmp/.ICE-unix/1702,unix/u22vm:/tmp/.ICE-unix/1702'), ('GTK_EXE_PREFIX', '/snap/code/141/usr'), ('INVOCATION_ID', '70907e85ae194b6ca77eebe25584251a'), ('XDG_MENU_PREFIX', 'gnome-'), ('BAMF_DESKTOP_FILE_HINT', '/var/lib/snapd/desktop/applications/code_code.desktop'), ('GNOME_SETUP_DISPLAY', ':1'), ('XDG_RUNTIME_DIR', '/run/user/1000'), ('GDK_BACKEND', 'x11'), ('DISPLAY', ':0'), ('LOCPATH', '/snap/code/141/usr/lib/locale'), ('LANG', 'en_US.UTF-8'), ('XDG_CURRENT_DESKTOP', 'Unity'), ('GIO_MODULE_DIR_VSCODE_SNAP_ORIG', ''), ('XMODIFIERS', '@im=ibus'), ('XDG_SESSION_DESKTOP', 'ubuntu'), ('XAUTHORITY', '/run/user/1000/.mutter-Xwaylandauth.EHOZB2'), ('LS_COLORS', ''), ('VSCODE_GIT_IPC_HANDLE', '/run/user/1000/vscode-git-d5da9aee6b.sock'), ('TERM_PROGRAM', 'vscode'), ('SSH_AGENT_LAUNCHER', 'gnome-keyring'), ('SSH_AUTH_SOCK', '/run/user/1000/keyring/ssh'), ('GSETTINGS_SCHEMA_DIR', '/home/shashank/snap/code/141/.local/share/glib-2.0/schemas'), ('AMENT_PREFIX_PATH', '/opt/ros/humble'), ('ORIGINAL_XDG_CURRENT_DESKTOP', 'ubuntu:GNOME'), ('SHELL', '/bin/bash'), ('QT_ACCESSIBILITY', '1'), ('GDMSESSION', 'ubuntu'), ('LESSCLOSE', '/usr/bin/lesspipe %s %s'), ('GTK_PATH_VSCODE_SNAP_ORIG', ''), ('GTK_IM_MODULE_FILE_VSCODE_SNAP_ORIG', ''), ('GJS_DEBUG_OUTPUT', 'stderr'), ('VSCODE_GIT_ASKPASS_EXTRA_ARGS', '--ms-enable-electron-run-as-node'), ('QT_IM_MODULE', 'ibus'), ('PWD', '/home/shashank/Workspaces/ros2_py_ws/build/udemy_ros2_pkg'), ('LC_ALL', 'en_US.UTF-8'), ('XDG_CONFIG_DIRS', '/etc/xdg/xdg-ubuntu:/etc/xdg'), ('XDG_DATA_DIRS', '/home/shashank/snap/code/141/.local/share:/home/shashank/snap/code/141:/snap/code/141/usr/share:/usr/share/ubuntu:/usr/local/share/:/usr/share/:/var/lib/snapd/desktop'), ('PYTHONPATH', '/opt/ros/humble/lib/python3.10/site-packages:/opt/ros/humble/local/lib/python3.10/dist-packages'), ('COLCON', '1'), ('CMAKE_PREFIX_PATH', '/opt/ros/humble')]), 'shell': False}
[24.242211] (-) TimerEvent: {}
[24.251218] (udemy_ros2_pkg) StdoutLine: {'line': b'-- Install configuration: ""\n'}
[24.254300] (udemy_ros2_pkg) StdoutLine: {'line': b'-- Execute custom install script\n'}
[24.255290] (udemy_ros2_pkg) StdoutLine: {'line': b'-- Symlinking: /home/shashank/Workspaces/ros2_py_ws/install/udemy_ros2_pkg/share/ament_index/resource_index/rosidl_interfaces/udemy_ros2_pkg\n'}
[24.302224] (udemy_ros2_pkg) StdoutLine: {'line': b'-- Symlinking: /home/shashank/Workspaces/ros2_py_ws/install/udemy_ros2_pkg/include/udemy_ros2_pkg/udemy_ros2_pkg/msg/rosidl_generator_c__visibility_control.h\n'}
[24.341898] (udemy_ros2_pkg) StdoutLine: {'line': b'-- Symlinking: /home/shashank/Workspaces/ros2_py_ws/install/udemy_ros2_pkg/include/udemy_ros2_pkg/udemy_ros2_pkg/srv/detail/odd_even_check__functions.h\n'}
[24.342561] (-) TimerEvent: {}
[24.394000] (udemy_ros2_pkg) StdoutLine: {'line': b'-- Symlinking: /home/shashank/Workspaces/ros2_py_ws/install/udemy_ros2_pkg/include/udemy_ros2_pkg/udemy_ros2_pkg/srv/detail/odd_even_check__struct.h\n'}
[24.432571] (udemy_ros2_pkg) StdoutLine: {'line': b'-- Symlinking: /home/shashank/Workspaces/ros2_py_ws/install/udemy_ros2_pkg/include/udemy_ros2_pkg/udemy_ros2_pkg/srv/detail/odd_even_check__type_support.h\n'}
[24.442975] (-) TimerEvent: {}
[24.468015] (udemy_ros2_pkg) StdoutLine: {'line': b'-- Symlinking: /home/shashank/Workspaces/ros2_py_ws/install/udemy_ros2_pkg/include/udemy_ros2_pkg/udemy_ros2_pkg/srv/odd_even_check.h\n'}
[24.501500] (udemy_ros2_pkg) StdoutLine: {'line': b'-- Symlinking: /home/shashank/Workspaces/ros2_py_ws/install/udemy_ros2_pkg/share/udemy_ros2_pkg/environment/library_path.sh\n'}
[24.532991] (udemy_ros2_pkg) StdoutLine: {'line': b'-- Symlinking: /home/shashank/Workspaces/ros2_py_ws/install/udemy_ros2_pkg/share/udemy_ros2_pkg/environment/library_path.dsv\n'}
[24.543442] (-) TimerEvent: {}
[24.570888] (udemy_ros2_pkg) StdoutLine: {'line': b'-- Symlinking: /home/shashank/Workspaces/ros2_py_ws/install/udemy_ros2_pkg/include/udemy_ros2_pkg/udemy_ros2_pkg/msg/rosidl_typesupport_fastrtps_c__visibility_control.h\n'}
[24.604785] (udemy_ros2_pkg) StdoutLine: {'line': b'-- Symlinking: /home/shashank/Workspaces/ros2_py_ws/install/udemy_ros2_pkg/include/udemy_ros2_pkg/udemy_ros2_pkg/srv/detail/odd_even_check__rosidl_typesupport_fastrtps_c.h\n'}
[24.634545] (udemy_ros2_pkg) StdoutLine: {'line': b'-- Symlinking: /home/shashank/Workspaces/ros2_py_ws/install/udemy_ros2_pkg/include/udemy_ros2_pkg/udemy_ros2_pkg/msg/rosidl_typesupport_introspection_c__visibility_control.h\n'}
[24.643805] (-) TimerEvent: {}
[24.671173] (udemy_ros2_pkg) StdoutLine: {'line': b'-- Symlinking: /home/shashank/Workspaces/ros2_py_ws/install/udemy_ros2_pkg/include/udemy_ros2_pkg/udemy_ros2_pkg/srv/detail/odd_even_check__rosidl_typesupport_introspection_c.h\n'}
[24.704424] (udemy_ros2_pkg) StdoutLine: {'line': b'-- Symlinking: /home/shashank/Workspaces/ros2_py_ws/install/udemy_ros2_pkg/include/udemy_ros2_pkg/udemy_ros2_pkg/srv/detail/odd_even_check__builder.hpp\n'}
[24.728151] (udemy_ros2_pkg) StdoutLine: {'line': b'-- Symlinking: /home/shashank/Workspaces/ros2_py_ws/install/udemy_ros2_pkg/include/udemy_ros2_pkg/udemy_ros2_pkg/srv/detail/odd_even_check__struct.hpp\n'}
[24.744238] (-) TimerEvent: {}
[24.746997] (udemy_ros2_pkg) StdoutLine: {'line': b'-- Symlinking: /home/shashank/Workspaces/ros2_py_ws/install/udemy_ros2_pkg/include/udemy_ros2_pkg/udemy_ros2_pkg/srv/detail/odd_even_check__traits.hpp\n'}
[24.766132] (udemy_ros2_pkg) StdoutLine: {'line': b'-- Symlinking: /home/shashank/Workspaces/ros2_py_ws/install/udemy_ros2_pkg/include/udemy_ros2_pkg/udemy_ros2_pkg/srv/odd_even_check.hpp\n'}
[24.806737] (udemy_ros2_pkg) StdoutLine: {'line': b'-- Symlinking: /home/shashank/Workspaces/ros2_py_ws/install/udemy_ros2_pkg/include/udemy_ros2_pkg/udemy_ros2_pkg/msg/rosidl_typesupport_fastrtps_cpp__visibility_control.h\n'}
[24.833883] (udemy_ros2_pkg) StdoutLine: {'line': b'-- Symlinking: /home/shashank/Workspaces/ros2_py_ws/install/udemy_ros2_pkg/include/udemy_ros2_pkg/udemy_ros2_pkg/srv/detail/odd_even_check__rosidl_typesupport_fastrtps_cpp.hpp\n'}
[24.845342] (-) TimerEvent: {}
[24.859922] (udemy_ros2_pkg) StdoutLine: {'line': b'-- Symlinking: /home/shashank/Workspaces/ros2_py_ws/install/udemy_ros2_pkg/include/udemy_ros2_pkg/udemy_ros2_pkg/srv/detail/odd_even_check__rosidl_typesupport_introspection_cpp.hpp\n'}
[24.890217] (udemy_ros2_pkg) StdoutLine: {'line': b'-- Up-to-date symlink: /home/shashank/Workspaces/ros2_py_ws/install/udemy_ros2_pkg/share/udemy_ros2_pkg/environment/pythonpath.sh\n'}
[24.890610] (udemy_ros2_pkg) StdoutLine: {'line': b'-- Up-to-date symlink: /home/shashank/Workspaces/ros2_py_ws/install/udemy_ros2_pkg/share/udemy_ros2_pkg/environment/pythonpath.dsv\n'}
[24.891250] (udemy_ros2_pkg) StdoutLine: {'line': b'-- Symlinking: /home/shashank/Workspaces/ros2_py_ws/install/udemy_ros2_pkg/local/lib/python3.10/dist-packages/udemy_ros2_pkg-0.0.0-py3.10.egg-info/PKG-INFO\n'}
[24.911081] (udemy_ros2_pkg) StdoutLine: {'line': b'-- Symlinking: /home/shashank/Workspaces/ros2_py_ws/install/udemy_ros2_pkg/local/lib/python3.10/dist-packages/udemy_ros2_pkg-0.0.0-py3.10.egg-info/SOURCES.txt\n'}
[24.939385] (udemy_ros2_pkg) StdoutLine: {'line': b'-- Symlinking: /home/shashank/Workspaces/ros2_py_ws/install/udemy_ros2_pkg/local/lib/python3.10/dist-packages/udemy_ros2_pkg-0.0.0-py3.10.egg-info/dependency_links.txt\n'}
[24.945975] (-) TimerEvent: {}
[24.964239] (udemy_ros2_pkg) StdoutLine: {'line': b'-- Symlinking: /home/shashank/Workspaces/ros2_py_ws/install/udemy_ros2_pkg/local/lib/python3.10/dist-packages/udemy_ros2_pkg-0.0.0-py3.10.egg-info/top_level.txt\n'}
[24.994923] (udemy_ros2_pkg) StdoutLine: {'line': b'-- Symlinking: /home/shashank/Workspaces/ros2_py_ws/install/udemy_ros2_pkg/local/lib/python3.10/dist-packages/udemy_ros2_pkg/__init__.py\n'}
[25.033484] (udemy_ros2_pkg) StdoutLine: {'line': b'-- Symlinking: /home/shashank/Workspaces/ros2_py_ws/install/udemy_ros2_pkg/local/lib/python3.10/dist-packages/udemy_ros2_pkg/_udemy_ros2_pkg_s.ep.rosidl_typesupport_c.c\n'}
[25.046629] (-) TimerEvent: {}
[25.054979] (udemy_ros2_pkg) StdoutLine: {'line': b'-- Symlinking: /home/shashank/Workspaces/ros2_py_ws/install/udemy_ros2_pkg/local/lib/python3.10/dist-packages/udemy_ros2_pkg/_udemy_ros2_pkg_s.ep.rosidl_typesupport_fastrtps_c.c\n'}
[25.081660] (udemy_ros2_pkg) StdoutLine: {'line': b'-- Symlinking: /home/shashank/Workspaces/ros2_py_ws/install/udemy_ros2_pkg/local/lib/python3.10/dist-packages/udemy_ros2_pkg/_udemy_ros2_pkg_s.ep.rosidl_typesupport_introspection_c.c\n'}
[25.102877] (udemy_ros2_pkg) StdoutLine: {'line': b'-- Symlinking: /home/shashank/Workspaces/ros2_py_ws/install/udemy_ros2_pkg/local/lib/python3.10/dist-packages/udemy_ros2_pkg/libudemy_ros2_pkg__rosidl_generator_py.so\n'}
[25.125826] (udemy_ros2_pkg) StdoutLine: {'line': b'-- Symlinking: /home/shashank/Workspaces/ros2_py_ws/install/udemy_ros2_pkg/local/lib/python3.10/dist-packages/udemy_ros2_pkg/srv/__init__.py\n'}
[25.142567] (udemy_ros2_pkg) StdoutLine: {'line': b'-- Symlinking: /home/shashank/Workspaces/ros2_py_ws/install/udemy_ros2_pkg/local/lib/python3.10/dist-packages/udemy_ros2_pkg/srv/_odd_even_check.py\n'}
[25.147323] (-) TimerEvent: {}
[25.159315] (udemy_ros2_pkg) StdoutLine: {'line': b'-- Symlinking: /home/shashank/Workspaces/ros2_py_ws/install/udemy_ros2_pkg/local/lib/python3.10/dist-packages/udemy_ros2_pkg/srv/_odd_even_check_s.c\n'}
[25.179719] (udemy_ros2_pkg) StdoutLine: {'line': b'-- Symlinking: /home/shashank/Workspaces/ros2_py_ws/install/udemy_ros2_pkg/local/lib/python3.10/dist-packages/udemy_ros2_pkg/udemy_ros2_pkg_s__rosidl_typesupport_c.cpython-310-x86_64-linux-gnu.so\n'}
[25.218547] (udemy_ros2_pkg) StdoutLine: {'line': b'-- Symlinking: /home/shashank/Workspaces/ros2_py_ws/install/udemy_ros2_pkg/local/lib/python3.10/dist-packages/udemy_ros2_pkg/udemy_ros2_pkg_s__rosidl_typesupport_fastrtps_c.cpython-310-x86_64-linux-gnu.so\n'}
[25.241647] (udemy_ros2_pkg) StdoutLine: {'line': b'-- Symlinking: /home/shashank/Workspaces/ros2_py_ws/install/udemy_ros2_pkg/local/lib/python3.10/dist-packages/udemy_ros2_pkg/udemy_ros2_pkg_s__rosidl_typesupport_introspection_c.cpython-310-x86_64-linux-gnu.so\n'}
[25.247647] (-) TimerEvent: {}
[25.274092] (udemy_ros2_pkg) StdoutLine: {'line': b'-- Up-to-date symlink: /home/shashank/Workspaces/ros2_py_ws/install/udemy_ros2_pkg/local/lib/python3.10/dist-packages/udemy_ros2_pkg/udemy_ros2_pkg_s__rosidl_typesupport_fastrtps_c.cpython-310-x86_64-linux-gnu.so\n'}
[25.274652] (udemy_ros2_pkg) StdoutLine: {'line': b'-- Up-to-date symlink: /home/shashank/Workspaces/ros2_py_ws/install/udemy_ros2_pkg/local/lib/python3.10/dist-packages/udemy_ros2_pkg/udemy_ros2_pkg_s__rosidl_typesupport_introspection_c.cpython-310-x86_64-linux-gnu.so\n'}
[25.275277] (udemy_ros2_pkg) StdoutLine: {'line': b'-- Up-to-date symlink: /home/shashank/Workspaces/ros2_py_ws/install/udemy_ros2_pkg/local/lib/python3.10/dist-packages/udemy_ros2_pkg/udemy_ros2_pkg_s__rosidl_typesupport_c.cpython-310-x86_64-linux-gnu.so\n'}
[25.276141] (udemy_ros2_pkg) StdoutLine: {'line': b'-- Symlinking: /home/shashank/Workspaces/ros2_py_ws/install/udemy_ros2_pkg/share/udemy_ros2_pkg/srv/OddEvenCheck.idl\n'}
[25.321747] (udemy_ros2_pkg) StdoutLine: {'line': b'-- Symlinking: /home/shashank/Workspaces/ros2_py_ws/install/udemy_ros2_pkg/share/udemy_ros2_pkg/srv/OddEvenCheck.srv\n'}
[25.347922] (-) TimerEvent: {}
[25.352438] (udemy_ros2_pkg) StdoutLine: {'line': b'-- Symlinking: /home/shashank/Workspaces/ros2_py_ws/install/udemy_ros2_pkg/share/udemy_ros2_pkg/srv/OddEvenCheck_Request.msg\n'}
[25.384991] (udemy_ros2_pkg) StdoutLine: {'line': b'-- Symlinking: /home/shashank/Workspaces/ros2_py_ws/install/udemy_ros2_pkg/share/udemy_ros2_pkg/srv/OddEvenCheck_Response.msg\n'}
[25.425629] (udemy_ros2_pkg) StdoutLine: {'line': b'-- Up-to-date symlink: /home/shashank/Workspaces/ros2_py_ws/install/udemy_ros2_pkg/local/lib/python3.10/dist-packages/scripts-0.0.0-py3.10.egg-info/PKG-INFO\n'}
[25.426188] (udemy_ros2_pkg) StdoutLine: {'line': b'-- Up-to-date symlink: /home/shashank/Workspaces/ros2_py_ws/install/udemy_ros2_pkg/local/lib/python3.10/dist-packages/scripts-0.0.0-py3.10.egg-info/SOURCES.txt\n'}
[25.426902] (udemy_ros2_pkg) StdoutLine: {'line': b'-- Up-to-date symlink: /home/shashank/Workspaces/ros2_py_ws/install/udemy_ros2_pkg/local/lib/python3.10/dist-packages/scripts-0.0.0-py3.10.egg-info/dependency_links.txt\n'}
[25.427366] (udemy_ros2_pkg) StdoutLine: {'line': b'-- Up-to-date symlink: /home/shashank/Workspaces/ros2_py_ws/install/udemy_ros2_pkg/local/lib/python3.10/dist-packages/scripts-0.0.0-py3.10.egg-info/top_level.txt\n'}
[25.429023] (udemy_ros2_pkg) StderrLine: {'line': b'\x1b[33mCMake Warning (dev) at ament_cmake_symlink_install/ament_cmake_symlink_install.cmake:62 (file):\n'}
[25.429304] (udemy_ros2_pkg) StderrLine: {'line': b'  Policy CMP0009 is not set: FILE GLOB_RECURSE calls should not follow\n'}
[25.429428] (udemy_ros2_pkg) StderrLine: {'line': b'  symlinks by default.  Run "cmake --help-policy CMP0009" for policy details.\n'}
[25.429588] (udemy_ros2_pkg) StderrLine: {'line': b'  Use the cmake_policy command to set the policy and suppress this warning.\n'}
[25.429725] (udemy_ros2_pkg) StderrLine: {'line': b'Call Stack (most recent call first):\n'}
[25.429837] (udemy_ros2_pkg) StderrLine: {'line': b'  ament_cmake_symlink_install/ament_cmake_symlink_install.cmake:377 (ament_cmake_symlink_install_directory)\n'}
[25.429946] (udemy_ros2_pkg) StderrLine: {'line': b'  cmake_install.cmake:46 (include)\n'}
[25.430054] (udemy_ros2_pkg) StderrLine: {'line': b'This warning is for project developers.  Use -Wno-dev to suppress it.\n'}
[25.430451] (udemy_ros2_pkg) StderrLine: {'line': b'\x1b[0m\n'}
[25.430925] (udemy_ros2_pkg) StderrLine: {'line': b'\x1b[33mCMake Warning (dev) at ament_cmake_symlink_install/ament_cmake_symlink_install.cmake:73 (file):\n'}
[25.431227] (udemy_ros2_pkg) StderrLine: {'line': b'  Policy CMP0009 is not set: FILE GLOB_RECURSE calls should not follow\n'}
[25.431515] (udemy_ros2_pkg) StderrLine: {'line': b'  symlinks by default.  Run "cmake --help-policy CMP0009" for policy details.\n'}
[25.431905] (udemy_ros2_pkg) StderrLine: {'line': b'  Use the cmake_policy command to set the policy and suppress this warning.\n'}
[25.432251] (udemy_ros2_pkg) StderrLine: {'line': b'Call Stack (most recent call first):\n'}
[25.432585] (udemy_ros2_pkg) StderrLine: {'line': b'  ament_cmake_symlink_install/ament_cmake_symlink_install.cmake:377 (ament_cmake_symlink_install_directory)\n'}
[25.432841] (udemy_ros2_pkg) StderrLine: {'line': b'  cmake_install.cmake:46 (include)\n'}
[25.433006] (udemy_ros2_pkg) StderrLine: {'line': b'This warning is for project developers.  Use -Wno-dev to suppress it.\n'}
[25.433182] (udemy_ros2_pkg) StderrLine: {'line': b'\x1b[0m\n'}
[25.433345] (udemy_ros2_pkg) StderrLine: {'line': b'\x1b[33mCMake Warning (dev) at ament_cmake_symlink_install/ament_cmake_symlink_install.cmake:73 (file):\n'}
[25.433578] (udemy_ros2_pkg) StderrLine: {'line': b'  Policy CMP0009 is not set: FILE GLOB_RECURSE calls should not follow\n'}
[25.433779] (udemy_ros2_pkg) StderrLine: {'line': b'  symlinks by default.  Run "cmake --help-policy CMP0009" for policy details.\n'}
[25.433942] (udemy_ros2_pkg) StderrLine: {'line': b'  Use the cmake_policy command to set the policy and suppress this warning.\n'}
[25.434101] (udemy_ros2_pkg) StderrLine: {'line': b'Call Stack (most recent call first):\n'}
[25.434257] (udemy_ros2_pkg) StderrLine: {'line': b'  ament_cmake_symlink_install/ament_cmake_symlink_install.cmake:377 (ament_cmake_symlink_install_directory)\n'}
[25.434415] (udemy_ros2_pkg) StderrLine: {'line': b'  cmake_install.cmake:46 (include)\n'}
[25.434634] (udemy_ros2_pkg) StderrLine: {'line': b'This warning is for project developers.  Use -Wno-dev to suppress it.\n'}
[25.434805] (udemy_ros2_pkg) StderrLine: {'line': b'\x1b[0m\n'}
[25.434964] (udemy_ros2_pkg) StdoutLine: {'line': b'-- Up-to-date symlink: /home/shashank/Workspaces/ros2_py_ws/install/udemy_ros2_pkg/local/lib/python3.10/dist-packages/scripts/__init__.py\n'}
[25.435141] (udemy_ros2_pkg) StdoutLine: {'line': b'-- Up-to-date symlink: /home/shashank/Workspaces/ros2_py_ws/install/udemy_ros2_pkg/local/lib/python3.10/dist-packages/scripts/build/.built_by\n'}
[25.435305] (udemy_ros2_pkg) StdoutLine: {'line': b'-- Up-to-date symlink: /home/shashank/Workspaces/ros2_py_ws/install/udemy_ros2_pkg/local/lib/python3.10/dist-packages/scripts/build/COLCON_IGNORE\n'}
[25.435465] (udemy_ros2_pkg) StdoutLine: {'line': b'-- Up-to-date symlink: /home/shashank/Workspaces/ros2_py_ws/install/udemy_ros2_pkg/local/lib/python3.10/dist-packages/scripts/install/.colcon_install_layout\n'}
[25.438588] (udemy_ros2_pkg) StdoutLine: {'line': b'-- Up-to-date symlink: /home/shashank/Workspaces/ros2_py_ws/install/udemy_ros2_pkg/local/lib/python3.10/dist-packages/scripts/install/COLCON_IGNORE\n'}
[25.439516] (udemy_ros2_pkg) StdoutLine: {'line': b'-- Up-to-date symlink: /home/shashank/Workspaces/ros2_py_ws/install/udemy_ros2_pkg/local/lib/python3.10/dist-packages/scripts/install/_local_setup_util_ps1.py\n'}
[25.440381] (udemy_ros2_pkg) StdoutLine: {'line': b'-- Up-to-date symlink: /home/shashank/Workspaces/ros2_py_ws/install/udemy_ros2_pkg/local/lib/python3.10/dist-packages/scripts/install/_local_setup_util_sh.py\n'}
[25.442029] (udemy_ros2_pkg) StdoutLine: {'line': b'-- Up-to-date symlink: /home/shashank/Workspaces/ros2_py_ws/install/udemy_ros2_pkg/local/lib/python3.10/dist-packages/scripts/install/local_setup.bash\n'}
[25.442945] (udemy_ros2_pkg) StdoutLine: {'line': b'-- Up-to-date symlink: /home/shashank/Workspaces/ros2_py_ws/install/udemy_ros2_pkg/local/lib/python3.10/dist-packages/scripts/install/local_setup.ps1\n'}
[25.444396] (udemy_ros2_pkg) StdoutLine: {'line': b'-- Up-to-date symlink: /home/shashank/Workspaces/ros2_py_ws/install/udemy_ros2_pkg/local/lib/python3.10/dist-packages/scripts/install/local_setup.sh\n'}
[25.444820] (udemy_ros2_pkg) StdoutLine: {'line': b'-- Up-to-date symlink: /home/shashank/Workspaces/ros2_py_ws/install/udemy_ros2_pkg/local/lib/python3.10/dist-packages/scripts/install/local_setup.zsh\n'}
[25.444992] (udemy_ros2_pkg) StdoutLine: {'line': b'-- Up-to-date symlink: /home/shashank/Workspaces/ros2_py_ws/install/udemy_ros2_pkg/local/lib/python3.10/dist-packages/scripts/install/setup.bash\n'}
[25.445158] (udemy_ros2_pkg) StdoutLine: {'line': b'-- Up-to-date symlink: /home/shashank/Workspaces/ros2_py_ws/install/udemy_ros2_pkg/local/lib/python3.10/dist-packages/scripts/install/setup.ps1\n'}
[25.445339] (udemy_ros2_pkg) StdoutLine: {'line': b'-- Up-to-date symlink: /home/shashank/Workspaces/ros2_py_ws/install/udemy_ros2_pkg/local/lib/python3.10/dist-packages/scripts/install/setup.sh\n'}
[25.445514] (udemy_ros2_pkg) StdoutLine: {'line': b'-- Up-to-date symlink: /home/shashank/Workspaces/ros2_py_ws/install/udemy_ros2_pkg/local/lib/python3.10/dist-packages/scripts/install/setup.zsh\n'}
[25.445776] (udemy_ros2_pkg) StdoutLine: {'line': b'-- Up-to-date symlink: /home/shashank/Workspaces/ros2_py_ws/install/udemy_ros2_pkg/local/lib/python3.10/dist-packages/scripts/log/COLCON_IGNORE\n'}
[25.445944] (udemy_ros2_pkg) StdoutLine: {'line': b'-- Up-to-date symlink: /home/shashank/Workspaces/ros2_py_ws/install/udemy_ros2_pkg/local/lib/python3.10/dist-packages/scripts/log/build_2023-09-29_00-48-18/events.log\n'}
[25.446116] (udemy_ros2_pkg) StdoutLine: {'line': b'-- Up-to-date symlink: /home/shashank/Workspaces/ros2_py_ws/install/udemy_ros2_pkg/local/lib/python3.10/dist-packages/scripts/log/build_2023-09-29_00-48-18/logger_all.log\n'}
[25.446288] (udemy_ros2_pkg) StdoutLine: {'line': b'-- Up-to-date symlink: /home/shashank/Workspaces/ros2_py_ws/install/udemy_ros2_pkg/local/lib/python3.10/dist-packages/scripts/log/latest/events.log\n'}
[25.446485] (udemy_ros2_pkg) StdoutLine: {'line': b'-- Up-to-date symlink: /home/shashank/Workspaces/ros2_py_ws/install/udemy_ros2_pkg/local/lib/python3.10/dist-packages/scripts/log/latest/logger_all.log\n'}
[25.446804] (udemy_ros2_pkg) StdoutLine: {'line': b'-- Up-to-date symlink: /home/shashank/Workspaces/ros2_py_ws/install/udemy_ros2_pkg/local/lib/python3.10/dist-packages/scripts/log/latest_build/events.log\n'}
[25.449764] (udemy_ros2_pkg) StdoutLine: {'line': b'-- Up-to-date symlink: /home/shashank/Workspaces/ros2_py_ws/install/udemy_ros2_pkg/local/lib/python3.10/dist-packages/scripts/log/latest_build/logger_all.log\n'}
[25.452081] (-) TimerEvent: {}
[25.452916] (udemy_ros2_pkg) StdoutLine: {'line': b'-- Up-to-date symlink: /home/shashank/Workspaces/ros2_py_ws/install/udemy_ros2_pkg/local/lib/python3.10/dist-packages/scripts/publisher.py\n'}
[25.454576] (udemy_ros2_pkg) StdoutLine: {'line': b'-- Up-to-date symlink: /home/shashank/Workspaces/ros2_py_ws/install/udemy_ros2_pkg/local/lib/python3.10/dist-packages/scripts/rpm_pub.py\n'}
[25.455135] (udemy_ros2_pkg) StdoutLine: {'line': b'-- Up-to-date symlink: /home/shashank/Workspaces/ros2_py_ws/install/udemy_ros2_pkg/local/lib/python3.10/dist-packages/scripts/speed_calc.py\n'}
[25.456926] (udemy_ros2_pkg) StdoutLine: {'line': b'-- Up-to-date symlink: /home/shashank/Workspaces/ros2_py_ws/install/udemy_ros2_pkg/local/lib/python3.10/dist-packages/scripts/subscriber.py\n'}
[25.458258] (udemy_ros2_pkg) StdoutLine: {'line': b'-- Up-to-date symlink: /home/shashank/Workspaces/ros2_py_ws/install/udemy_ros2_pkg/lib/udemy_ros2_pkg/publisher.py\n'}
[25.458564] (udemy_ros2_pkg) StdoutLine: {'line': b'-- Up-to-date symlink: /home/shashank/Workspaces/ros2_py_ws/install/udemy_ros2_pkg/lib/udemy_ros2_pkg/subscriber.py\n'}
[25.458737] (udemy_ros2_pkg) StdoutLine: {'line': b'-- Up-to-date symlink: /home/shashank/Workspaces/ros2_py_ws/install/udemy_ros2_pkg/lib/udemy_ros2_pkg/rpm_pub.py\n'}
[25.458967] (udemy_ros2_pkg) StdoutLine: {'line': b'-- Up-to-date symlink: /home/shashank/Workspaces/ros2_py_ws/install/udemy_ros2_pkg/lib/udemy_ros2_pkg/speed_calc.py\n'}
[25.459272] (udemy_ros2_pkg) StdoutLine: {'line': b'-- Up-to-date symlink: /home/shashank/Workspaces/ros2_py_ws/install/udemy_ros2_pkg/share/udemy_ros2_pkg//launch/rpm_node_launch.py\n'}
[25.459545] (udemy_ros2_pkg) StdoutLine: {'line': b'-- Up-to-date symlink: /home/shashank/Workspaces/ros2_py_ws/install/udemy_ros2_pkg/share/udemy_ros2_pkg//launch/speed_project_launch.py\n'}
[25.459711] (udemy_ros2_pkg) StdoutLine: {'line': b'-- Up-to-date symlink: /home/shashank/Workspaces/ros2_py_ws/install/udemy_ros2_pkg/share/ament_index/resource_index/package_run_dependencies/udemy_ros2_pkg\n'}
[25.460191] (udemy_ros2_pkg) StdoutLine: {'line': b'-- Up-to-date symlink: /home/shashank/Workspaces/ros2_py_ws/install/udemy_ros2_pkg/share/ament_index/resource_index/parent_prefix_path/udemy_ros2_pkg\n'}
[25.465321] (udemy_ros2_pkg) StdoutLine: {'line': b'-- Up-to-date symlink: /home/shashank/Workspaces/ros2_py_ws/install/udemy_ros2_pkg/share/udemy_ros2_pkg/environment/ament_prefix_path.sh\n'}
[25.465725] (udemy_ros2_pkg) StdoutLine: {'line': b'-- Up-to-date symlink: /home/shashank/Workspaces/ros2_py_ws/install/udemy_ros2_pkg/share/udemy_ros2_pkg/environment/ament_prefix_path.dsv\n'}
[25.466169] (udemy_ros2_pkg) StdoutLine: {'line': b'-- Up-to-date symlink: /home/shashank/Workspaces/ros2_py_ws/install/udemy_ros2_pkg/share/udemy_ros2_pkg/environment/path.sh\n'}
[25.466477] (udemy_ros2_pkg) StdoutLine: {'line': b'-- Up-to-date symlink: /home/shashank/Workspaces/ros2_py_ws/install/udemy_ros2_pkg/share/udemy_ros2_pkg/environment/path.dsv\n'}
[25.466729] (udemy_ros2_pkg) StdoutLine: {'line': b'-- Up-to-date symlink: /home/shashank/Workspaces/ros2_py_ws/install/udemy_ros2_pkg/share/udemy_ros2_pkg/local_setup.bash\n'}
[25.467075] (udemy_ros2_pkg) StdoutLine: {'line': b'-- Up-to-date symlink: /home/shashank/Workspaces/ros2_py_ws/install/udemy_ros2_pkg/share/udemy_ros2_pkg/local_setup.sh\n'}
[25.467392] (udemy_ros2_pkg) StdoutLine: {'line': b'-- Up-to-date symlink: /home/shashank/Workspaces/ros2_py_ws/install/udemy_ros2_pkg/share/udemy_ros2_pkg/local_setup.zsh\n'}
[25.467721] (udemy_ros2_pkg) StdoutLine: {'line': b'-- Up-to-date symlink: /home/shashank/Workspaces/ros2_py_ws/install/udemy_ros2_pkg/share/udemy_ros2_pkg/local_setup.dsv\n'}
[25.467987] (udemy_ros2_pkg) StdoutLine: {'line': b'-- Symlinking: /home/shashank/Workspaces/ros2_py_ws/install/udemy_ros2_pkg/share/udemy_ros2_pkg/package.dsv\n'}
[25.497734] (udemy_ros2_pkg) StdoutLine: {'line': b'-- Up-to-date symlink: /home/shashank/Workspaces/ros2_py_ws/install/udemy_ros2_pkg/share/ament_index/resource_index/packages/udemy_ros2_pkg\n'}
[25.498115] (udemy_ros2_pkg) StdoutLine: {'line': b'-- Symlinking: /home/shashank/Workspaces/ros2_py_ws/install/udemy_ros2_pkg/share/udemy_ros2_pkg/cmake/rosidl_cmake-extras.cmake\n'}
[25.536238] (udemy_ros2_pkg) StdoutLine: {'line': b'-- Symlinking: /home/shashank/Workspaces/ros2_py_ws/install/udemy_ros2_pkg/share/udemy_ros2_pkg/cmake/ament_cmake_export_include_directories-extras.cmake\n'}
[25.552788] (-) TimerEvent: {}
[25.569726] (udemy_ros2_pkg) StdoutLine: {'line': b'-- Symlinking: /home/shashank/Workspaces/ros2_py_ws/install/udemy_ros2_pkg/share/udemy_ros2_pkg/cmake/ament_cmake_export_libraries-extras.cmake\n'}
[25.601369] (udemy_ros2_pkg) StdoutLine: {'line': b'-- Symlinking: /home/shashank/Workspaces/ros2_py_ws/install/udemy_ros2_pkg/share/udemy_ros2_pkg/cmake/ament_cmake_export_targets-extras.cmake\n'}
[25.639762] (udemy_ros2_pkg) StdoutLine: {'line': b'-- Symlinking: /home/shashank/Workspaces/ros2_py_ws/install/udemy_ros2_pkg/share/udemy_ros2_pkg/cmake/rosidl_cmake_export_typesupport_targets-extras.cmake\n'}
[25.653437] (-) TimerEvent: {}
[25.666680] (udemy_ros2_pkg) StdoutLine: {'line': b'-- Symlinking: /home/shashank/Workspaces/ros2_py_ws/install/udemy_ros2_pkg/share/udemy_ros2_pkg/cmake/ament_cmake_export_dependencies-extras.cmake\n'}
[25.699579] (udemy_ros2_pkg) StdoutLine: {'line': b'-- Symlinking: /home/shashank/Workspaces/ros2_py_ws/install/udemy_ros2_pkg/share/udemy_ros2_pkg/cmake/rosidl_cmake_export_typesupport_libraries-extras.cmake\n'}
[25.730169] (udemy_ros2_pkg) StdoutLine: {'line': b'-- Up-to-date symlink: /home/shashank/Workspaces/ros2_py_ws/install/udemy_ros2_pkg/share/udemy_ros2_pkg/cmake/udemy_ros2_pkgConfig.cmake\n'}
[25.730797] (udemy_ros2_pkg) StdoutLine: {'line': b'-- Up-to-date symlink: /home/shashank/Workspaces/ros2_py_ws/install/udemy_ros2_pkg/share/udemy_ros2_pkg/cmake/udemy_ros2_pkgConfig-version.cmake\n'}
[25.731168] (udemy_ros2_pkg) StdoutLine: {'line': b'-- Up-to-date symlink: /home/shashank/Workspaces/ros2_py_ws/install/udemy_ros2_pkg/share/udemy_ros2_pkg/package.xml\n'}
[25.731665] (udemy_ros2_pkg) StdoutLine: {'line': b'-- Installing: /home/shashank/Workspaces/ros2_py_ws/install/udemy_ros2_pkg/lib/libudemy_ros2_pkg__rosidl_generator_c.so\n'}
[25.732250] (udemy_ros2_pkg) StdoutLine: {'line': b'-- Set runtime path of "/home/shashank/Workspaces/ros2_py_ws/install/udemy_ros2_pkg/lib/libudemy_ros2_pkg__rosidl_generator_c.so" to ""\n'}
[25.733049] (udemy_ros2_pkg) StdoutLine: {'line': b'-- Installing: /home/shashank/Workspaces/ros2_py_ws/install/udemy_ros2_pkg/lib/libudemy_ros2_pkg__rosidl_typesupport_fastrtps_c.so\n'}
[25.733797] (udemy_ros2_pkg) StdoutLine: {'line': b'-- Set runtime path of "/home/shashank/Workspaces/ros2_py_ws/install/udemy_ros2_pkg/lib/libudemy_ros2_pkg__rosidl_typesupport_fastrtps_c.so" to ""\n'}
[25.734417] (udemy_ros2_pkg) StdoutLine: {'line': b'-- Installing: /home/shashank/Workspaces/ros2_py_ws/install/udemy_ros2_pkg/lib/libudemy_ros2_pkg__rosidl_typesupport_introspection_c.so\n'}
[25.734939] (udemy_ros2_pkg) StdoutLine: {'line': b'-- Set runtime path of "/home/shashank/Workspaces/ros2_py_ws/install/udemy_ros2_pkg/lib/libudemy_ros2_pkg__rosidl_typesupport_introspection_c.so" to ""\n'}
[25.735264] (udemy_ros2_pkg) StdoutLine: {'line': b'-- Installing: /home/shashank/Workspaces/ros2_py_ws/install/udemy_ros2_pkg/lib/libudemy_ros2_pkg__rosidl_typesupport_c.so\n'}
[25.736058] (udemy_ros2_pkg) StdoutLine: {'line': b'-- Set runtime path of "/home/shashank/Workspaces/ros2_py_ws/install/udemy_ros2_pkg/lib/libudemy_ros2_pkg__rosidl_typesupport_c.so" to ""\n'}
[25.737930] (udemy_ros2_pkg) StdoutLine: {'line': b'-- Installing: /home/shashank/Workspaces/ros2_py_ws/install/udemy_ros2_pkg/lib/libudemy_ros2_pkg__rosidl_typesupport_fastrtps_cpp.so\n'}
[25.738351] (udemy_ros2_pkg) StdoutLine: {'line': b'-- Set runtime path of "/home/shashank/Workspaces/ros2_py_ws/install/udemy_ros2_pkg/lib/libudemy_ros2_pkg__rosidl_typesupport_fastrtps_cpp.so" to ""\n'}
[25.738551] (udemy_ros2_pkg) StdoutLine: {'line': b'-- Installing: /home/shashank/Workspaces/ros2_py_ws/install/udemy_ros2_pkg/lib/libudemy_ros2_pkg__rosidl_typesupport_introspection_cpp.so\n'}
[25.738671] (udemy_ros2_pkg) StdoutLine: {'line': b'-- Set runtime path of "/home/shashank/Workspaces/ros2_py_ws/install/udemy_ros2_pkg/lib/libudemy_ros2_pkg__rosidl_typesupport_introspection_cpp.so" to ""\n'}
[25.738894] (udemy_ros2_pkg) StdoutLine: {'line': b'-- Installing: /home/shashank/Workspaces/ros2_py_ws/install/udemy_ros2_pkg/lib/libudemy_ros2_pkg__rosidl_typesupport_cpp.so\n'}
[25.739032] (udemy_ros2_pkg) StdoutLine: {'line': b'-- Set runtime path of "/home/shashank/Workspaces/ros2_py_ws/install/udemy_ros2_pkg/lib/libudemy_ros2_pkg__rosidl_typesupport_cpp.so" to ""\n'}
[25.754496] (-) TimerEvent: {}
[25.835019] (udemy_ros2_pkg) StdoutLine: {'line': b"Listing '/home/shashank/Workspaces/ros2_py_ws/install/udemy_ros2_pkg/local/lib/python3.10/dist-packages/udemy_ros2_pkg'...\n"}
[25.835290] (udemy_ros2_pkg) StdoutLine: {'line': b"Compiling '/home/shashank/Workspaces/ros2_py_ws/install/udemy_ros2_pkg/local/lib/python3.10/dist-packages/udemy_ros2_pkg/__init__.py'...\n"}
[25.835418] (udemy_ros2_pkg) StdoutLine: {'line': b"Listing '/home/shashank/Workspaces/ros2_py_ws/install/udemy_ros2_pkg/local/lib/python3.10/dist-packages/udemy_ros2_pkg/srv'...\n"}
[25.835535] (udemy_ros2_pkg) StdoutLine: {'line': b"Compiling '/home/shashank/Workspaces/ros2_py_ws/install/udemy_ros2_pkg/local/lib/python3.10/dist-packages/udemy_ros2_pkg/srv/__init__.py'...\n"}
[25.835672] (udemy_ros2_pkg) StdoutLine: {'line': b"Compiling '/home/shashank/Workspaces/ros2_py_ws/install/udemy_ros2_pkg/local/lib/python3.10/dist-packages/udemy_ros2_pkg/srv/_odd_even_check.py'...\n"}
[25.851724] (udemy_ros2_pkg) StdoutLine: {'line': b'-- Installing: /home/shashank/Workspaces/ros2_py_ws/install/udemy_ros2_pkg/lib/libudemy_ros2_pkg__rosidl_generator_py.so\n'}
[25.852156] (udemy_ros2_pkg) StdoutLine: {'line': b'-- Set runtime path of "/home/shashank/Workspaces/ros2_py_ws/install/udemy_ros2_pkg/lib/libudemy_ros2_pkg__rosidl_generator_py.so" to ""\n'}
[25.855005] (-) TimerEvent: {}
[25.952173] (udemy_ros2_pkg) StdoutLine: {'line': b"Listing '/home/shashank/Workspaces/ros2_py_ws/install/udemy_ros2_pkg/local/lib/python3.10/dist-packages/scripts'...\n"}
[25.952482] (udemy_ros2_pkg) StdoutLine: {'line': b"Listing '/home/shashank/Workspaces/ros2_py_ws/install/udemy_ros2_pkg/local/lib/python3.10/dist-packages/scripts/build'...\n"}
[25.952628] (udemy_ros2_pkg) StdoutLine: {'line': b"Listing '/home/shashank/Workspaces/ros2_py_ws/install/udemy_ros2_pkg/local/lib/python3.10/dist-packages/scripts/install'...\n"}
[25.952792] (udemy_ros2_pkg) StdoutLine: {'line': b"Listing '/home/shashank/Workspaces/ros2_py_ws/install/udemy_ros2_pkg/local/lib/python3.10/dist-packages/scripts/log'...\n"}
[25.952911] (udemy_ros2_pkg) StdoutLine: {'line': b"Listing '/home/shashank/Workspaces/ros2_py_ws/install/udemy_ros2_pkg/local/lib/python3.10/dist-packages/scripts/log/build_2023-09-29_00-48-18'...\n"}
[25.953028] (udemy_ros2_pkg) StdoutLine: {'line': b"Listing '/home/shashank/Workspaces/ros2_py_ws/install/udemy_ros2_pkg/local/lib/python3.10/dist-packages/scripts/log/latest'...\n"}
[25.953297] (udemy_ros2_pkg) StdoutLine: {'line': b"Listing '/home/shashank/Workspaces/ros2_py_ws/install/udemy_ros2_pkg/local/lib/python3.10/dist-packages/scripts/log/latest_build'...\n"}
[25.955711] (-) TimerEvent: {}
[25.977465] (udemy_ros2_pkg) StdoutLine: {'line': b'-- Installing: /home/shashank/Workspaces/ros2_py_ws/install/udemy_ros2_pkg/share/udemy_ros2_pkg/cmake/export_udemy_ros2_pkg__rosidl_generator_cExport.cmake\n'}
[25.977912] (udemy_ros2_pkg) StdoutLine: {'line': b'-- Installing: /home/shashank/Workspaces/ros2_py_ws/install/udemy_ros2_pkg/share/udemy_ros2_pkg/cmake/export_udemy_ros2_pkg__rosidl_generator_cExport-noconfig.cmake\n'}
[25.978141] (udemy_ros2_pkg) StdoutLine: {'line': b'-- Installing: /home/shashank/Workspaces/ros2_py_ws/install/udemy_ros2_pkg/share/udemy_ros2_pkg/cmake/export_udemy_ros2_pkg__rosidl_typesupport_fastrtps_cExport.cmake\n'}
[25.978365] (udemy_ros2_pkg) StdoutLine: {'line': b'-- Installing: /home/shashank/Workspaces/ros2_py_ws/install/udemy_ros2_pkg/share/udemy_ros2_pkg/cmake/export_udemy_ros2_pkg__rosidl_typesupport_fastrtps_cExport-noconfig.cmake\n'}
[25.978715] (udemy_ros2_pkg) StdoutLine: {'line': b'-- Installing: /home/shashank/Workspaces/ros2_py_ws/install/udemy_ros2_pkg/share/udemy_ros2_pkg/cmake/udemy_ros2_pkg__rosidl_typesupport_introspection_cExport.cmake\n'}
[25.979199] (udemy_ros2_pkg) StdoutLine: {'line': b'-- Installing: /home/shashank/Workspaces/ros2_py_ws/install/udemy_ros2_pkg/share/udemy_ros2_pkg/cmake/udemy_ros2_pkg__rosidl_typesupport_introspection_cExport-noconfig.cmake\n'}
[25.979464] (udemy_ros2_pkg) StdoutLine: {'line': b'-- Installing: /home/shashank/Workspaces/ros2_py_ws/install/udemy_ros2_pkg/share/udemy_ros2_pkg/cmake/udemy_ros2_pkg__rosidl_typesupport_cExport.cmake\n'}
[25.979592] (udemy_ros2_pkg) StdoutLine: {'line': b'-- Installing: /home/shashank/Workspaces/ros2_py_ws/install/udemy_ros2_pkg/share/udemy_ros2_pkg/cmake/udemy_ros2_pkg__rosidl_typesupport_cExport-noconfig.cmake\n'}
[25.979771] (udemy_ros2_pkg) StdoutLine: {'line': b'-- Installing: /home/shashank/Workspaces/ros2_py_ws/install/udemy_ros2_pkg/share/udemy_ros2_pkg/cmake/export_udemy_ros2_pkg__rosidl_generator_cppExport.cmake\n'}
[25.979917] (udemy_ros2_pkg) StdoutLine: {'line': b'-- Installing: /home/shashank/Workspaces/ros2_py_ws/install/udemy_ros2_pkg/share/udemy_ros2_pkg/cmake/export_udemy_ros2_pkg__rosidl_typesupport_fastrtps_cppExport.cmake\n'}
[25.986065] (udemy_ros2_pkg) StdoutLine: {'line': b'-- Installing: /home/shashank/Workspaces/ros2_py_ws/install/udemy_ros2_pkg/share/udemy_ros2_pkg/cmake/export_udemy_ros2_pkg__rosidl_typesupport_fastrtps_cppExport-noconfig.cmake\n'}
[25.986411] (udemy_ros2_pkg) StdoutLine: {'line': b'-- Installing: /home/shashank/Workspaces/ros2_py_ws/install/udemy_ros2_pkg/share/udemy_ros2_pkg/cmake/udemy_ros2_pkg__rosidl_typesupport_introspection_cppExport.cmake\n'}
[25.986582] (udemy_ros2_pkg) StdoutLine: {'line': b'-- Installing: /home/shashank/Workspaces/ros2_py_ws/install/udemy_ros2_pkg/share/udemy_ros2_pkg/cmake/udemy_ros2_pkg__rosidl_typesupport_introspection_cppExport-noconfig.cmake\n'}
[25.986781] (udemy_ros2_pkg) StdoutLine: {'line': b'-- Installing: /home/shashank/Workspaces/ros2_py_ws/install/udemy_ros2_pkg/share/udemy_ros2_pkg/cmake/udemy_ros2_pkg__rosidl_typesupport_cppExport.cmake\n'}
[25.992825] (udemy_ros2_pkg) StdoutLine: {'line': b'-- Installing: /home/shashank/Workspaces/ros2_py_ws/install/udemy_ros2_pkg/share/udemy_ros2_pkg/cmake/udemy_ros2_pkg__rosidl_typesupport_cppExport-noconfig.cmake\n'}
[25.994643] (udemy_ros2_pkg) StdoutLine: {'line': b'-- Installing: /home/shashank/Workspaces/ros2_py_ws/install/udemy_ros2_pkg/share/udemy_ros2_pkg/cmake/export_udemy_ros2_pkg__rosidl_generator_pyExport.cmake\n'}
[26.000201] (udemy_ros2_pkg) StdoutLine: {'line': b'-- Installing: /home/shashank/Workspaces/ros2_py_ws/install/udemy_ros2_pkg/share/udemy_ros2_pkg/cmake/export_udemy_ros2_pkg__rosidl_generator_pyExport-noconfig.cmake\n'}
[26.012517] (udemy_ros2_pkg) CommandEnded: {'returncode': 0}
[26.056171] (-) TimerEvent: {}
[26.157155] (-) TimerEvent: {}
[26.258106] (-) TimerEvent: {}
[26.359152] (-) TimerEvent: {}
[26.423841] (udemy_ros2_pkg) JobEnded: {'identifier': 'udemy_ros2_pkg', 'rc': 0}
[26.429391] (-) EventReactorShutdown: {}
