[0.027s] Invoking command in '/home/shashank/Workspaces/ros2_py_ws/build/udemy_ros2_pkg': CMAKE_PREFIX_PATH=/opt/ros/humble /usr/bin/cmake --build /home/shashank/Workspaces/ros2_py_ws/build/udemy_ros2_pkg -- -j2 -l2
[0.092s] Built target ament_cmake_python_symlink_scripts
[0.351s] running egg_info
[0.353s] writing scripts.egg-info/PKG-INFO
[0.355s] writing dependency_links to scripts.egg-info/dependency_links.txt
[0.356s] writing top-level names to scripts.egg-info/top_level.txt
[0.359s] reading manifest file 'scripts.egg-info/SOURCES.txt'
[0.361s] writing manifest file 'scripts.egg-info/SOURCES.txt'
[0.392s] Built target ament_cmake_python_build_scripts_egg
[0.404s] Invoked command in '/home/shashank/Workspaces/ros2_py_ws/build/udemy_ros2_pkg' returned '0': CMAKE_PREFIX_PATH=/opt/ros/humble /usr/bin/cmake --build /home/shashank/Workspaces/ros2_py_ws/build/udemy_ros2_pkg -- -j2 -l2
[0.461s] Invoking command in '/home/shashank/Workspaces/ros2_py_ws/build/udemy_ros2_pkg': CMAKE_PREFIX_PATH=/opt/ros/humble /usr/bin/cmake --install /home/shashank/Workspaces/ros2_py_ws/build/udemy_ros2_pkg
[0.472s] -- Install configuration: ""
[0.472s] -- Execute custom install script
[0.473s] -- Up-to-date symlink: /home/shashank/Workspaces/ros2_py_ws/install/udemy_ros2_pkg/share/udemy_ros2_pkg/environment/pythonpath.sh
[0.473s] -- Up-to-date symlink: /home/shashank/Workspaces/ros2_py_ws/install/udemy_ros2_pkg/share/udemy_ros2_pkg/environment/pythonpath.dsv
[0.473s] -- Up-to-date symlink: /home/shashank/Workspaces/ros2_py_ws/install/udemy_ros2_pkg/local/lib/python3.10/dist-packages/scripts-0.0.0-py3.10.egg-info/PKG-INFO
[0.473s] -- Up-to-date symlink: /home/shashank/Workspaces/ros2_py_ws/install/udemy_ros2_pkg/local/lib/python3.10/dist-packages/scripts-0.0.0-py3.10.egg-info/SOURCES.txt
[0.473s] -- Up-to-date symlink: /home/shashank/Workspaces/ros2_py_ws/install/udemy_ros2_pkg/local/lib/python3.10/dist-packages/scripts-0.0.0-py3.10.egg-info/dependency_links.txt
[0.474s] -- Up-to-date symlink: /home/shashank/Workspaces/ros2_py_ws/install/udemy_ros2_pkg/local/lib/python3.10/dist-packages/scripts-0.0.0-py3.10.egg-info/top_level.txt
[0.474s] [33mCMake Warning (dev) at ament_cmake_symlink_install/ament_cmake_symlink_install.cmake:62 (file):
[0.474s]   Policy CMP0009 is not set: FILE GLOB_RECURSE calls should not follow
[0.474s]   symlinks by default.  Run "cmake --help-policy CMP0009" for policy details.
[0.474s]   Use the cmake_policy command to set the policy and suppress this warning.
[0.474s] Call Stack (most recent call first):
[0.474s]   ament_cmake_symlink_install/ament_cmake_symlink_install.cmake:323 (ament_cmake_symlink_install_directory)
[0.474s]   cmake_install.cmake:46 (include)
[0.474s] This warning is for project developers.  Use -Wno-dev to suppress it.
[0.475s] [0m
[0.475s] [33mCMake Warning (dev) at ament_cmake_symlink_install/ament_cmake_symlink_install.cmake:73 (file):
[0.475s]   Policy CMP0009 is not set: FILE GLOB_RECURSE calls should not follow
[0.475s]   symlinks by default.  Run "cmake --help-policy CMP0009" for policy details.
[0.475s]   Use the cmake_policy command to set the policy and suppress this warning.
[0.475s] Call Stack (most recent call first):
[0.475s]   ament_cmake_symlink_install/ament_cmake_symlink_install.cmake:323 (ament_cmake_symlink_install_directory)
[0.475s]   cmake_install.cmake:46 (include)
[0.476s] This warning is for project developers.  Use -Wno-dev to suppress it.
[0.476s] [0m
[0.476s] [33mCMake Warning (dev) at ament_cmake_symlink_install/ament_cmake_symlink_install.cmake:73 (file):
[0.476s]   Policy CMP0009 is not set: FILE GLOB_RECURSE calls should not follow
[0.476s]   symlinks by default.  Run "cmake --help-policy CMP0009" for policy details.
[0.476s]   Use the cmake_policy command to set the policy and suppress this warning.
[0.476s] Call Stack (most recent call first):
[0.476s]   ament_cmake_symlink_install/ament_cmake_symlink_install.cmake:323 (ament_cmake_symlink_install_directory)
[0.476s]   cmake_install.cmake:46 (include)
[0.476s] This warning is for project developers.  Use -Wno-dev to suppress it.
[0.476s] [0m
[0.477s] -- Up-to-date symlink: /home/shashank/Workspaces/ros2_py_ws/install/udemy_ros2_pkg/local/lib/python3.10/dist-packages/scripts/__init__.py
[0.477s] -- Up-to-date symlink: /home/shashank/Workspaces/ros2_py_ws/install/udemy_ros2_pkg/local/lib/python3.10/dist-packages/scripts/build/.built_by
[0.477s] -- Up-to-date symlink: /home/shashank/Workspaces/ros2_py_ws/install/udemy_ros2_pkg/local/lib/python3.10/dist-packages/scripts/build/COLCON_IGNORE
[0.477s] -- Up-to-date symlink: /home/shashank/Workspaces/ros2_py_ws/install/udemy_ros2_pkg/local/lib/python3.10/dist-packages/scripts/install/.colcon_install_layout
[0.477s] -- Up-to-date symlink: /home/shashank/Workspaces/ros2_py_ws/install/udemy_ros2_pkg/local/lib/python3.10/dist-packages/scripts/install/COLCON_IGNORE
[0.477s] -- Up-to-date symlink: /home/shashank/Workspaces/ros2_py_ws/install/udemy_ros2_pkg/local/lib/python3.10/dist-packages/scripts/install/_local_setup_util_ps1.py
[0.478s] -- Up-to-date symlink: /home/shashank/Workspaces/ros2_py_ws/install/udemy_ros2_pkg/local/lib/python3.10/dist-packages/scripts/install/_local_setup_util_sh.py
[0.479s] -- Up-to-date symlink: /home/shashank/Workspaces/ros2_py_ws/install/udemy_ros2_pkg/local/lib/python3.10/dist-packages/scripts/install/local_setup.bash
[0.479s] -- Up-to-date symlink: /home/shashank/Workspaces/ros2_py_ws/install/udemy_ros2_pkg/local/lib/python3.10/dist-packages/scripts/install/local_setup.ps1
[0.479s] -- Up-to-date symlink: /home/shashank/Workspaces/ros2_py_ws/install/udemy_ros2_pkg/local/lib/python3.10/dist-packages/scripts/install/local_setup.sh
[0.479s] -- Up-to-date symlink: /home/shashank/Workspaces/ros2_py_ws/install/udemy_ros2_pkg/local/lib/python3.10/dist-packages/scripts/install/local_setup.zsh
[0.480s] -- Up-to-date symlink: /home/shashank/Workspaces/ros2_py_ws/install/udemy_ros2_pkg/local/lib/python3.10/dist-packages/scripts/install/setup.bash
[0.481s] -- Up-to-date symlink: /home/shashank/Workspaces/ros2_py_ws/install/udemy_ros2_pkg/local/lib/python3.10/dist-packages/scripts/install/setup.ps1
[0.481s] -- Up-to-date symlink: /home/shashank/Workspaces/ros2_py_ws/install/udemy_ros2_pkg/local/lib/python3.10/dist-packages/scripts/install/setup.sh
[0.481s] -- Up-to-date symlink: /home/shashank/Workspaces/ros2_py_ws/install/udemy_ros2_pkg/local/lib/python3.10/dist-packages/scripts/install/setup.zsh
[0.481s] -- Up-to-date symlink: /home/shashank/Workspaces/ros2_py_ws/install/udemy_ros2_pkg/local/lib/python3.10/dist-packages/scripts/log/COLCON_IGNORE
[0.481s] -- Up-to-date symlink: /home/shashank/Workspaces/ros2_py_ws/install/udemy_ros2_pkg/local/lib/python3.10/dist-packages/scripts/log/build_2023-09-29_00-48-18/events.log
[0.481s] -- Up-to-date symlink: /home/shashank/Workspaces/ros2_py_ws/install/udemy_ros2_pkg/local/lib/python3.10/dist-packages/scripts/log/build_2023-09-29_00-48-18/logger_all.log
[0.481s] -- Up-to-date symlink: /home/shashank/Workspaces/ros2_py_ws/install/udemy_ros2_pkg/local/lib/python3.10/dist-packages/scripts/log/latest/events.log
[0.481s] -- Up-to-date symlink: /home/shashank/Workspaces/ros2_py_ws/install/udemy_ros2_pkg/local/lib/python3.10/dist-packages/scripts/log/latest/logger_all.log
[0.481s] -- Up-to-date symlink: /home/shashank/Workspaces/ros2_py_ws/install/udemy_ros2_pkg/local/lib/python3.10/dist-packages/scripts/log/latest_build/events.log
[0.481s] -- Up-to-date symlink: /home/shashank/Workspaces/ros2_py_ws/install/udemy_ros2_pkg/local/lib/python3.10/dist-packages/scripts/log/latest_build/logger_all.log
[0.481s] -- Up-to-date symlink: /home/shashank/Workspaces/ros2_py_ws/install/udemy_ros2_pkg/local/lib/python3.10/dist-packages/scripts/publisher.py
[0.484s] -- Up-to-date symlink: /home/shashank/Workspaces/ros2_py_ws/install/udemy_ros2_pkg/local/lib/python3.10/dist-packages/scripts/rpm_pub.py
[0.484s] -- Up-to-date symlink: /home/shashank/Workspaces/ros2_py_ws/install/udemy_ros2_pkg/local/lib/python3.10/dist-packages/scripts/speed_calc.py
[0.484s] -- Up-to-date symlink: /home/shashank/Workspaces/ros2_py_ws/install/udemy_ros2_pkg/local/lib/python3.10/dist-packages/scripts/subscriber.py
[0.484s] -- Up-to-date symlink: /home/shashank/Workspaces/ros2_py_ws/install/udemy_ros2_pkg/lib/udemy_ros2_pkg/publisher.py
[0.484s] -- Up-to-date symlink: /home/shashank/Workspaces/ros2_py_ws/install/udemy_ros2_pkg/lib/udemy_ros2_pkg/subscriber.py
[0.484s] -- Up-to-date symlink: /home/shashank/Workspaces/ros2_py_ws/install/udemy_ros2_pkg/lib/udemy_ros2_pkg/rpm_pub.py
[0.484s] -- Up-to-date symlink: /home/shashank/Workspaces/ros2_py_ws/install/udemy_ros2_pkg/lib/udemy_ros2_pkg/speed_calc.py
[0.484s] -- Up-to-date symlink: /home/shashank/Workspaces/ros2_py_ws/install/udemy_ros2_pkg/share/udemy_ros2_pkg//launch/rpm_node_launch.py
[0.484s] -- Up-to-date symlink: /home/shashank/Workspaces/ros2_py_ws/install/udemy_ros2_pkg/share/udemy_ros2_pkg//launch/speed_project_launch.py
[0.484s] -- Up-to-date symlink: /home/shashank/Workspaces/ros2_py_ws/install/udemy_ros2_pkg/share/ament_index/resource_index/package_run_dependencies/udemy_ros2_pkg
[0.484s] -- Up-to-date symlink: /home/shashank/Workspaces/ros2_py_ws/install/udemy_ros2_pkg/share/ament_index/resource_index/parent_prefix_path/udemy_ros2_pkg
[0.484s] -- Up-to-date symlink: /home/shashank/Workspaces/ros2_py_ws/install/udemy_ros2_pkg/share/udemy_ros2_pkg/environment/ament_prefix_path.sh
[0.485s] -- Up-to-date symlink: /home/shashank/Workspaces/ros2_py_ws/install/udemy_ros2_pkg/share/udemy_ros2_pkg/environment/ament_prefix_path.dsv
[0.485s] -- Up-to-date symlink: /home/shashank/Workspaces/ros2_py_ws/install/udemy_ros2_pkg/share/udemy_ros2_pkg/environment/path.sh
[0.485s] -- Up-to-date symlink: /home/shashank/Workspaces/ros2_py_ws/install/udemy_ros2_pkg/share/udemy_ros2_pkg/environment/path.dsv
[0.485s] -- Up-to-date symlink: /home/shashank/Workspaces/ros2_py_ws/install/udemy_ros2_pkg/share/udemy_ros2_pkg/local_setup.bash
[0.485s] -- Up-to-date symlink: /home/shashank/Workspaces/ros2_py_ws/install/udemy_ros2_pkg/share/udemy_ros2_pkg/local_setup.sh
[0.485s] -- Up-to-date symlink: /home/shashank/Workspaces/ros2_py_ws/install/udemy_ros2_pkg/share/udemy_ros2_pkg/local_setup.zsh
[0.485s] -- Up-to-date symlink: /home/shashank/Workspaces/ros2_py_ws/install/udemy_ros2_pkg/share/udemy_ros2_pkg/local_setup.dsv
[0.485s] -- Symlinking: /home/shashank/Workspaces/ros2_py_ws/install/udemy_ros2_pkg/share/udemy_ros2_pkg/package.dsv
[0.493s] -- Up-to-date symlink: /home/shashank/Workspaces/ros2_py_ws/install/udemy_ros2_pkg/share/ament_index/resource_index/packages/udemy_ros2_pkg
[0.494s] -- Up-to-date symlink: /home/shashank/Workspaces/ros2_py_ws/install/udemy_ros2_pkg/share/udemy_ros2_pkg/cmake/udemy_ros2_pkgConfig.cmake
[0.494s] -- Up-to-date symlink: /home/shashank/Workspaces/ros2_py_ws/install/udemy_ros2_pkg/share/udemy_ros2_pkg/cmake/udemy_ros2_pkgConfig-version.cmake
[0.494s] -- Up-to-date symlink: /home/shashank/Workspaces/ros2_py_ws/install/udemy_ros2_pkg/share/udemy_ros2_pkg/package.xml
[0.539s] Listing '/home/shashank/Workspaces/ros2_py_ws/install/udemy_ros2_pkg/local/lib/python3.10/dist-packages/scripts'...
[0.539s] Listing '/home/shashank/Workspaces/ros2_py_ws/install/udemy_ros2_pkg/local/lib/python3.10/dist-packages/scripts/build'...
[0.539s] Listing '/home/shashank/Workspaces/ros2_py_ws/install/udemy_ros2_pkg/local/lib/python3.10/dist-packages/scripts/install'...
[0.539s] Listing '/home/shashank/Workspaces/ros2_py_ws/install/udemy_ros2_pkg/local/lib/python3.10/dist-packages/scripts/log'...
[0.539s] Listing '/home/shashank/Workspaces/ros2_py_ws/install/udemy_ros2_pkg/local/lib/python3.10/dist-packages/scripts/log/build_2023-09-29_00-48-18'...
[0.539s] Listing '/home/shashank/Workspaces/ros2_py_ws/install/udemy_ros2_pkg/local/lib/python3.10/dist-packages/scripts/log/latest'...
[0.540s] Listing '/home/shashank/Workspaces/ros2_py_ws/install/udemy_ros2_pkg/local/lib/python3.10/dist-packages/scripts/log/latest_build'...
[0.556s] Invoked command in '/home/shashank/Workspaces/ros2_py_ws/build/udemy_ros2_pkg' returned '0': CMAKE_PREFIX_PATH=/opt/ros/humble /usr/bin/cmake --install /home/shashank/Workspaces/ros2_py_ws/build/udemy_ros2_pkg
