[0.053s] Invoking command in '/home/shashank/Workspaces/ros2_py_ws/build/udemy_ros2_pkg': CMAKE_PREFIX_PATH=/opt/ros/humble /usr/bin/cmake --build /home/shashank/Workspaces/ros2_py_ws/build/udemy_ros2_pkg -- -j2 -l2
[0.110s] -- Found ament_cmake: 1.3.5 (/opt/ros/humble/share/ament_cmake/cmake)
[0.330s] -- Override CMake install command with custom implementation using symlinks instead of copying resources
[0.373s] -- Found rclpy: 3.3.9 (/opt/ros/humble/share/rclpy/cmake)
[0.434s] -- Found ament_lint_auto: 0.12.7 (/opt/ros/humble/share/ament_lint_auto/cmake)
[0.572s] -- Added test 'flake8' to check Python code syntax and style conventions
[0.573s] -- Added test 'lint_cmake' to check CMake code style
[0.575s] -- Added test 'pep257' to check Python code against some of the docstring style conventions in PEP 257
[0.580s] -- Added test 'xmllint' to check XML markup files
[0.584s] -- Configuring done
[0.596s] -- Generating done
[0.598s] -- Build files have been written to: /home/shashank/Workspaces/ros2_py_ws/build/udemy_ros2_pkg
[0.643s] Built target ament_cmake_python_symlink_scripts
[0.917s] running egg_info
[0.919s] writing scripts.egg-info/PKG-INFO
[0.921s] writing dependency_links to scripts.egg-info/dependency_links.txt
[0.922s] writing top-level names to scripts.egg-info/top_level.txt
[0.929s] reading manifest file 'scripts.egg-info/SOURCES.txt'
[0.931s] writing manifest file 'scripts.egg-info/SOURCES.txt'
[0.967s] Built target ament_cmake_python_build_scripts_egg
[0.979s] Invoked command in '/home/shashank/Workspaces/ros2_py_ws/build/udemy_ros2_pkg' returned '0': CMAKE_PREFIX_PATH=/opt/ros/humble /usr/bin/cmake --build /home/shashank/Workspaces/ros2_py_ws/build/udemy_ros2_pkg -- -j2 -l2
[1.036s] Invoking command in '/home/shashank/Workspaces/ros2_py_ws/build/udemy_ros2_pkg': CMAKE_PREFIX_PATH=/opt/ros/humble /usr/bin/cmake --install /home/shashank/Workspaces/ros2_py_ws/build/udemy_ros2_pkg
[1.045s] -- Install configuration: ""
[1.047s] -- Execute custom install script
[1.048s] -- Up-to-date symlink: /home/shashank/Workspaces/ros2_py_ws/install/udemy_ros2_pkg/share/udemy_ros2_pkg/environment/pythonpath.sh
[1.048s] -- Up-to-date symlink: /home/shashank/Workspaces/ros2_py_ws/install/udemy_ros2_pkg/share/udemy_ros2_pkg/environment/pythonpath.dsv
[1.049s] -- Up-to-date symlink: /home/shashank/Workspaces/ros2_py_ws/install/udemy_ros2_pkg/local/lib/python3.10/dist-packages/scripts-0.0.0-py3.10.egg-info/PKG-INFO
[1.049s] -- Up-to-date symlink: /home/shashank/Workspaces/ros2_py_ws/install/udemy_ros2_pkg/local/lib/python3.10/dist-packages/scripts-0.0.0-py3.10.egg-info/SOURCES.txt
[1.050s] -- Up-to-date symlink: /home/shashank/Workspaces/ros2_py_ws/install/udemy_ros2_pkg/local/lib/python3.10/dist-packages/scripts-0.0.0-py3.10.egg-info/dependency_links.txt
[1.050s] -- Up-to-date symlink: /home/shashank/Workspaces/ros2_py_ws/install/udemy_ros2_pkg/local/lib/python3.10/dist-packages/scripts-0.0.0-py3.10.egg-info/top_level.txt
[1.052s] [33mCMake Warning (dev) at ament_cmake_symlink_install/ament_cmake_symlink_install.cmake:62 (file):
[1.052s]   Policy CMP0009 is not set: FILE GLOB_RECURSE calls should not follow
[1.052s]   symlinks by default.  Run "cmake --help-policy CMP0009" for policy details.
[1.052s]   Use the cmake_policy command to set the policy and suppress this warning.
[1.052s] Call Stack (most recent call first):
[1.052s]   ament_cmake_symlink_install/ament_cmake_symlink_install.cmake:323 (ament_cmake_symlink_install_directory)
[1.052s]   cmake_install.cmake:46 (include)
[1.052s] This warning is for project developers.  Use -Wno-dev to suppress it.
[1.052s] [0m
[1.054s] [33mCMake Warning (dev) at ament_cmake_symlink_install/ament_cmake_symlink_install.cmake:73 (file):
[1.055s]   Policy CMP0009 is not set: FILE GLOB_RECURSE calls should not follow
[1.055s]   symlinks by default.  Run "cmake --help-policy CMP0009" for policy details.
[1.055s]   Use the cmake_policy command to set the policy and suppress this warning.
[1.055s] Call Stack (most recent call first):
[1.055s]   ament_cmake_symlink_install/ament_cmake_symlink_install.cmake:323 (ament_cmake_symlink_install_directory)
[1.062s]   cmake_install.cmake:46 (include)
[1.062s] This warning is for project developers.  Use -Wno-dev to suppress it.
[1.062s] [0m
[1.062s] [33mCMake Warning (dev) at ament_cmake_symlink_install/ament_cmake_symlink_install.cmake:73 (file):
[1.062s]   Policy CMP0009 is not set: FILE GLOB_RECURSE calls should not follow
[1.062s]   symlinks by default.  Run "cmake --help-policy CMP0009" for policy details.
[1.062s]   Use the cmake_policy command to set the policy and suppress this warning.
[1.062s] Call Stack (most recent call first):
[1.062s]   ament_cmake_symlink_install/ament_cmake_symlink_install.cmake:323 (ament_cmake_symlink_install_directory)
[1.062s]   cmake_install.cmake:46 (include)
[1.062s] This warning is for project developers.  Use -Wno-dev to suppress it.
[1.063s] [0m
[1.063s] -- Up-to-date symlink: /home/shashank/Workspaces/ros2_py_ws/install/udemy_ros2_pkg/local/lib/python3.10/dist-packages/scripts/__init__.py
[1.063s] -- Up-to-date symlink: /home/shashank/Workspaces/ros2_py_ws/install/udemy_ros2_pkg/local/lib/python3.10/dist-packages/scripts/build/.built_by
[1.063s] -- Up-to-date symlink: /home/shashank/Workspaces/ros2_py_ws/install/udemy_ros2_pkg/local/lib/python3.10/dist-packages/scripts/build/COLCON_IGNORE
[1.063s] -- Up-to-date symlink: /home/shashank/Workspaces/ros2_py_ws/install/udemy_ros2_pkg/local/lib/python3.10/dist-packages/scripts/install/.colcon_install_layout
[1.063s] -- Up-to-date symlink: /home/shashank/Workspaces/ros2_py_ws/install/udemy_ros2_pkg/local/lib/python3.10/dist-packages/scripts/install/COLCON_IGNORE
[1.063s] -- Up-to-date symlink: /home/shashank/Workspaces/ros2_py_ws/install/udemy_ros2_pkg/local/lib/python3.10/dist-packages/scripts/install/_local_setup_util_ps1.py
[1.063s] -- Up-to-date symlink: /home/shashank/Workspaces/ros2_py_ws/install/udemy_ros2_pkg/local/lib/python3.10/dist-packages/scripts/install/_local_setup_util_sh.py
[1.063s] -- Up-to-date symlink: /home/shashank/Workspaces/ros2_py_ws/install/udemy_ros2_pkg/local/lib/python3.10/dist-packages/scripts/install/local_setup.bash
[1.063s] -- Up-to-date symlink: /home/shashank/Workspaces/ros2_py_ws/install/udemy_ros2_pkg/local/lib/python3.10/dist-packages/scripts/install/local_setup.ps1
[1.063s] -- Up-to-date symlink: /home/shashank/Workspaces/ros2_py_ws/install/udemy_ros2_pkg/local/lib/python3.10/dist-packages/scripts/install/local_setup.sh
[1.063s] -- Up-to-date symlink: /home/shashank/Workspaces/ros2_py_ws/install/udemy_ros2_pkg/local/lib/python3.10/dist-packages/scripts/install/local_setup.zsh
[1.063s] -- Up-to-date symlink: /home/shashank/Workspaces/ros2_py_ws/install/udemy_ros2_pkg/local/lib/python3.10/dist-packages/scripts/install/setup.bash
[1.063s] -- Up-to-date symlink: /home/shashank/Workspaces/ros2_py_ws/install/udemy_ros2_pkg/local/lib/python3.10/dist-packages/scripts/install/setup.ps1
[1.063s] -- Up-to-date symlink: /home/shashank/Workspaces/ros2_py_ws/install/udemy_ros2_pkg/local/lib/python3.10/dist-packages/scripts/install/setup.sh
[1.063s] -- Up-to-date symlink: /home/shashank/Workspaces/ros2_py_ws/install/udemy_ros2_pkg/local/lib/python3.10/dist-packages/scripts/install/setup.zsh
[1.063s] -- Up-to-date symlink: /home/shashank/Workspaces/ros2_py_ws/install/udemy_ros2_pkg/local/lib/python3.10/dist-packages/scripts/log/COLCON_IGNORE
[1.063s] -- Up-to-date symlink: /home/shashank/Workspaces/ros2_py_ws/install/udemy_ros2_pkg/local/lib/python3.10/dist-packages/scripts/log/build_2023-09-29_00-48-18/events.log
[1.063s] -- Up-to-date symlink: /home/shashank/Workspaces/ros2_py_ws/install/udemy_ros2_pkg/local/lib/python3.10/dist-packages/scripts/log/build_2023-09-29_00-48-18/logger_all.log
[1.063s] -- Up-to-date symlink: /home/shashank/Workspaces/ros2_py_ws/install/udemy_ros2_pkg/local/lib/python3.10/dist-packages/scripts/log/latest/events.log
[1.064s] -- Up-to-date symlink: /home/shashank/Workspaces/ros2_py_ws/install/udemy_ros2_pkg/local/lib/python3.10/dist-packages/scripts/log/latest/logger_all.log
[1.064s] -- Up-to-date symlink: /home/shashank/Workspaces/ros2_py_ws/install/udemy_ros2_pkg/local/lib/python3.10/dist-packages/scripts/log/latest_build/events.log
[1.064s] -- Up-to-date symlink: /home/shashank/Workspaces/ros2_py_ws/install/udemy_ros2_pkg/local/lib/python3.10/dist-packages/scripts/log/latest_build/logger_all.log
[1.064s] -- Up-to-date symlink: /home/shashank/Workspaces/ros2_py_ws/install/udemy_ros2_pkg/local/lib/python3.10/dist-packages/scripts/publisher.py
[1.064s] -- Symlinking: /home/shashank/Workspaces/ros2_py_ws/install/udemy_ros2_pkg/local/lib/python3.10/dist-packages/scripts/rpm_pub.py
[1.077s] -- Up-to-date symlink: /home/shashank/Workspaces/ros2_py_ws/install/udemy_ros2_pkg/local/lib/python3.10/dist-packages/scripts/subscriber.py
[1.077s] -- Up-to-date symlink: /home/shashank/Workspaces/ros2_py_ws/install/udemy_ros2_pkg/lib/udemy_ros2_pkg/publisher.py
[1.077s] -- Up-to-date symlink: /home/shashank/Workspaces/ros2_py_ws/install/udemy_ros2_pkg/lib/udemy_ros2_pkg/subscriber.py
[1.077s] -- Symlinking: /home/shashank/Workspaces/ros2_py_ws/install/udemy_ros2_pkg/lib/udemy_ros2_pkg/rpm_pub.py
[1.084s] -- Up-to-date symlink: /home/shashank/Workspaces/ros2_py_ws/install/udemy_ros2_pkg/share/ament_index/resource_index/package_run_dependencies/udemy_ros2_pkg
[1.084s] -- Up-to-date symlink: /home/shashank/Workspaces/ros2_py_ws/install/udemy_ros2_pkg/share/ament_index/resource_index/parent_prefix_path/udemy_ros2_pkg
[1.084s] -- Up-to-date symlink: /home/shashank/Workspaces/ros2_py_ws/install/udemy_ros2_pkg/share/udemy_ros2_pkg/environment/ament_prefix_path.sh
[1.084s] -- Up-to-date symlink: /home/shashank/Workspaces/ros2_py_ws/install/udemy_ros2_pkg/share/udemy_ros2_pkg/environment/ament_prefix_path.dsv
[1.084s] -- Up-to-date symlink: /home/shashank/Workspaces/ros2_py_ws/install/udemy_ros2_pkg/share/udemy_ros2_pkg/environment/path.sh
[1.085s] -- Up-to-date symlink: /home/shashank/Workspaces/ros2_py_ws/install/udemy_ros2_pkg/share/udemy_ros2_pkg/environment/path.dsv
[1.085s] -- Up-to-date symlink: /home/shashank/Workspaces/ros2_py_ws/install/udemy_ros2_pkg/share/udemy_ros2_pkg/local_setup.bash
[1.085s] -- Up-to-date symlink: /home/shashank/Workspaces/ros2_py_ws/install/udemy_ros2_pkg/share/udemy_ros2_pkg/local_setup.sh
[1.085s] -- Up-to-date symlink: /home/shashank/Workspaces/ros2_py_ws/install/udemy_ros2_pkg/share/udemy_ros2_pkg/local_setup.zsh
[1.085s] -- Up-to-date symlink: /home/shashank/Workspaces/ros2_py_ws/install/udemy_ros2_pkg/share/udemy_ros2_pkg/local_setup.dsv
[1.085s] -- Symlinking: /home/shashank/Workspaces/ros2_py_ws/install/udemy_ros2_pkg/share/udemy_ros2_pkg/package.dsv
[1.096s] -- Up-to-date symlink: /home/shashank/Workspaces/ros2_py_ws/install/udemy_ros2_pkg/share/ament_index/resource_index/packages/udemy_ros2_pkg
[1.096s] -- Up-to-date symlink: /home/shashank/Workspaces/ros2_py_ws/install/udemy_ros2_pkg/share/udemy_ros2_pkg/cmake/udemy_ros2_pkgConfig.cmake
[1.096s] -- Up-to-date symlink: /home/shashank/Workspaces/ros2_py_ws/install/udemy_ros2_pkg/share/udemy_ros2_pkg/cmake/udemy_ros2_pkgConfig-version.cmake
[1.096s] -- Up-to-date symlink: /home/shashank/Workspaces/ros2_py_ws/install/udemy_ros2_pkg/share/udemy_ros2_pkg/package.xml
[1.138s] Listing '/home/shashank/Workspaces/ros2_py_ws/install/udemy_ros2_pkg/local/lib/python3.10/dist-packages/scripts'...
[1.138s] Listing '/home/shashank/Workspaces/ros2_py_ws/install/udemy_ros2_pkg/local/lib/python3.10/dist-packages/scripts/build'...
[1.139s] Listing '/home/shashank/Workspaces/ros2_py_ws/install/udemy_ros2_pkg/local/lib/python3.10/dist-packages/scripts/install'...
[1.139s] Listing '/home/shashank/Workspaces/ros2_py_ws/install/udemy_ros2_pkg/local/lib/python3.10/dist-packages/scripts/log'...
[1.139s] Listing '/home/shashank/Workspaces/ros2_py_ws/install/udemy_ros2_pkg/local/lib/python3.10/dist-packages/scripts/log/build_2023-09-29_00-48-18'...
[1.139s] Listing '/home/shashank/Workspaces/ros2_py_ws/install/udemy_ros2_pkg/local/lib/python3.10/dist-packages/scripts/log/latest'...
[1.139s] Listing '/home/shashank/Workspaces/ros2_py_ws/install/udemy_ros2_pkg/local/lib/python3.10/dist-packages/scripts/log/latest_build'...
[1.139s] Compiling '/home/shashank/Workspaces/ros2_py_ws/install/udemy_ros2_pkg/local/lib/python3.10/dist-packages/scripts/publisher.py'...
[1.139s] Compiling '/home/shashank/Workspaces/ros2_py_ws/install/udemy_ros2_pkg/local/lib/python3.10/dist-packages/scripts/rpm_pub.py'...
[1.153s] Invoked command in '/home/shashank/Workspaces/ros2_py_ws/build/udemy_ros2_pkg' returned '0': CMAKE_PREFIX_PATH=/opt/ros/humble /usr/bin/cmake --install /home/shashank/Workspaces/ros2_py_ws/build/udemy_ros2_pkg
