running develop
running egg_info
creating my_py_pkg.egg-info
writing my_py_pkg.egg-info/PKG-INFO
writing dependency_links to my_py_pkg.egg-info/dependency_links.txt
writing entry points to my_py_pkg.egg-info/entry_points.txt
writing requirements to my_py_pkg.egg-info/requires.txt
writing top-level names to my_py_pkg.egg-info/top_level.txt
writing manifest file 'my_py_pkg.egg-info/SOURCES.txt'
reading manifest file 'my_py_pkg.egg-info/SOURCES.txt'
writing manifest file 'my_py_pkg.egg-info/SOURCES.txt'
running build_ext
Creating /home/shashank/Workspaces/ros2_py_ws/install/my_py_pkg/lib/python3.10/site-packages/my-py-pkg.egg-link (link to .)
Installing my_publisher script to /home/shashank/Workspaces/ros2_py_ws/install/my_py_pkg/lib/my_py_pkg
Installing my_subscriber script to /home/shashank/Workspaces/ros2_py_ws/install/my_py_pkg/lib/my_py_pkg

Installed /home/shashank/Workspaces/ros2_py_ws/build/my_py_pkg
running install_data
creating /home/shashank/Workspaces/ros2_py_ws/install/my_py_pkg/share/ament_index
creating /home/shashank/Workspaces/ros2_py_ws/install/my_py_pkg/share/ament_index/resource_index
creating /home/shashank/Workspaces/ros2_py_ws/install/my_py_pkg/share/ament_index/resource_index/packages
copying resource/my_py_pkg -> /home/shashank/Workspaces/ros2_py_ws/install/my_py_pkg/share/ament_index/resource_index/packages
copying package.xml -> /home/shashank/Workspaces/ros2_py_ws/install/my_py_pkg/share/my_py_pkg
