[1.222s] DEBUG:colcon:Command line arguments: ['/usr/bin/colcon', 'build', '--symlink-install']
[1.222s] DEBUG:colcon:Parsed command line arguments: Namespace(log_base=None, log_level=None, verb_name='build', build_base='build', install_base='install', merge_install=False, symlink_install=True, test_result_base=None, continue_on_error=False, executor='parallel', parallel_workers=2, event_handlers=None, ignore_user_meta=False, metas=['./colcon.meta'], base_paths=['.'], packages_ignore=None, packages_ignore_regex=None, paths=None, packages_up_to=None, packages_up_to_regex=None, packages_above=None, packages_above_and_dependencies=None, packages_above_depth=None, packages_select_by_dep=None, packages_skip_by_dep=None, packages_skip_up_to=None, packages_select_build_failed=False, packages_skip_build_finished=False, packages_select_test_failures=False, packages_skip_test_passed=False, packages_select=None, packages_skip=None, packages_select_regex=None, packages_skip_regex=None, packages_start=None, packages_end=None, allow_overriding=[], cmake_args=None, cmake_target=None, cmake_target_skip_unavailable=False, cmake_clean_cache=False, cmake_clean_first=False, cmake_force_configure=False, ament_cmake_args=None, catkin_cmake_args=None, catkin_skip_building_tests=False, verb_parser=<colcon_defaults.argument_parser.defaults.DefaultArgumentsDecorator object at 0x7fb680db3520>, verb_extension=<colcon_core.verb.build.BuildVerb object at 0x7fb680d05e40>, main=<bound method BuildVerb.main of <colcon_core.verb.build.BuildVerb object at 0x7fb680d05e40>>)
[1.306s] Level 1:colcon.colcon_core.package_discovery:discover_packages(colcon_meta) check parameters
[1.307s] Level 1:colcon.colcon_core.package_discovery:discover_packages(recursive) check parameters
[1.307s] Level 1:colcon.colcon_core.package_discovery:discover_packages(ignore) check parameters
[1.308s] Level 1:colcon.colcon_core.package_discovery:discover_packages(path) check parameters
[1.308s] Level 1:colcon.colcon_core.package_discovery:discover_packages(colcon_meta) discover
[1.309s] Level 1:colcon.colcon_core.package_discovery:discover_packages(recursive) discover
[1.309s] INFO:colcon.colcon_core.package_discovery:Crawling recursively for packages in '/home/shashank/Workspaces/ros2_py_ws'
[1.309s] Level 1:colcon.colcon_core.package_identification:_identify(.) by extensions ['ignore', 'ignore_ament_install']
[1.310s] Level 1:colcon.colcon_core.package_identification:_identify(.) by extension 'ignore'
[1.311s] Level 1:colcon.colcon_core.package_identification:_identify(.) by extension 'ignore_ament_install'
[1.311s] Level 1:colcon.colcon_core.package_identification:_identify(.) by extensions ['colcon_pkg']
[1.311s] Level 1:colcon.colcon_core.package_identification:_identify(.) by extension 'colcon_pkg'
[1.312s] Level 1:colcon.colcon_core.package_identification:_identify(.) by extensions ['colcon_meta']
[1.312s] Level 1:colcon.colcon_core.package_identification:_identify(.) by extension 'colcon_meta'
[1.312s] Level 1:colcon.colcon_core.package_identification:_identify(.) by extensions ['ros']
[1.312s] Level 1:colcon.colcon_core.package_identification:_identify(.) by extension 'ros'
[1.352s] Level 1:colcon.colcon_core.package_identification:_identify(.) by extensions ['cmake', 'python']
[1.353s] Level 1:colcon.colcon_core.package_identification:_identify(.) by extension 'cmake'
[1.353s] Level 1:colcon.colcon_core.package_identification:_identify(.) by extension 'python'
[1.354s] Level 1:colcon.colcon_core.package_identification:_identify(.) by extensions ['python_setup_py']
[1.354s] Level 1:colcon.colcon_core.package_identification:_identify(.) by extension 'python_setup_py'
[1.355s] Level 1:colcon.colcon_core.package_identification:_identify(build) by extensions ['ignore', 'ignore_ament_install']
[1.356s] Level 1:colcon.colcon_core.package_identification:_identify(build) by extension 'ignore'
[1.356s] Level 1:colcon.colcon_core.package_identification:_identify(build) ignored
[1.357s] Level 1:colcon.colcon_core.package_identification:_identify(install) by extensions ['ignore', 'ignore_ament_install']
[1.358s] Level 1:colcon.colcon_core.package_identification:_identify(install) by extension 'ignore'
[1.358s] Level 1:colcon.colcon_core.package_identification:_identify(install) ignored
[1.359s] Level 1:colcon.colcon_core.package_identification:_identify(log) by extensions ['ignore', 'ignore_ament_install']
[1.359s] Level 1:colcon.colcon_core.package_identification:_identify(log) by extension 'ignore'
[1.360s] Level 1:colcon.colcon_core.package_identification:_identify(log) ignored
[1.360s] Level 1:colcon.colcon_core.package_identification:_identify(src) by extensions ['ignore', 'ignore_ament_install']
[1.360s] Level 1:colcon.colcon_core.package_identification:_identify(src) by extension 'ignore'
[1.361s] Level 1:colcon.colcon_core.package_identification:_identify(src) by extension 'ignore_ament_install'
[1.361s] Level 1:colcon.colcon_core.package_identification:_identify(src) by extensions ['colcon_pkg']
[1.361s] Level 1:colcon.colcon_core.package_identification:_identify(src) by extension 'colcon_pkg'
[1.361s] Level 1:colcon.colcon_core.package_identification:_identify(src) by extensions ['colcon_meta']
[1.361s] Level 1:colcon.colcon_core.package_identification:_identify(src) by extension 'colcon_meta'
[1.361s] Level 1:colcon.colcon_core.package_identification:_identify(src) by extensions ['ros']
[1.362s] Level 1:colcon.colcon_core.package_identification:_identify(src) by extension 'ros'
[1.362s] Level 1:colcon.colcon_core.package_identification:_identify(src) by extensions ['cmake', 'python']
[1.362s] Level 1:colcon.colcon_core.package_identification:_identify(src) by extension 'cmake'
[1.362s] Level 1:colcon.colcon_core.package_identification:_identify(src) by extension 'python'
[1.362s] Level 1:colcon.colcon_core.package_identification:_identify(src) by extensions ['python_setup_py']
[1.362s] Level 1:colcon.colcon_core.package_identification:_identify(src) by extension 'python_setup_py'
[1.363s] Level 1:colcon.colcon_core.package_identification:_identify(src/udemy_ros2_pkg) by extensions ['ignore', 'ignore_ament_install']
[1.363s] Level 1:colcon.colcon_core.package_identification:_identify(src/udemy_ros2_pkg) by extension 'ignore'
[1.363s] Level 1:colcon.colcon_core.package_identification:_identify(src/udemy_ros2_pkg) by extension 'ignore_ament_install'
[1.363s] Level 1:colcon.colcon_core.package_identification:_identify(src/udemy_ros2_pkg) by extensions ['colcon_pkg']
[1.364s] Level 1:colcon.colcon_core.package_identification:_identify(src/udemy_ros2_pkg) by extension 'colcon_pkg'
[1.364s] Level 1:colcon.colcon_core.package_identification:_identify(src/udemy_ros2_pkg) by extensions ['colcon_meta']
[1.364s] Level 1:colcon.colcon_core.package_identification:_identify(src/udemy_ros2_pkg) by extension 'colcon_meta'
[1.364s] Level 1:colcon.colcon_core.package_identification:_identify(src/udemy_ros2_pkg) by extensions ['ros']
[1.364s] Level 1:colcon.colcon_core.package_identification:_identify(src/udemy_ros2_pkg) by extension 'ros'
[1.371s] DEBUG:colcon.colcon_core.package_identification:Package 'src/udemy_ros2_pkg' with type 'ros.ament_cmake' and name 'udemy_ros2_pkg'
[1.371s] Level 1:colcon.colcon_core.package_discovery:discover_packages(recursive) using defaults
[1.372s] Level 1:colcon.colcon_core.package_discovery:discover_packages(ignore) discover
[1.372s] Level 1:colcon.colcon_core.package_discovery:discover_packages(ignore) using defaults
[1.372s] Level 1:colcon.colcon_core.package_discovery:discover_packages(path) discover
[1.372s] Level 1:colcon.colcon_core.package_discovery:discover_packages(path) using defaults
[1.464s] Level 1:colcon.colcon_core.package_discovery:discover_packages(prefix_path) check parameters
[1.465s] Level 1:colcon.colcon_core.package_discovery:discover_packages(prefix_path) discover
[1.476s] DEBUG:colcon.colcon_installed_package_information.package_discovery:Found 270 installed packages in /opt/ros/humble
[1.483s] Level 1:colcon.colcon_core.package_discovery:discover_packages(prefix_path) using defaults
[1.729s] Level 5:colcon.colcon_core.verb:set package 'udemy_ros2_pkg' build argument 'cmake_args' from command line to 'None'
[1.730s] Level 5:colcon.colcon_core.verb:set package 'udemy_ros2_pkg' build argument 'cmake_target' from command line to 'None'
[1.730s] Level 5:colcon.colcon_core.verb:set package 'udemy_ros2_pkg' build argument 'cmake_target_skip_unavailable' from command line to 'False'
[1.730s] Level 5:colcon.colcon_core.verb:set package 'udemy_ros2_pkg' build argument 'cmake_clean_cache' from command line to 'False'
[1.730s] Level 5:colcon.colcon_core.verb:set package 'udemy_ros2_pkg' build argument 'cmake_clean_first' from command line to 'False'
[1.730s] Level 5:colcon.colcon_core.verb:set package 'udemy_ros2_pkg' build argument 'cmake_force_configure' from command line to 'False'
[1.730s] Level 5:colcon.colcon_core.verb:set package 'udemy_ros2_pkg' build argument 'ament_cmake_args' from command line to 'None'
[1.730s] Level 5:colcon.colcon_core.verb:set package 'udemy_ros2_pkg' build argument 'catkin_cmake_args' from command line to 'None'
[1.730s] Level 5:colcon.colcon_core.verb:set package 'udemy_ros2_pkg' build argument 'catkin_skip_building_tests' from command line to 'False'
[1.730s] DEBUG:colcon.colcon_core.verb:Building package 'udemy_ros2_pkg' with the following arguments: {'ament_cmake_args': None, 'build_base': '/home/shashank/Workspaces/ros2_py_ws/build/udemy_ros2_pkg', 'catkin_cmake_args': None, 'catkin_skip_building_tests': False, 'cmake_args': None, 'cmake_clean_cache': False, 'cmake_clean_first': False, 'cmake_force_configure': False, 'cmake_target': None, 'cmake_target_skip_unavailable': False, 'install_base': '/home/shashank/Workspaces/ros2_py_ws/install/udemy_ros2_pkg', 'merge_install': False, 'path': '/home/shashank/Workspaces/ros2_py_ws/src/udemy_ros2_pkg', 'symlink_install': True, 'test_result_base': None}
[1.732s] INFO:colcon.colcon_core.executor:Executing jobs using 'parallel' executor
[1.741s] DEBUG:colcon.colcon_parallel_executor.executor.parallel:run_until_complete
[1.742s] INFO:colcon.colcon_ros.task.ament_cmake.build:Building ROS package in '/home/shashank/Workspaces/ros2_py_ws/src/udemy_ros2_pkg' with build type 'ament_cmake'
[1.743s] INFO:colcon.colcon_cmake.task.cmake.build:Building CMake package in '/home/shashank/Workspaces/ros2_py_ws/src/udemy_ros2_pkg'
[1.771s] INFO:colcon.colcon_core.plugin_system:Skipping extension 'colcon_core.shell.bat': Not used on non-Windows systems
[1.772s] INFO:colcon.colcon_core.shell:Skip shell extension 'powershell' for command environment: Not usable outside of PowerShell
[1.773s] DEBUG:colcon.colcon_core.shell:Skip shell extension 'dsv' for command environment
[1.810s] DEBUG:colcon.colcon_core.event_handler.log_command:Invoking command in '/home/shashank/Workspaces/ros2_py_ws/build/udemy_ros2_pkg': CMAKE_PREFIX_PATH=/opt/ros/humble /usr/bin/cmake --build /home/shashank/Workspaces/ros2_py_ws/build/udemy_ros2_pkg -- -j2 -l2
[4.021s] DEBUG:colcon.colcon_core.event_handler.log_command:Invoked command in '/home/shashank/Workspaces/ros2_py_ws/build/udemy_ros2_pkg' returned '0': CMAKE_PREFIX_PATH=/opt/ros/humble /usr/bin/cmake --build /home/shashank/Workspaces/ros2_py_ws/build/udemy_ros2_pkg -- -j2 -l2
[4.258s] DEBUG:colcon.colcon_core.event_handler.log_command:Invoking command in '/home/shashank/Workspaces/ros2_py_ws/build/udemy_ros2_pkg': CMAKE_PREFIX_PATH=/opt/ros/humble /usr/bin/cmake --install /home/shashank/Workspaces/ros2_py_ws/build/udemy_ros2_pkg
[4.690s] Level 1:colcon.colcon_core.environment:create_environment_scripts_only(udemy_ros2_pkg)
[4.690s] DEBUG:colcon.colcon_core.event_handler.log_command:Invoked command in '/home/shashank/Workspaces/ros2_py_ws/build/udemy_ros2_pkg' returned '0': CMAKE_PREFIX_PATH=/opt/ros/humble /usr/bin/cmake --install /home/shashank/Workspaces/ros2_py_ws/build/udemy_ros2_pkg
[4.705s] Level 1:colcon.colcon_core.environment:checking '/home/shashank/Workspaces/ros2_py_ws/install/udemy_ros2_pkg' for CMake module files
[4.707s] Level 1:colcon.colcon_core.environment:checking '/home/shashank/Workspaces/ros2_py_ws/install/udemy_ros2_pkg' for CMake config files
[4.710s] Level 1:colcon.colcon_core.shell:create_environment_hook('udemy_ros2_pkg', 'cmake_prefix_path')
[4.712s] INFO:colcon.colcon_core.shell:Creating environment hook '/home/shashank/Workspaces/ros2_py_ws/install/udemy_ros2_pkg/share/udemy_ros2_pkg/hook/cmake_prefix_path.ps1'
[4.720s] INFO:colcon.colcon_core.shell:Creating environment descriptor '/home/shashank/Workspaces/ros2_py_ws/install/udemy_ros2_pkg/share/udemy_ros2_pkg/hook/cmake_prefix_path.dsv'
[4.722s] INFO:colcon.colcon_core.shell:Creating environment hook '/home/shashank/Workspaces/ros2_py_ws/install/udemy_ros2_pkg/share/udemy_ros2_pkg/hook/cmake_prefix_path.sh'
[4.726s] Level 1:colcon.colcon_core.environment:checking '/home/shashank/Workspaces/ros2_py_ws/install/udemy_ros2_pkg/lib'
[4.726s] Level 1:colcon.colcon_core.shell:create_environment_hook('udemy_ros2_pkg', 'ld_library_path_lib')
[4.734s] INFO:colcon.colcon_core.shell:Creating environment hook '/home/shashank/Workspaces/ros2_py_ws/install/udemy_ros2_pkg/share/udemy_ros2_pkg/hook/ld_library_path_lib.ps1'
[4.737s] INFO:colcon.colcon_core.shell:Creating environment descriptor '/home/shashank/Workspaces/ros2_py_ws/install/udemy_ros2_pkg/share/udemy_ros2_pkg/hook/ld_library_path_lib.dsv'
[4.739s] INFO:colcon.colcon_core.shell:Creating environment hook '/home/shashank/Workspaces/ros2_py_ws/install/udemy_ros2_pkg/share/udemy_ros2_pkg/hook/ld_library_path_lib.sh'
[4.741s] Level 1:colcon.colcon_core.environment:checking '/home/shashank/Workspaces/ros2_py_ws/install/udemy_ros2_pkg/bin'
[4.741s] Level 1:colcon.colcon_core.environment:checking '/home/shashank/Workspaces/ros2_py_ws/install/udemy_ros2_pkg/lib/pkgconfig/udemy_ros2_pkg.pc'
[4.741s] Level 1:colcon.colcon_core.environment:checking '/home/shashank/Workspaces/ros2_py_ws/install/udemy_ros2_pkg/lib/python3.10/site-packages'
[4.742s] Level 1:colcon.colcon_core.environment:checking '/home/shashank/Workspaces/ros2_py_ws/install/udemy_ros2_pkg/bin'
[4.744s] INFO:colcon.colcon_core.shell:Creating package script '/home/shashank/Workspaces/ros2_py_ws/install/udemy_ros2_pkg/share/udemy_ros2_pkg/package.ps1'
[4.751s] INFO:colcon.colcon_core.shell:Creating package descriptor '/home/shashank/Workspaces/ros2_py_ws/install/udemy_ros2_pkg/share/udemy_ros2_pkg/package.dsv'
[4.757s] INFO:colcon.colcon_core.shell:Creating package script '/home/shashank/Workspaces/ros2_py_ws/install/udemy_ros2_pkg/share/udemy_ros2_pkg/package.sh'
[4.759s] INFO:colcon.colcon_core.shell:Creating package script '/home/shashank/Workspaces/ros2_py_ws/install/udemy_ros2_pkg/share/udemy_ros2_pkg/package.bash'
[4.761s] INFO:colcon.colcon_core.shell:Creating package script '/home/shashank/Workspaces/ros2_py_ws/install/udemy_ros2_pkg/share/udemy_ros2_pkg/package.zsh'
[4.763s] Level 1:colcon.colcon_core.environment:create_file_with_runtime_dependencies(/home/shashank/Workspaces/ros2_py_ws/install/udemy_ros2_pkg/share/colcon-core/packages/udemy_ros2_pkg)
[5.004s] Level 1:colcon.colcon_core.environment:create_environment_scripts_only(udemy_ros2_pkg)
[5.008s] Level 1:colcon.colcon_core.environment:checking '/home/shashank/Workspaces/ros2_py_ws/install/udemy_ros2_pkg' for CMake module files
[5.009s] Level 1:colcon.colcon_core.environment:checking '/home/shashank/Workspaces/ros2_py_ws/install/udemy_ros2_pkg' for CMake config files
[5.018s] Level 1:colcon.colcon_core.shell:create_environment_hook('udemy_ros2_pkg', 'cmake_prefix_path')
[5.022s] INFO:colcon.colcon_core.shell:Creating environment hook '/home/shashank/Workspaces/ros2_py_ws/install/udemy_ros2_pkg/share/udemy_ros2_pkg/hook/cmake_prefix_path.ps1'
[5.024s] INFO:colcon.colcon_core.shell:Creating environment descriptor '/home/shashank/Workspaces/ros2_py_ws/install/udemy_ros2_pkg/share/udemy_ros2_pkg/hook/cmake_prefix_path.dsv'
[5.029s] INFO:colcon.colcon_core.shell:Creating environment hook '/home/shashank/Workspaces/ros2_py_ws/install/udemy_ros2_pkg/share/udemy_ros2_pkg/hook/cmake_prefix_path.sh'
[5.032s] Level 1:colcon.colcon_core.environment:checking '/home/shashank/Workspaces/ros2_py_ws/install/udemy_ros2_pkg/lib'
[5.032s] Level 1:colcon.colcon_core.shell:create_environment_hook('udemy_ros2_pkg', 'ld_library_path_lib')
[5.039s] INFO:colcon.colcon_core.shell:Creating environment hook '/home/shashank/Workspaces/ros2_py_ws/install/udemy_ros2_pkg/share/udemy_ros2_pkg/hook/ld_library_path_lib.ps1'
[5.041s] INFO:colcon.colcon_core.shell:Creating environment descriptor '/home/shashank/Workspaces/ros2_py_ws/install/udemy_ros2_pkg/share/udemy_ros2_pkg/hook/ld_library_path_lib.dsv'
[5.043s] INFO:colcon.colcon_core.shell:Creating environment hook '/home/shashank/Workspaces/ros2_py_ws/install/udemy_ros2_pkg/share/udemy_ros2_pkg/hook/ld_library_path_lib.sh'
[5.045s] Level 1:colcon.colcon_core.environment:checking '/home/shashank/Workspaces/ros2_py_ws/install/udemy_ros2_pkg/bin'
[5.045s] Level 1:colcon.colcon_core.environment:checking '/home/shashank/Workspaces/ros2_py_ws/install/udemy_ros2_pkg/lib/pkgconfig/udemy_ros2_pkg.pc'
[5.046s] Level 1:colcon.colcon_core.environment:checking '/home/shashank/Workspaces/ros2_py_ws/install/udemy_ros2_pkg/lib/python3.10/site-packages'
[5.047s] Level 1:colcon.colcon_core.environment:checking '/home/shashank/Workspaces/ros2_py_ws/install/udemy_ros2_pkg/bin'
[5.057s] INFO:colcon.colcon_core.shell:Creating package script '/home/shashank/Workspaces/ros2_py_ws/install/udemy_ros2_pkg/share/udemy_ros2_pkg/package.ps1'
[5.063s] INFO:colcon.colcon_core.shell:Creating package descriptor '/home/shashank/Workspaces/ros2_py_ws/install/udemy_ros2_pkg/share/udemy_ros2_pkg/package.dsv'
[5.065s] INFO:colcon.colcon_core.shell:Creating package script '/home/shashank/Workspaces/ros2_py_ws/install/udemy_ros2_pkg/share/udemy_ros2_pkg/package.sh'
[5.066s] INFO:colcon.colcon_core.shell:Creating package script '/home/shashank/Workspaces/ros2_py_ws/install/udemy_ros2_pkg/share/udemy_ros2_pkg/package.bash'
[5.068s] INFO:colcon.colcon_core.shell:Creating package script '/home/shashank/Workspaces/ros2_py_ws/install/udemy_ros2_pkg/share/udemy_ros2_pkg/package.zsh'
[5.069s] Level 1:colcon.colcon_core.environment:create_file_with_runtime_dependencies(/home/shashank/Workspaces/ros2_py_ws/install/udemy_ros2_pkg/share/colcon-core/packages/udemy_ros2_pkg)
[5.070s] DEBUG:colcon.colcon_parallel_executor.executor.parallel:closing loop
[5.073s] DEBUG:colcon.colcon_parallel_executor.executor.parallel:loop closed
[5.073s] DEBUG:colcon.colcon_parallel_executor.executor.parallel:run_until_complete finished with '0'
[5.074s] DEBUG:colcon.colcon_core.event_reactor:joining thread
[5.088s] INFO:colcon.colcon_core.plugin_system:Skipping extension 'colcon_notification.desktop_notification.terminal_notifier': Not used on non-Darwin systems
[5.095s] INFO:colcon.colcon_core.plugin_system:Skipping extension 'colcon_notification.desktop_notification.win32': Not used on non-Windows systems
[5.095s] INFO:colcon.colcon_notification.desktop_notification:Sending desktop notification using 'notify2'
[5.138s] DEBUG:colcon.colcon_core.event_reactor:joined thread
[5.143s] INFO:colcon.colcon_core.shell:Creating prefix script '/home/shashank/Workspaces/ros2_py_ws/install/local_setup.ps1'
[5.146s] INFO:colcon.colcon_core.shell:Creating prefix util module '/home/shashank/Workspaces/ros2_py_ws/install/_local_setup_util_ps1.py'
[5.156s] INFO:colcon.colcon_core.shell:Creating prefix chain script '/home/shashank/Workspaces/ros2_py_ws/install/setup.ps1'
[5.169s] INFO:colcon.colcon_core.shell:Creating prefix script '/home/shashank/Workspaces/ros2_py_ws/install/local_setup.sh'
[5.170s] INFO:colcon.colcon_core.shell:Creating prefix util module '/home/shashank/Workspaces/ros2_py_ws/install/_local_setup_util_sh.py'
[5.172s] INFO:colcon.colcon_core.shell:Creating prefix chain script '/home/shashank/Workspaces/ros2_py_ws/install/setup.sh'
[5.181s] INFO:colcon.colcon_core.shell:Creating prefix script '/home/shashank/Workspaces/ros2_py_ws/install/local_setup.bash'
[5.190s] INFO:colcon.colcon_core.shell:Creating prefix chain script '/home/shashank/Workspaces/ros2_py_ws/install/setup.bash'
[5.193s] INFO:colcon.colcon_core.shell:Creating prefix script '/home/shashank/Workspaces/ros2_py_ws/install/local_setup.zsh'
[5.194s] INFO:colcon.colcon_core.shell:Creating prefix chain script '/home/shashank/Workspaces/ros2_py_ws/install/setup.zsh'
